<?xml version="1.0" encoding="UTF-8"?>
<testsuite xmlns:xsi="http://www.w3.org/2001/XMLSchema-instance" xsi:noNamespaceSchemaLocation="https://maven.apache.org/surefire/maven-surefire-plugin/xsd/surefire-test-report-3.0.xsd" version="3.0" name="TestSuite" time="117.44" tests="2" errors="0" skipped="0" failures="0">
  <properties>
    <property name="sun.desktop" value="windows"/>
    <property name="awt.toolkit" value="sun.awt.windows.WToolkit"/>
    <property name="file.encoding.pkg" value="sun.io"/>
    <property name="java.specification.version" value="1.8"/>
    <property name="sun.cpu.isalist" value="amd64"/>
    <property name="sun.jnu.encoding" value="Cp1252"/>
    <property name="java.class.path" value="C:\Users\SARAVANAN R\Mobile\E2EUSTGLOBAL\target\test-classes;C:\Users\SARAVANAN R\Mobile\E2EUSTGLOBAL\target\classes;C:\Users\SARAVANAN R\.m2\repository\org\testng\testng\7.1.0\testng-7.1.0.jar;C:\Users\SARAVANAN R\.m2\repository\com\beust\jcommander\1.72\jcommander-1.72.jar;C:\Users\SARAVANAN R\.m2\repository\com\google\inject\guice\4.1.0\guice-4.1.0-no_aop.jar;C:\Users\SARAVANAN R\.m2\repository\javax\inject\javax.inject\1\javax.inject-1.jar;C:\Users\SARAVANAN R\.m2\repository\aopalliance\aopalliance\1.0\aopalliance-1.0.jar;C:\Users\SARAVANAN R\.m2\repository\org\yaml\snakeyaml\1.21\snakeyaml-1.21.jar;C:\Users\SARAVANAN R\.m2\repository\org\seleniumhq\selenium\selenium-server\3.141.59\selenium-server-3.141.59.jar;C:\Users\SARAVANAN R\.m2\repository\org\seleniumhq\selenium\selenium-java\3.141.59\selenium-java-3.141.59.jar;C:\Users\SARAVANAN R\.m2\repository\org\seleniumhq\selenium\selenium-api\3.141.59\selenium-api-3.141.59.jar;C:\Users\SARAVANAN R\.m2\repository\org\seleniumhq\selenium\selenium-chrome-driver\3.141.59\selenium-chrome-driver-3.141.59.jar;C:\Users\SARAVANAN R\.m2\repository\org\seleniumhq\selenium\selenium-edge-driver\3.141.59\selenium-edge-driver-3.141.59.jar;C:\Users\SARAVANAN R\.m2\repository\org\seleniumhq\selenium\selenium-firefox-driver\3.141.59\selenium-firefox-driver-3.141.59.jar;C:\Users\SARAVANAN R\.m2\repository\org\seleniumhq\selenium\selenium-ie-driver\3.141.59\selenium-ie-driver-3.141.59.jar;C:\Users\SARAVANAN R\.m2\repository\org\seleniumhq\selenium\selenium-opera-driver\3.141.59\selenium-opera-driver-3.141.59.jar;C:\Users\SARAVANAN R\.m2\repository\org\seleniumhq\selenium\selenium-remote-driver\3.141.59\selenium-remote-driver-3.141.59.jar;C:\Users\SARAVANAN R\.m2\repository\org\seleniumhq\selenium\selenium-safari-driver\3.141.59\selenium-safari-driver-3.141.59.jar;C:\Users\SARAVANAN R\.m2\repository\org\seleniumhq\selenium\selenium-support\3.141.59\selenium-support-3.141.59.jar;C:\Users\SARAVANAN R\.m2\repository\net\bytebuddy\byte-buddy\1.8.15\byte-buddy-1.8.15.jar;C:\Users\SARAVANAN R\.m2\repository\org\apache\commons\commons-exec\1.3\commons-exec-1.3.jar;C:\Users\SARAVANAN R\.m2\repository\com\google\guava\guava\25.0-jre\guava-25.0-jre.jar;C:\Users\SARAVANAN R\.m2\repository\com\google\code\findbugs\jsr305\1.3.9\jsr305-1.3.9.jar;C:\Users\SARAVANAN R\.m2\repository\org\checkerframework\checker-compat-qual\2.0.0\checker-compat-qual-2.0.0.jar;C:\Users\SARAVANAN R\.m2\repository\com\google\errorprone\error_prone_annotations\2.1.3\error_prone_annotations-2.1.3.jar;C:\Users\SARAVANAN R\.m2\repository\com\google\j2objc\j2objc-annotations\1.1\j2objc-annotations-1.1.jar;C:\Users\SARAVANAN R\.m2\repository\org\codehaus\mojo\animal-sniffer-annotations\1.14\animal-sniffer-annotations-1.14.jar;C:\Users\SARAVANAN R\.m2\repository\net\jcip\jcip-annotations\1.0\jcip-annotations-1.0.jar;C:\Users\SARAVANAN R\.m2\repository\org\seleniumhq\selenium\jetty-repacked\9.4.12.v20180830\jetty-repacked-9.4.12.v20180830.jar;C:\Users\SARAVANAN R\.m2\repository\com\squareup\okhttp3\okhttp\3.11.0\okhttp-3.11.0.jar;C:\Users\SARAVANAN R\.m2\repository\com\squareup\okio\okio\1.14.0\okio-1.14.0.jar;C:\Users\SARAVANAN R\.m2\repository\javax\servlet\javax.servlet-api\3.1.0\javax.servlet-api-3.1.0.jar;C:\Users\SARAVANAN R\.m2\repository\io\appium\java-client\7.3.0\java-client-7.3.0.jar;C:\Users\SARAVANAN R\.m2\repository\com\google\code\gson\gson\2.8.5\gson-2.8.5.jar;C:\Users\SARAVANAN R\.m2\repository\org\apache\httpcomponents\httpclient\4.5.9\httpclient-4.5.9.jar;C:\Users\SARAVANAN R\.m2\repository\org\apache\httpcomponents\httpcore\4.4.11\httpcore-4.4.11.jar;C:\Users\SARAVANAN R\.m2\repository\commons-codec\commons-codec\1.11\commons-codec-1.11.jar;C:\Users\SARAVANAN R\.m2\repository\cglib\cglib\3.2.12\cglib-3.2.12.jar;C:\Users\SARAVANAN R\.m2\repository\org\ow2\asm\asm\7.1\asm-7.1.jar;C:\Users\SARAVANAN R\.m2\repository\org\springframework\spring-context\5.1.8.RELEASE\spring-context-5.1.8.RELEASE.jar;C:\Users\SARAVANAN R\.m2\repository\org\springframework\spring-aop\5.1.8.RELEASE\spring-aop-5.1.8.RELEASE.jar;C:\Users\SARAVANAN R\.m2\repository\org\springframework\spring-beans\5.1.8.RELEASE\spring-beans-5.1.8.RELEASE.jar;C:\Users\SARAVANAN R\.m2\repository\org\springframework\spring-core\5.1.8.RELEASE\spring-core-5.1.8.RELEASE.jar;C:\Users\SARAVANAN R\.m2\repository\org\springframework\spring-jcl\5.1.8.RELEASE\spring-jcl-5.1.8.RELEASE.jar;C:\Users\SARAVANAN R\.m2\repository\org\springframework\spring-expression\5.1.8.RELEASE\spring-expression-5.1.8.RELEASE.jar;C:\Users\SARAVANAN R\.m2\repository\org\aspectj\aspectjweaver\1.9.4\aspectjweaver-1.9.4.jar;C:\Users\SARAVANAN R\.m2\repository\org\slf4j\slf4j-simple\1.7.30\slf4j-simple-1.7.30.jar;C:\Users\SARAVANAN R\.m2\repository\org\slf4j\slf4j-api\1.7.30\slf4j-api-1.7.30.jar;C:\Users\SARAVANAN R\.m2\repository\org\apache\commons\commons-lang3\3.11\commons-lang3-3.11.jar;C:\Users\SARAVANAN R\.m2\repository\commons-io\commons-io\2.7\commons-io-2.7.jar;C:\Users\SARAVANAN R\.m2\repository\commons-validator\commons-validator\1.6\commons-validator-1.6.jar;C:\Users\SARAVANAN R\.m2\repository\commons-beanutils\commons-beanutils\1.9.2\commons-beanutils-1.9.2.jar;C:\Users\SARAVANAN R\.m2\repository\commons-digester\commons-digester\1.8.1\commons-digester-1.8.1.jar;C:\Users\SARAVANAN R\.m2\repository\commons-logging\commons-logging\1.2\commons-logging-1.2.jar;C:\Users\SARAVANAN R\.m2\repository\commons-collections\commons-collections\3.2.2\commons-collections-3.2.2.jar;C:\Users\SARAVANAN R\.m2\repository\com\aventstack\extentreports\4.0.0\extentreports-4.0.0.jar;C:\Users\SARAVANAN R\.m2\repository\org\freemarker\freemarker\2.3.23\freemarker-2.3.23.jar;C:\Users\SARAVANAN R\.m2\repository\org\mongodb\mongodb-driver\3.3.0\mongodb-driver-3.3.0.jar;C:\Users\SARAVANAN R\.m2\repository\org\mongodb\mongodb-driver-core\3.3.0\mongodb-driver-core-3.3.0.jar;C:\Users\SARAVANAN R\.m2\repository\org\mongodb\bson\3.3.0\bson-3.3.0.jar;C:\Users\SARAVANAN R\.m2\repository\org\apache\httpcomponents\httpmime\4.5.2\httpmime-4.5.2.jar;"/>
    <property name="java.vm.vendor" value="Oracle Corporation"/>
    <property name="sun.arch.data.model" value="64"/>
    <property name="user.variant" value=""/>
    <property name="java.vendor.url" value="http://java.oracle.com/"/>
    <property name="user.timezone" value="Asia/Calcutta"/>
    <property name="java.vm.specification.version" value="1.8"/>
    <property name="os.name" value="Windows 10"/>
    <property name="user.country" value="IN"/>
    <property name="sun.java.launcher" value="SUN_STANDARD"/>
    <property name="sun.boot.library.path" value="C:\Program Files\Java\jdk1.8.0_212\jre\bin"/>
    <property name="sun.java.command" value="C:\Users\SARAVANAN R\AppData\Local\Temp\surefire809647921672513325\surefirebooter4037575646271870316.jar C:\Users\SARAVANAN R\AppData\Local\Temp\surefire809647921672513325 2020-08-02T21-48-03_269-jvmRun1 surefire5551725209613830986tmp surefire_08612589402847810614tmp"/>
    <property name="surefire.test.class.path" value="C:\Users\SARAVANAN R\Mobile\E2EUSTGLOBAL\target\test-classes;C:\Users\SARAVANAN R\Mobile\E2EUSTGLOBAL\target\classes;C:\Users\SARAVANAN R\.m2\repository\org\testng\testng\7.1.0\testng-7.1.0.jar;C:\Users\SARAVANAN R\.m2\repository\com\beust\jcommander\1.72\jcommander-1.72.jar;C:\Users\SARAVANAN R\.m2\repository\com\google\inject\guice\4.1.0\guice-4.1.0-no_aop.jar;C:\Users\SARAVANAN R\.m2\repository\javax\inject\javax.inject\1\javax.inject-1.jar;C:\Users\SARAVANAN R\.m2\repository\aopalliance\aopalliance\1.0\aopalliance-1.0.jar;C:\Users\SARAVANAN R\.m2\repository\org\yaml\snakeyaml\1.21\snakeyaml-1.21.jar;C:\Users\SARAVANAN R\.m2\repository\org\seleniumhq\selenium\selenium-server\3.141.59\selenium-server-3.141.59.jar;C:\Users\SARAVANAN R\.m2\repository\org\seleniumhq\selenium\selenium-java\3.141.59\selenium-java-3.141.59.jar;C:\Users\SARAVANAN R\.m2\repository\org\seleniumhq\selenium\selenium-api\3.141.59\selenium-api-3.141.59.jar;C:\Users\SARAVANAN R\.m2\repository\org\seleniumhq\selenium\selenium-chrome-driver\3.141.59\selenium-chrome-driver-3.141.59.jar;C:\Users\SARAVANAN R\.m2\repository\org\seleniumhq\selenium\selenium-edge-driver\3.141.59\selenium-edge-driver-3.141.59.jar;C:\Users\SARAVANAN R\.m2\repository\org\seleniumhq\selenium\selenium-firefox-driver\3.141.59\selenium-firefox-driver-3.141.59.jar;C:\Users\SARAVANAN R\.m2\repository\org\seleniumhq\selenium\selenium-ie-driver\3.141.59\selenium-ie-driver-3.141.59.jar;C:\Users\SARAVANAN R\.m2\repository\org\seleniumhq\selenium\selenium-opera-driver\3.141.59\selenium-opera-driver-3.141.59.jar;C:\Users\SARAVANAN R\.m2\repository\org\seleniumhq\selenium\selenium-remote-driver\3.141.59\selenium-remote-driver-3.141.59.jar;C:\Users\SARAVANAN R\.m2\repository\org\seleniumhq\selenium\selenium-safari-driver\3.141.59\selenium-safari-driver-3.141.59.jar;C:\Users\SARAVANAN R\.m2\repository\org\seleniumhq\selenium\selenium-support\3.141.59\selenium-support-3.141.59.jar;C:\Users\SARAVANAN R\.m2\repository\net\bytebuddy\byte-buddy\1.8.15\byte-buddy-1.8.15.jar;C:\Users\SARAVANAN R\.m2\repository\org\apache\commons\commons-exec\1.3\commons-exec-1.3.jar;C:\Users\SARAVANAN R\.m2\repository\com\google\guava\guava\25.0-jre\guava-25.0-jre.jar;C:\Users\SARAVANAN R\.m2\repository\com\google\code\findbugs\jsr305\1.3.9\jsr305-1.3.9.jar;C:\Users\SARAVANAN R\.m2\repository\org\checkerframework\checker-compat-qual\2.0.0\checker-compat-qual-2.0.0.jar;C:\Users\SARAVANAN R\.m2\repository\com\google\errorprone\error_prone_annotations\2.1.3\error_prone_annotations-2.1.3.jar;C:\Users\SARAVANAN R\.m2\repository\com\google\j2objc\j2objc-annotations\1.1\j2objc-annotations-1.1.jar;C:\Users\SARAVANAN R\.m2\repository\org\codehaus\mojo\animal-sniffer-annotations\1.14\animal-sniffer-annotations-1.14.jar;C:\Users\SARAVANAN R\.m2\repository\net\jcip\jcip-annotations\1.0\jcip-annotations-1.0.jar;C:\Users\SARAVANAN R\.m2\repository\org\seleniumhq\selenium\jetty-repacked\9.4.12.v20180830\jetty-repacked-9.4.12.v20180830.jar;C:\Users\SARAVANAN R\.m2\repository\com\squareup\okhttp3\okhttp\3.11.0\okhttp-3.11.0.jar;C:\Users\SARAVANAN R\.m2\repository\com\squareup\okio\okio\1.14.0\okio-1.14.0.jar;C:\Users\SARAVANAN R\.m2\repository\javax\servlet\javax.servlet-api\3.1.0\javax.servlet-api-3.1.0.jar;C:\Users\SARAVANAN R\.m2\repository\io\appium\java-client\7.3.0\java-client-7.3.0.jar;C:\Users\SARAVANAN R\.m2\repository\com\google\code\gson\gson\2.8.5\gson-2.8.5.jar;C:\Users\SARAVANAN R\.m2\repository\org\apache\httpcomponents\httpclient\4.5.9\httpclient-4.5.9.jar;C:\Users\SARAVANAN R\.m2\repository\org\apache\httpcomponents\httpcore\4.4.11\httpcore-4.4.11.jar;C:\Users\SARAVANAN R\.m2\repository\commons-codec\commons-codec\1.11\commons-codec-1.11.jar;C:\Users\SARAVANAN R\.m2\repository\cglib\cglib\3.2.12\cglib-3.2.12.jar;C:\Users\SARAVANAN R\.m2\repository\org\ow2\asm\asm\7.1\asm-7.1.jar;C:\Users\SARAVANAN R\.m2\repository\org\springframework\spring-context\5.1.8.RELEASE\spring-context-5.1.8.RELEASE.jar;C:\Users\SARAVANAN R\.m2\repository\org\springframework\spring-aop\5.1.8.RELEASE\spring-aop-5.1.8.RELEASE.jar;C:\Users\SARAVANAN R\.m2\repository\org\springframework\spring-beans\5.1.8.RELEASE\spring-beans-5.1.8.RELEASE.jar;C:\Users\SARAVANAN R\.m2\repository\org\springframework\spring-core\5.1.8.RELEASE\spring-core-5.1.8.RELEASE.jar;C:\Users\SARAVANAN R\.m2\repository\org\springframework\spring-jcl\5.1.8.RELEASE\spring-jcl-5.1.8.RELEASE.jar;C:\Users\SARAVANAN R\.m2\repository\org\springframework\spring-expression\5.1.8.RELEASE\spring-expression-5.1.8.RELEASE.jar;C:\Users\SARAVANAN R\.m2\repository\org\aspectj\aspectjweaver\1.9.4\aspectjweaver-1.9.4.jar;C:\Users\SARAVANAN R\.m2\repository\org\slf4j\slf4j-simple\1.7.30\slf4j-simple-1.7.30.jar;C:\Users\SARAVANAN R\.m2\repository\org\slf4j\slf4j-api\1.7.30\slf4j-api-1.7.30.jar;C:\Users\SARAVANAN R\.m2\repository\org\apache\commons\commons-lang3\3.11\commons-lang3-3.11.jar;C:\Users\SARAVANAN R\.m2\repository\commons-io\commons-io\2.7\commons-io-2.7.jar;C:\Users\SARAVANAN R\.m2\repository\commons-validator\commons-validator\1.6\commons-validator-1.6.jar;C:\Users\SARAVANAN R\.m2\repository\commons-beanutils\commons-beanutils\1.9.2\commons-beanutils-1.9.2.jar;C:\Users\SARAVANAN R\.m2\repository\commons-digester\commons-digester\1.8.1\commons-digester-1.8.1.jar;C:\Users\SARAVANAN R\.m2\repository\commons-logging\commons-logging\1.2\commons-logging-1.2.jar;C:\Users\SARAVANAN R\.m2\repository\commons-collections\commons-collections\3.2.2\commons-collections-3.2.2.jar;C:\Users\SARAVANAN R\.m2\repository\com\aventstack\extentreports\4.0.0\extentreports-4.0.0.jar;C:\Users\SARAVANAN R\.m2\repository\org\freemarker\freemarker\2.3.23\freemarker-2.3.23.jar;C:\Users\SARAVANAN R\.m2\repository\org\mongodb\mongodb-driver\3.3.0\mongodb-driver-3.3.0.jar;C:\Users\SARAVANAN R\.m2\repository\org\mongodb\mongodb-driver-core\3.3.0\mongodb-driver-core-3.3.0.jar;C:\Users\SARAVANAN R\.m2\repository\org\mongodb\bson\3.3.0\bson-3.3.0.jar;C:\Users\SARAVANAN R\.m2\repository\org\apache\httpcomponents\httpmime\4.5.2\httpmime-4.5.2.jar;"/>
    <property name="eName" value="SharonEmulator"/>
    <property name="sun.cpu.endian" value="little"/>
    <property name="user.home" value="C:\Users\SARAVANAN R"/>
    <property name="user.language" value="en"/>
    <property name="java.specification.vendor" value="Oracle Corporation"/>
    <property name="java.home" value="C:\Program Files\Java\jdk1.8.0_212\jre"/>
    <property name="basedir" value="C:\Users\SARAVANAN R\Mobile\E2EUSTGLOBAL"/>
    <property name="file.separator" value="\"/>
    <property name="line.separator" value="&#10;"/>
    <property name="java.vm.specification.vendor" value="Oracle Corporation"/>
    <property name="java.specification.name" value="Java Platform API Specification"/>
    <property name="java.awt.graphicsenv" value="sun.awt.Win32GraphicsEnvironment"/>
    <property name="eDriver" value="http://127.0.0.1:4723/wd/hub"/>
    <property name="surefire.real.class.path" value="C:\Users\SARAVANAN R\AppData\Local\Temp\surefire809647921672513325\surefirebooter4037575646271870316.jar"/>
    <property name="sun.boot.class.path" value="C:\Program Files\Java\jdk1.8.0_212\jre\lib\resources.jar;C:\Program Files\Java\jdk1.8.0_212\jre\lib\rt.jar;C:\Program Files\Java\jdk1.8.0_212\jre\lib\sunrsasign.jar;C:\Program Files\Java\jdk1.8.0_212\jre\lib\jsse.jar;C:\Program Files\Java\jdk1.8.0_212\jre\lib\jce.jar;C:\Program Files\Java\jdk1.8.0_212\jre\lib\charsets.jar;C:\Program Files\Java\jdk1.8.0_212\jre\lib\jfr.jar;C:\Program Files\Java\jdk1.8.0_212\jre\classes"/>
    <property name="user.script" value=""/>
    <property name="sun.management.compiler" value="HotSpot 64-Bit Tiered Compilers"/>
    <property name="java.runtime.version" value="1.8.0_212-b10"/>
    <property name="user.name" value="SARAVANANR"/>
    <property name="path.separator" value=";"/>
    <property name="os.version" value="10.0"/>
    <property name="java.endorsed.dirs" value="C:\Program Files\Java\jdk1.8.0_212\jre\lib\endorsed"/>
    <property name="java.runtime.name" value="Java(TM) SE Runtime Environment"/>
    <property name="file.encoding" value="Cp1252"/>
    <property name="java.vm.name" value="Java HotSpot(TM) 64-Bit Server VM"/>
    <property name="localRepository" value="C:\Users\SARAVANAN R\.m2\repository"/>
    <property name="java.vendor.url.bug" value="http://bugreport.sun.com/bugreport/"/>
    <property name="java.io.tmpdir" value="C:\Users\SARAVA~1\AppData\Local\Temp\"/>
    <property name="java.version" value="1.8.0_212"/>
    <property name="user.dir" value="C:\Users\SARAVANAN R\Mobile\E2EUSTGLOBAL"/>
    <property name="os.arch" value="amd64"/>
    <property name="java.vm.specification.name" value="Java Virtual Machine Specification"/>
    <property name="java.awt.printerjob" value="sun.awt.windows.WPrinterJob"/>
    <property name="sun.os.patch.level" value=""/>
    <property name="java.library.path" value="C:\Program Files\Java\jdk1.8.0_212\jre\bin;C:\WINDOWS\Sun\Java\bin;C:\WINDOWS\system32;C:\WINDOWS;C:\Maven\apache-maven-3.6.3/bin;C:\Program Files\Java\jdk1.8.0_212/bin;C:\Program Files\Java\jdk1.8.0_212/bin;C:\Program Files (x86)\HP\NV\lib\shunra\vcat;C:\oraclexe\app\oracle\product\11.2.0\server\bin;C:\Program Files (x86)\Common Files\Oracle\Java\javapath;C:\windows\system32;C:\windows;C:\windows\System32\Wbem;C:\windows\System32\WindowsPowerShell\v1.0\;C:\windows\System32\OpenSSH\;C:\Program Files (x86)\NVIDIA Corporation\PhysX\Common;C:\Program Files\Intel\WiFi\bin\;C:\Program Files\Common Files\Intel\WirelessCommon\;C:\Program Files\Java\jdk1.8.0_212\bin;C:\Program Files\dotnet\;C:\Program Files (x86)\dotnet\;C:\Program Files\nodejs\;C:\WINDOWS\system32;C:\WINDOWS;C:\WINDOWS\System32\Wbem;C:\WINDOWS\System32\WindowsPowerShell\v1.0\;C:\WINDOWS\System32\OpenSSH\;C:\Program Files\Microsoft\Web Platform Installer\;C:\Program Files (x86)\Microsoft ASP.NET\ASP.NET Web Pages\v1.0\;C:\Program Files\Microsoft SQL Server\110\Tools\Binn\;C:\Program Files\MySQL\MySQL Utilities 1.6\;C:\Maven\apache-maven-3.6.3\bin;C:\Program Files (x86)\HP\LoadRunner\strawberry-perl\perl\bin;C:\Program Files (x86)\HP\NV\lib\thirdparty\safenet\LDK\7.0;C:\Program Files (x86)\HP\NV\lib\shunra\snv;C:\Users\SARAVANAN R\AppData\Local\Android\Sdk\tools\bin;C:\Users\SARAVANAN R\AppData\Local\Android\Sdk\tools;C:\Users\SARAVANAN R\AppData\Local\Android\Sdk\platform-tools;C:\Users\SARAVANAN R\AppData\Roaming\npm\node_modules\appium\node_modules\.bin;C:\Program Files\Git\cmd;C:\Users\SARAVANAN R\AppData\Local\Microsoft\WindowsApps;C:\Users\SARAVANAN R\AppData\Roaming\npm;C:\Users\SARAVANAN R\AppData\Local\GitHubDesktop\bin;."/>
    <property name="java.vm.info" value="mixed mode"/>
    <property name="java.vendor" value="Oracle Corporation"/>
    <property name="java.vm.version" value="25.212-b10"/>
    <property name="java.ext.dirs" value="C:\Program Files\Java\jdk1.8.0_212\jre\lib\ext;C:\WINDOWS\Sun\Java\lib\ext"/>
    <property name="sun.io.unicode.encoding" value="UnicodeLittle"/>
    <property name="java.class.version" value="52.0"/>
  </properties>
  <testcase name="TC001" classname="com.youtube.org.E2EUSTGLOBAL.MainTCEcommerce" time="63.143">
    <system-out><![CDATA[All TASK KILLED
&amp#27;[35m[Appium]&amp#27;[39m Welcome to Appium v1.18.0
&amp#27;[35m[Appium]&amp#27;[39m Appium REST http interface listener started on 0.0.0.0:4723
&amp#27;[35m[HTTP]&amp#27;[39m &amp#27;[37m-->&amp#27;[39m &amp#27;[37mGET&amp#27;[39m &amp#27;[37m/wd/hub/status&amp#27;[39m
&amp#27;[35m[HTTP]&amp#27;[39m &amp#27;[90m{}&amp#27;[39m
[debug] &amp#27;[35m[GENERIC]&amp#27;[39m Calling AppiumDriver.getStatus() with args: []
[debug] &amp#27;[35m[GENERIC]&amp#27;[39m Responding to client with driver.getStatus() result: {"build":{"version":"1.18.0"}}
&amp#27;[35m[HTTP]&amp#27;[39m &amp#27;[37m<-- GET /wd/hub/status &amp#27;[39m&amp#27;[32m200&amp#27;[39m &amp#27;[90m10 ms - 68&amp#27;[39m
&amp#27;[35m[HTTP]&amp#27;[39m &amp#27;[90m&amp#27;[39m
&amp#27;[35m[HTTP]&amp#27;[39m &amp#27;[37m-->&amp#27;[39m &amp#27;[37mPOST&amp#27;[39m &amp#27;[37m/wd/hub/session&amp#27;[39m
&amp#27;[35m[HTTP]&amp#27;[39m &amp#27;[90m{"desiredCapabilities":{"appActivity":"com.androidsample.generalstore.SplashActivity","appPackage":"com.androidsample.generalstore","newCommandTimeout":"25","platformName":"Android","MobileCapabilityType.PLATFORM_NAME":"MobilePlatform.ANDROID","deviceName":"SharonEmulator"},"capabilities":{"firstMatch":[{"MobileCapabilityType.PLATFORM_NAME":"MobilePlatform.ANDROID","appium:appActivity":"com.androidsample.generalstore.SplashActivity","appium:appPackage":"com.androidsample.generalstore","appium:deviceName":"SharonEmulator","appium:newCommandTimeout":"25","platformName":"android"}]}}&amp#27;[39m
[debug] &amp#27;[35m[W3C]&amp#27;[39m Calling AppiumDriver.createSession() with args: [{"appActivity":"com.androidsample.generalstore.SplashActivity","appPackage":"com.androidsample.generalstore","newCommandTimeout":"25","platformName":"Android","MobileCapabilityType.PLATFORM_NAME":"MobilePlatform.ANDROID","deviceName":"SharonEmulator"},null,{"firstMatch":[{"MobileCapabilityType.PLATFORM_NAME":"MobilePlatform.ANDROID","appium:appActivity":"com.androidsample.generalstore.SplashActivity","appium:appPackage":"com.androidsample.generalstore","appium:deviceName":"SharonEmulator","appium:newCommandTimeout":"25","platformName":"android"}]}]
[debug] &amp#27;[35m[BaseDriver]&amp#27;[39m Event 'newSessionRequested' logged at 1596385109526 (21:48:29 GMT+0530 (India Standard Time))
&amp#27;[35m[BaseDriver]&amp#27;[39m The following capabilities are not standard capabilities and should have an extension prefix:
&amp#27;[35m[BaseDriver]&amp#27;[39m   MobileCapabilityType.PLATFORM_NAME
&amp#27;[35m[BaseDriver]&amp#27;[39m Number capability passed in as string. Functionality may be compromised.
&amp#27;[35m[Appium]&amp#27;[39m 
&amp#27;[35m[Appium]&amp#27;[39m ======================================================================
&amp#27;[35m[Appium]&amp#27;[39m   DEPRECATION WARNING:
&amp#27;[35m[Appium]&amp#27;[39m 
&amp#27;[35m[Appium]&amp#27;[39m   The 'automationName' capability was not provided in the desired 
&amp#27;[35m[Appium]&amp#27;[39m   capabilities for this Android session
&amp#27;[35m[Appium]&amp#27;[39m 
&amp#27;[35m[Appium]&amp#27;[39m   Setting 'automationName=UiAutomator2' by default and using the 
&amp#27;[35m[Appium]&amp#27;[39m   UiAutomator2 Driver
&amp#27;[35m[Appium]&amp#27;[39m 
&amp#27;[35m[Appium]&amp#27;[39m   The next major version of Appium (2.x) will **require** the 
&amp#27;[35m[Appium]&amp#27;[39m   'automationName' capability to be set for all sessions on all 
&amp#27;[35m[Appium]&amp#27;[39m   platforms
&amp#27;[35m[Appium]&amp#27;[39m 
&amp#27;[35m[Appium]&amp#27;[39m   In previous versions (Appium <= 1.13.x), the default was 
&amp#27;[35m[Appium]&amp#27;[39m   'automationName=UiAutomator1'
&amp#27;[35m[Appium]&amp#27;[39m 
&amp#27;[35m[Appium]&amp#27;[39m   If you wish to use that automation instead of UiAutomator2, please 
&amp#27;[35m[Appium]&amp#27;[39m   add 'automationName=UiAutomator1' to your desired capabilities
&amp#27;[35m[Appium]&amp#27;[39m 
&amp#27;[35m[Appium]&amp#27;[39m   For more information about drivers, please visit 
&amp#27;[35m[Appium]&amp#27;[39m   http://appium.io/docs/en/about-appium/intro/ and explore the 
&amp#27;[35m[Appium]&amp#27;[39m   'Drivers' menu
&amp#27;[35m[Appium]&amp#27;[39m 
&amp#27;[35m[Appium]&amp#27;[39m ======================================================================
&amp#27;[35m[Appium]&amp#27;[39m 
&amp#27;[35m[Appium]&amp#27;[39m Appium v1.18.0 creating new AndroidUiautomator2Driver (v1.56.1) session
[debug] &amp#27;[35m[BaseDriver]&amp#27;[39m W3C capabilities and MJSONWP desired capabilities were provided
[debug] &amp#27;[35m[BaseDriver]&amp#27;[39m Creating session with W3C capabilities: {
[debug] &amp#27;[35m[BaseDriver]&amp#27;[39m   "alwaysMatch": {
[debug] &amp#27;[35m[BaseDriver]&amp#27;[39m     "appium:MobileCapabilityType.PLATFORM_NAME": "MobilePlatform.ANDROID",
[debug] &amp#27;[35m[BaseDriver]&amp#27;[39m     "platformName": "android",
[debug] &amp#27;[35m[BaseDriver]&amp#27;[39m     "appium:appActivity": "com.androidsample.generalstore.SplashActivity",
[debug] &amp#27;[35m[BaseDriver]&amp#27;[39m     "appium:appPackage": "com.androidsample.generalstore",
[debug] &amp#27;[35m[BaseDriver]&amp#27;[39m     "appium:deviceName": "SharonEmulator",
[debug] &amp#27;[35m[BaseDriver]&amp#27;[39m     "appium:newCommandTimeout": "25"
[debug] &amp#27;[35m[BaseDriver]&amp#27;[39m   },
[debug] &amp#27;[35m[BaseDriver]&amp#27;[39m   "firstMatch": [
[debug] &amp#27;[35m[BaseDriver]&amp#27;[39m     {}
[debug] &amp#27;[35m[BaseDriver]&amp#27;[39m   ]
[debug] &amp#27;[35m[BaseDriver]&amp#27;[39m }
&amp#27;[35m[BaseDriver]&amp#27;[39m Number capability passed in as string. Functionality may be compromised.
&amp#27;[35m[BaseDriver]&amp#27;[39m Capability 'newCommandTimeout' changed from string ('25') to integer (25). This may cause unexpected behavior
&amp#27;[35m[BaseDriver]&amp#27;[39m The following capabilities were provided, but are not recognized by Appium:
&amp#27;[35m[BaseDriver]&amp#27;[39m   MobileCapabilityType.PLATFORM_NAME
&amp#27;[35m[BaseDriver]&amp#27;[39m Session created with session id: 76e47a38-5177-4ad2-a65d-7f7144c91572
&amp#27;[35m[UiAutomator2]&amp#27;[39m Starting 'com.androidsample.generalstore' directly on the device
&amp#27;[35m[ADB]&amp#27;[39m Found 5 'build-tools' folders under 'C:\Users\SARAVANAN R\AppData\Local\Android\Sdk' (newest first):
&amp#27;[35m[ADB]&amp#27;[39m     C:/Users/SARAVANAN R/AppData/Local/Android/Sdk/build-tools/30.0.0
&amp#27;[35m[ADB]&amp#27;[39m     C:/Users/SARAVANAN R/AppData/Local/Android/Sdk/build-tools/29.0.3
&amp#27;[35m[ADB]&amp#27;[39m     C:/Users/SARAVANAN R/AppData/Local/Android/Sdk/build-tools/29.0.0
&amp#27;[35m[ADB]&amp#27;[39m     C:/Users/SARAVANAN R/AppData/Local/Android/Sdk/build-tools/28.0.3
&amp#27;[35m[ADB]&amp#27;[39m     C:/Users/SARAVANAN R/AppData/Local/Android/Sdk/build-tools/26.0.2
&amp#27;[35m[ADB]&amp#27;[39m Using 'adb.exe' from 'C:\Users\SARAVANAN R\AppData\Local\Android\Sdk\platform-tools\adb.exe'
[debug] &amp#27;[35m[ADB]&amp#27;[39m Running 'C:\Users\SARAVANAN R\AppData\Local\Android\Sdk\platform-tools\adb.exe -P 5037 start-server'
&amp#27;[35m[AndroidDriver]&amp#27;[39m Retrieving device list
[debug] &amp#27;[35m[ADB]&amp#27;[39m Trying to find a connected android device
[debug] &amp#27;[35m[ADB]&amp#27;[39m Getting connected devices
[debug] &amp#27;[35m[ADB]&amp#27;[39m Connected devices: [{"udid":"emulator-5554","state":"device"}]
&amp#27;[35m[AndroidDriver]&amp#27;[39m Using device: emulator-5554
&amp#27;[35m[ADB]&amp#27;[39m Using 'adb.exe' from 'C:\Users\SARAVANAN R\AppData\Local\Android\Sdk\platform-tools\adb.exe'
[debug] &amp#27;[35m[ADB]&amp#27;[39m Running 'C:\Users\SARAVANAN R\AppData\Local\Android\Sdk\platform-tools\adb.exe -P 5037 start-server'
[debug] &amp#27;[35m[ADB]&amp#27;[39m Setting device id to emulator-5554
[debug] &amp#27;[35m[ADB]&amp#27;[39m Running 'C:\Users\SARAVANAN R\AppData\Local\Android\Sdk\platform-tools\adb.exe -P 5037 -s emulator-5554 shell getprop ro.build.version.sdk'
[debug] &amp#27;[35m[ADB]&amp#27;[39m Current device property 'ro.build.version.sdk': 28
&amp#27;[35m[ADB]&amp#27;[39m Getting device platform version
[debug] &amp#27;[35m[ADB]&amp#27;[39m Running 'C:\Users\SARAVANAN R\AppData\Local\Android\Sdk\platform-tools\adb.exe -P 5037 -s emulator-5554 shell getprop ro.build.version.release'
[debug] &amp#27;[35m[ADB]&amp#27;[39m Current device property 'ro.build.version.release': 9
[debug] &amp#27;[35m[ADB]&amp#27;[39m Device API level: 28
&amp#27;[35m[UiAutomator2]&amp#27;[39m Relaxing hidden api policy
[debug] &amp#27;[35m[ADB]&amp#27;[39m Running 'C:\Users\SARAVANAN R\AppData\Local\Android\Sdk\platform-tools\adb.exe -P 5037 -s emulator-5554 shell 'settings put global hidden_api_policy_pre_p_apps 1;settings put global hidden_api_policy_p_apps 1;settings put global hidden_api_policy 1''
&amp#27;[35m[AndroidDriver]&amp#27;[39m No app sent in, not parsing package/activity
[debug] &amp#27;[35m[ADB]&amp#27;[39m Running 'C:\Users\SARAVANAN R\AppData\Local\Android\Sdk\platform-tools\adb.exe -P 5037 -s emulator-5554 wait-for-device'
[debug] &amp#27;[35m[ADB]&amp#27;[39m Running 'C:\Users\SARAVANAN R\AppData\Local\Android\Sdk\platform-tools\adb.exe -P 5037 -s emulator-5554 shell echo ping'
[debug] &amp#27;[35m[AndroidDriver]&amp#27;[39m Pushing settings apk to device...
[debug] &amp#27;[35m[ADB]&amp#27;[39m Getting install status for io.appium.settings
[debug] &amp#27;[35m[ADB]&amp#27;[39m Running 'C:\Users\SARAVANAN R\AppData\Local\Android\Sdk\platform-tools\adb.exe -P 5037 -s emulator-5554 shell dumpsys package io.appium.settings'
[debug] &amp#27;[35m[ADB]&amp#27;[39m 'io.appium.settings' is installed
[debug] &amp#27;[35m[ADB]&amp#27;[39m Getting package info for 'io.appium.settings'
[debug] &amp#27;[35m[ADB]&amp#27;[39m Running 'C:\Users\SARAVANAN R\AppData\Local\Android\Sdk\platform-tools\adb.exe -P 5037 -s emulator-5554 shell dumpsys package io.appium.settings'
[debug] &amp#27;[35m[ADB]&amp#27;[39m The version name of the installed 'io.appium.settings' is greater or equal to the application version name ('3.2.0' >= '3.2.0')
[debug] &amp#27;[35m[ADB]&amp#27;[39m There is no need to install/upgrade 'C:\Users\SARAVANAN R\AppData\Roaming\npm\node_modules\appium\node_modules\io.appium.settings\apks\settings_apk-debug.apk'
[debug] &amp#27;[35m[ADB]&amp#27;[39m Getting IDs of all 'io.appium.settings' processes
[debug] &amp#27;[35m[ADB]&amp#27;[39m Running 'C:\Users\SARAVANAN R\AppData\Local\Android\Sdk\platform-tools\adb.exe -P 5037 -s emulator-5554 shell 'pgrep --help; echo $?''
[debug] &amp#27;[35m[ADB]&amp#27;[39m Running 'C:\Users\SARAVANAN R\AppData\Local\Android\Sdk\platform-tools\adb.exe -P 5037 -s emulator-5554 shell pgrep -f io\\.appium\\.settings'
[debug] &amp#27;[35m[AndroidDriver]&amp#27;[39m io.appium.settings is already running. There is no need to reset its permissions.
[debug] &amp#27;[35m[Logcat]&amp#27;[39m Starting logs capture with command: 'C:\\Users\\SARAVANAN R\\AppData\\Local\\Android\\Sdk\\platform-tools\\adb.exe' -P 5037 -s emulator-5554 logcat -v threadtime
[debug] &amp#27;[35m[UiAutomator2]&amp#27;[39m Forwarding UiAutomator2 Server port 6790 to 8214
[debug] &amp#27;[35m[ADB]&amp#27;[39m Forwarding system: 8214 to device: 6790
[debug] &amp#27;[35m[ADB]&amp#27;[39m Running 'C:\Users\SARAVANAN R\AppData\Local\Android\Sdk\platform-tools\adb.exe -P 5037 -s emulator-5554 forward tcp\:8214 tcp\:6790'
[debug] &amp#27;[35m[ADB]&amp#27;[39m Getting install status for io.appium.uiautomator2.server
[debug] &amp#27;[35m[ADB]&amp#27;[39m Running 'C:\Users\SARAVANAN R\AppData\Local\Android\Sdk\platform-tools\adb.exe -P 5037 -s emulator-5554 shell dumpsys package io.appium.uiautomator2.server'
[debug] &amp#27;[35m[ADB]&amp#27;[39m 'io.appium.uiautomator2.server' is installed
[debug] &amp#27;[35m[ADB]&amp#27;[39m Getting package info for 'io.appium.uiautomator2.server'
[debug] &amp#27;[35m[ADB]&amp#27;[39m Running 'C:\Users\SARAVANAN R\AppData\Local\Android\Sdk\platform-tools\adb.exe -P 5037 -s emulator-5554 shell dumpsys package io.appium.uiautomator2.server'
[debug] &amp#27;[35m[ADB]&amp#27;[39m The version name of the installed 'io.appium.uiautomator2.server' is greater or equal to the application version name ('4.11.0' >= '4.11.0')
[debug] &amp#27;[35m[UiAutomator2]&amp#27;[39m io.appium.uiautomator2.server installation state: sameVersionInstalled
[debug] &amp#27;[35m[ADB]&amp#27;[39m Checking app cert for C:\Users\SARAVANAN R\AppData\Roaming\npm\node_modules\appium\node_modules\appium-uiautomator2-server\apks\appium-uiautomator2-server-v4.11.0.apk
&amp#27;[35m[ADB]&amp#27;[39m Using 'apksigner.jar' from 'C:\Users\SARAVANAN R\AppData\Local\Android\Sdk\build-tools\30.0.0\lib\apksigner.jar'
[debug] &amp#27;[35m[ADB]&amp#27;[39m Starting apksigner: 'C:\\Program Files\\Java\\jdk1.8.0_212\\bin\\java.exe' -Xmx1024M -Xss1m -jar 'C:\\Users\\SARAVANAN R\\AppData\\Local\\Android\\Sdk\\build-tools\\30.0.0\\lib\\apksigner.jar' verify --print-certs 'C:\\Users\\SARAVANAN R\\AppData\\Roaming\\npm\\node_modules\\appium\\node_modules\\appium-uiautomator2-server\\apks\\appium-uiautomator2-server-v4.11.0.apk'
&amp#27;[35m[ADB]&amp#27;[39m Cannot use apksigner tool for signature verification. Original error: Command ''C:\\Program Files\\Java\\jdk1.8.0_212\\bin\\java.exe' -Xmx1024M -Xss1m -jar 'C:\\Users\\SARAVANAN R\\AppData\\Local\\Android\\Sdk\\build-tools\\30.0.0\\lib\\apksigner.jar' verify --print-certs 'C:\\Users\\SARAVANAN R\\AppData\\Roaming\\npm\\node_modules\\appium\\node_modules\\appium-uiautomator2-server\\apks\\appium-uiautomator2-server-v4.11.0.apk'' exited with code 1
[debug] &amp#27;[35m[ADB]&amp#27;[39m Defaulting to verify.jar
[debug] &amp#27;[35m[ADB]&amp#27;[39m 'C:\Users\SARAVANAN R\AppData\Roaming\npm\node_modules\appium\node_modules\appium-uiautomator2-server\apks\appium-uiautomator2-server-v4.11.0.apk' is signed with the default certificate
[debug] &amp#27;[35m[ADB]&amp#27;[39m Getting install status for io.appium.uiautomator2.server.test
[debug] &amp#27;[35m[ADB]&amp#27;[39m Running 'C:\Users\SARAVANAN R\AppData\Local\Android\Sdk\platform-tools\adb.exe -P 5037 -s emulator-5554 shell dumpsys package io.appium.uiautomator2.server.test'
[debug] &amp#27;[35m[ADB]&amp#27;[39m 'io.appium.uiautomator2.server.test' is installed
[debug] &amp#27;[35m[ADB]&amp#27;[39m Checking app cert for C:\Users\SARAVANAN R\AppData\Roaming\npm\node_modules\appium\node_modules\appium-uiautomator2-server\apks\appium-uiautomator2-server-debug-androidTest.apk
[debug] &amp#27;[35m[ADB]&amp#27;[39m Starting apksigner: 'C:\\Program Files\\Java\\jdk1.8.0_212\\bin\\java.exe' -Xmx1024M -Xss1m -jar 'C:\\Users\\SARAVANAN R\\AppData\\Local\\Android\\Sdk\\build-tools\\30.0.0\\lib\\apksigner.jar' verify --print-certs 'C:\\Users\\SARAVANAN R\\AppData\\Roaming\\npm\\node_modules\\appium\\node_modules\\appium-uiautomator2-server\\apks\\appium-uiautomator2-server-debug-androidTest.apk'
&amp#27;[35m[ADB]&amp#27;[39m Cannot use apksigner tool for signature verification. Original error: Command ''C:\\Program Files\\Java\\jdk1.8.0_212\\bin\\java.exe' -Xmx1024M -Xss1m -jar 'C:\\Users\\SARAVANAN R\\AppData\\Local\\Android\\Sdk\\build-tools\\30.0.0\\lib\\apksigner.jar' verify --print-certs 'C:\\Users\\SARAVANAN R\\AppData\\Roaming\\npm\\node_modules\\appium\\node_modules\\appium-uiautomator2-server\\apks\\appium-uiautomator2-server-debug-androidTest.apk'' exited with code 1
[debug] &amp#27;[35m[ADB]&amp#27;[39m Defaulting to verify.jar
[debug] &amp#27;[35m[ADB]&amp#27;[39m 'C:\Users\SARAVANAN R\AppData\Roaming\npm\node_modules\appium\node_modules\appium-uiautomator2-server\apks\appium-uiautomator2-server-debug-androidTest.apk' is signed with the default certificate
&amp#27;[35m[UiAutomator2]&amp#27;[39m Server packages are not going to be (re)installed
[debug] &amp#27;[35m[UiAutomator2]&amp#27;[39m Waiting up to 30000ms for services to be available
[debug] &amp#27;[35m[ADB]&amp#27;[39m Running 'C:\Users\SARAVANAN R\AppData\Local\Android\Sdk\platform-tools\adb.exe -P 5037 -s emulator-5554 shell pm list instrumentation'
[debug] &amp#27;[35m[UiAutomator2]&amp#27;[39m Instrumentation target 'io.appium.uiautomator2.server.test/androidx.test.runner.AndroidJUnitRunner' is available
[debug] &amp#27;[35m[UiAutomator2]&amp#27;[39m No app capability. Assuming it is already on the device
[debug] &amp#27;[35m[ADB]&amp#27;[39m Getting install status for com.androidsample.generalstore
[debug] &amp#27;[35m[ADB]&amp#27;[39m Running 'C:\Users\SARAVANAN R\AppData\Local\Android\Sdk\platform-tools\adb.exe -P 5037 -s emulator-5554 shell dumpsys package com.androidsample.generalstore'
[debug] &amp#27;[35m[ADB]&amp#27;[39m 'com.androidsample.generalstore' is installed
[debug] &amp#27;[35m[ADB]&amp#27;[39m Running 'C:\Users\SARAVANAN R\AppData\Local\Android\Sdk\platform-tools\adb.exe -P 5037 -s emulator-5554 shell am force-stop com.androidsample.generalstore'
[debug] &amp#27;[35m[ADB]&amp#27;[39m Running 'C:\Users\SARAVANAN R\AppData\Local\Android\Sdk\platform-tools\adb.exe -P 5037 -s emulator-5554 shell pm clear com.androidsample.generalstore'
[debug] &amp#27;[35m[AndroidDriver]&amp#27;[39m Performed fast reset on the installed 'com.androidsample.generalstore' application (stop and clear)
[debug] &amp#27;[35m[UiAutomator2]&amp#27;[39m Performing shallow cleanup of automation leftovers
[debug] &amp#27;[35m[UiAutomator2]&amp#27;[39m The following obsolete sessions are still running: [null]
[debug] &amp#27;[35m[UiAutomator2]&amp#27;[39m Cleaning up the obsolete sessions
[debug] &amp#27;[35m[ADB]&amp#27;[39m Running 'C:\Users\SARAVANAN R\AppData\Local\Android\Sdk\platform-tools\adb.exe -P 5037 -s emulator-5554 shell am force-stop io.appium.uiautomator2.server.test'
&amp#27;[35m[UiAutomator2]&amp#27;[39m Starting UIAutomator2 server 4.11.0
&amp#27;[35m[UiAutomator2]&amp#27;[39m Using UIAutomator2 server from 'C:\Users\SARAVANAN R\AppData\Roaming\npm\node_modules\appium\node_modules\appium-uiautomator2-server\apks\appium-uiautomator2-server-v4.11.0.apk' and test from 'C:\Users\SARAVANAN R\AppData\Roaming\npm\node_modules\appium\node_modules\appium-uiautomator2-server\apks\appium-uiautomator2-server-debug-androidTest.apk'
&amp#27;[35m[UiAutomator2]&amp#27;[39m Waiting up to 30000ms for UiAutomator2 to be online...
[debug] &amp#27;[35m[ADB]&amp#27;[39m Creating ADB subprocess with args: ["-P",5037,"-s","emulator-5554","shell","am","instrument","-w","io.appium.uiautomator2.server.test/androidx.test.runner.AndroidJUnitRunner"]
[debug] &amp#27;[35m[WD Proxy]&amp#27;[39m Matched '/status' to command name 'getStatus'
[debug] &amp#27;[35m[WD Proxy]&amp#27;[39m Proxying [GET /status] to [GET http://127.0.0.1:8214/wd/hub/status] with no body
&amp#27;[35m[WD Proxy]&amp#27;[39m socket hang up
[debug] &amp#27;[35m[Instrumentation]&amp#27;[39m io.appium.uiautomator2.server.test.AppiumUiAutomator2Server:
[debug] &amp#27;[35m[WD Proxy]&amp#27;[39m Matched '/status' to command name 'getStatus'
[debug] &amp#27;[35m[WD Proxy]&amp#27;[39m Proxying [GET /status] to [GET http://127.0.0.1:8214/wd/hub/status] with no body
&amp#27;[35m[WD Proxy]&amp#27;[39m socket hang up
[debug] &amp#27;[35m[WD Proxy]&amp#27;[39m Matched '/status' to command name 'getStatus'
[debug] &amp#27;[35m[WD Proxy]&amp#27;[39m Proxying [GET /status] to [GET http://127.0.0.1:8214/wd/hub/status] with no body
[debug] &amp#27;[35m[WD Proxy]&amp#27;[39m Got response with status 200: {"sessionId":"None","value":{"message":"UiAutomator2 Server is ready to accept commands","ready":true}}
[debug] &amp#27;[35m[UiAutomator2]&amp#27;[39m The initialization of the instrumentation process took 3432ms
[debug] &amp#27;[35m[WD Proxy]&amp#27;[39m Matched '/session' to command name 'createSession'
[debug] &amp#27;[35m[WD Proxy]&amp#27;[39m Proxying [POST /session] to [POST http://127.0.0.1:8214/wd/hub/session] with body: {"capabilities":{"firstMatch":[{"platform":"LINUX","webStorageEnabled":false,"takesScreenshot":true,"javascriptEnabled":true,"databaseEnabled":false,"networkConnectionEnabled":true,"locationContextEnabled":false,"warnings":{},"desired":{"platformName":"android","MobileCapabilityType.PLATFORM_NAME":"MobilePlatform.ANDROID","appActivity":"com.androidsample.generalstore.SplashActivity","appPackage":"com.androidsample.generalstore","deviceName":"SharonEmulator","newCommandTimeout":25},"platformName":"android","MobileCapabilityType.PLATFORM_NAME":"MobilePlatform.ANDROID","appActivity":"com.androidsample.generalstore.SplashActivity","appPackage":"com.androidsample.generalstore","deviceName":"emulator-5554","newCommandTimeout":25,"deviceUDID":"emulator-5554"}],"alwaysMatch":{}}}
[debug] &amp#27;[35m[WD Proxy]&amp#27;[39m Got response with status 200: {"sessionId":"eb6bcb81-558c-47ef-b04b-d846692abd71","value":{"capabilities":{"firstMatch":[{"platform":"LINUX","webStorageEnabled":false,"takesScreenshot":true,"javascriptEnabled":true,"databaseEnabled":false,"networkConnectionEnabled":true,"locationContextEnabled":false,"warnings":{},"desired":{"platformName":"android","MobileCapabilityType.PLATFORM_NAME":"MobilePlatform.ANDROID","appActivity":"com.androidsample.generalstore.SplashActivity","appPackage":"com.androidsample.generalstore","deviceName":"SharonEmulator","newCommandTimeout":25},"platformName":"android","MobileCapabilityType.PLATFORM_NAME":"MobilePlatform.ANDROID","appActivity":"com.androidsample.generalstore.SplashActivity","appPackage":"com.androidsample.generalstore","deviceName":"emulator-5554","newCommandTimeout":25,"deviceUDID":"emulator-5554"}],"alwaysMatch":{}},"sessionId":"eb6bcb81-558c-47ef-b04b-d846692abd71"}}
&amp#27;[35m[WD Proxy]&amp#27;[39m Determined the downstream protocol as 'W3C'
[debug] &amp#27;[35m[WD Proxy]&amp#27;[39m Proxying [GET /appium/device/info] to [GET http://127.0.0.1:8214/wd/hub/session/eb6bcb81-558c-47ef-b04b-d846692abd71/appium/device/info] with no body
[debug] &amp#27;[35m[WD Proxy]&amp#27;[39m Got response with status 200: {"sessionId":"eb6bcb81-558c-47ef-b04b-d846692abd71","value":{"androidId":"fd5e9698e96c8a2a","apiVersion":"28","bluetooth":null,"brand":"google","carrierName":"Android","displayDensity":420,"locale":"en_US","manufacturer":"Google","model":"Android SDK built for x86","networks":[{"capabilities":{"SSID":null,"linkDownBandwidthKbps":1048576,"linkUpstreamBandwidthKbps":1048576,"networkCapabilities":"NET_CAPABILITY_NOT_METERED,NET_CAPABILITY_INTERNET,NET_CAPABILITY_NOT_RESTRICTED,NET_CAPABILITY_TRUSTED,NET_CAPABILITY_NOT_VPN,NET_CAPABILITY_VALIDATED,NET_CAPABILITY_NOT_ROAMING,NET_CAPABILITY_FOREGROUND,NET_CAPABILITY_NOT_CONGESTED,NET_CAPABILITY_NOT_SUSPENDED","signalStrength":-50,"transportTypes":"TRANSPORT_WIFI"},"detailedState":"CONNECTED","extraInfo":null,"isAvailable":true,"isConnected":true,"isFailover":false,"isRoaming":false,"state":"CONNECTED","subtype":0,"subtypeName":"","type":1,"typeName":"WIFI"},{"capabilities":{"SSID":null,"linkDownBandwidthKbps":102400,"linkUpstreamBandwidthKbps":51200,"networkCapa...
[debug] &amp#27;[35m[ADB]&amp#27;[39m Running 'C:\Users\SARAVANAN R\AppData\Local\Android\Sdk\platform-tools\adb.exe -P 5037 -s emulator-5554 shell dumpsys window'
&amp#27;[35m[AndroidDriver]&amp#27;[39m Screen already unlocked, doing nothing
&amp#27;[35m[UiAutomator2]&amp#27;[39m Starting 'com.androidsample.generalstore/com.androidsample.generalstore.SplashActivity and waiting for 'com.androidsample.generalstore/com.androidsample.generalstore.SplashActivity'
[debug] &amp#27;[35m[ADB]&amp#27;[39m Running 'C:\Users\SARAVANAN R\AppData\Local\Android\Sdk\platform-tools\adb.exe -P 5037 -s emulator-5554 shell am start -W -n com.androidsample.generalstore/com.androidsample.generalstore.SplashActivity -S -a android.intent.action.MAIN -c android.intent.category.LAUNCHER -f 0x10200000'
[debug] &amp#27;[35m[WD Proxy]&amp#27;[39m Proxying [GET /appium/device/pixel_ratio] to [GET http://127.0.0.1:8214/wd/hub/session/eb6bcb81-558c-47ef-b04b-d846692abd71/appium/device/pixel_ratio] with no body
[debug] &amp#27;[35m[WD Proxy]&amp#27;[39m Got response with status 200: {"sessionId":"eb6bcb81-558c-47ef-b04b-d846692abd71","value":2.625}
[debug] &amp#27;[35m[WD Proxy]&amp#27;[39m Matched '/appium/device/system_bars' to command name 'getSystemBars'
[debug] &amp#27;[35m[WD Proxy]&amp#27;[39m Proxying [GET /appium/device/system_bars] to [GET http://127.0.0.1:8214/wd/hub/session/eb6bcb81-558c-47ef-b04b-d846692abd71/appium/device/system_bars] with no body
[debug] &amp#27;[35m[WD Proxy]&amp#27;[39m Got response with status 200: {"sessionId":"eb6bcb81-558c-47ef-b04b-d846692abd71","value":{"statusBar":63}}
[debug] &amp#27;[35m[WD Proxy]&amp#27;[39m Matched '/window/current/size' to command name 'getWindowSize'
[debug] &amp#27;[35m[WD Proxy]&amp#27;[39m Proxying [GET /window/current/size] to [GET http://127.0.0.1:8214/wd/hub/session/eb6bcb81-558c-47ef-b04b-d846692abd71/window/current/size] with no body
[debug] &amp#27;[35m[WD Proxy]&amp#27;[39m Got response with status 200: {"sessionId":"eb6bcb81-558c-47ef-b04b-d846692abd71","value":{"height":1794,"width":1080}}
&amp#27;[35m[Appium]&amp#27;[39m New AndroidUiautomator2Driver session created successfully, session 76e47a38-5177-4ad2-a65d-7f7144c91572 added to master session list
[debug] &amp#27;[35m[BaseDriver]&amp#27;[39m Event 'newSessionStarted' logged at 1596385120491 (21:48:40 GMT+0530 (India Standard Time))
[debug] &amp#27;[35m[W3C (76e47a38)]&amp#27;[39m Cached the protocol value 'W3C' for the new session 76e47a38-5177-4ad2-a65d-7f7144c91572
[debug] &amp#27;[35m[W3C (76e47a38)]&amp#27;[39m Responding to client with driver.createSession() result: {"capabilities":{"platform":"LINUX","webStorageEnabled":false,"takesScreenshot":true,"javascriptEnabled":true,"databaseEnabled":false,"networkConnectionEnabled":true,"locationContextEnabled":false,"warnings":{},"desired":{"platformName":"android","MobileCapabilityType.PLATFORM_NAME":"MobilePlatform.ANDROID","appActivity":"com.androidsample.generalstore.SplashActivity","appPackage":"com.androidsample.generalstore","deviceName":"SharonEmulator","newCommandTimeout":25},"platformName":"android","MobileCapabilityType.PLATFORM_NAME":"MobilePlatform.ANDROID","appActivity":"com.androidsample.generalstore.SplashActivity","appPackage":"com.androidsample.generalstore","deviceName":"emulator-5554","newCommandTimeout":25,"deviceUDID":"emulator-5554","deviceApiLevel":28,"platformVersion":"9","deviceScreenSize":"1080x1920","deviceScreenDensity":420,"deviceModel":"Android SDK built for x86","deviceManufacturer":"Google","pixelRatio":2.625,"statBarHeight":63,"viewportRect":{"left":0,"top":63,"width":1080,"height":1731}}}
&amp#27;[35m[HTTP]&amp#27;[39m &amp#27;[37m<-- POST /wd/hub/session &amp#27;[39m&amp#27;[32m200&amp#27;[39m &amp#27;[90m10971 ms - 1080&amp#27;[39m
&amp#27;[35m[HTTP]&amp#27;[39m &amp#27;[90m&amp#27;[39m
&amp#27;[35m[HTTP]&amp#27;[39m &amp#27;[37m-->&amp#27;[39m &amp#27;[37mPOST&amp#27;[39m &amp#27;[37m/wd/hub/session/76e47a38-5177-4ad2-a65d-7f7144c91572/timeouts&amp#27;[39m
&amp#27;[35m[HTTP]&amp#27;[39m &amp#27;[90m{"implicit":10000}&amp#27;[39m
[debug] &amp#27;[35m[W3C (76e47a38)]&amp#27;[39m Calling AppiumDriver.timeouts() with args: [null,null,null,null,10000,"76e47a38-5177-4ad2-a65d-7f7144c91572"]
[debug] &amp#27;[35m[BaseDriver]&amp#27;[39m W3C timeout argument: {"implicit":10000}}
[debug] &amp#27;[35m[BaseDriver]&amp#27;[39m Set implicit wait to 10000ms
[debug] &amp#27;[35m[W3C (76e47a38)]&amp#27;[39m Responding to client with driver.timeouts() result: null
&amp#27;[35m[HTTP]&amp#27;[39m &amp#27;[37m<-- POST /wd/hub/session/76e47a38-5177-4ad2-a65d-7f7144c91572/timeouts &amp#27;[39m&amp#27;[32m200&amp#27;[39m &amp#27;[90m11 ms - 14&amp#27;[39m
&amp#27;[35m[HTTP]&amp#27;[39m &amp#27;[90m&amp#27;[39m
&amp#27;[35m[HTTP]&amp#27;[39m &amp#27;[37m-->&amp#27;[39m &amp#27;[37mGET&amp#27;[39m &amp#27;[37m/wd/hub/session/76e47a38-5177-4ad2-a65d-7f7144c91572/context&amp#27;[39m
&amp#27;[35m[HTTP]&amp#27;[39m &amp#27;[90m{}&amp#27;[39m
[debug] &amp#27;[35m[W3C (76e47a38)]&amp#27;[39m Calling AppiumDriver.getCurrentContext() with args: ["76e47a38-5177-4ad2-a65d-7f7144c91572"]
[debug] &amp#27;[35m[W3C (76e47a38)]&amp#27;[39m Responding to client with driver.getCurrentContext() result: "NATIVE_APP"
&amp#27;[35m[HTTP]&amp#27;[39m &amp#27;[37m<-- GET /wd/hub/session/76e47a38-5177-4ad2-a65d-7f7144c91572/context &amp#27;[39m&amp#27;[32m200&amp#27;[39m &amp#27;[90m33 ms - 22&amp#27;[39m
&amp#27;[35m[HTTP]&amp#27;[39m &amp#27;[90m&amp#27;[39m
&amp#27;[35m[HTTP]&amp#27;[39m &amp#27;[37m-->&amp#27;[39m &amp#27;[37mPOST&amp#27;[39m &amp#27;[37m/wd/hub/session/76e47a38-5177-4ad2-a65d-7f7144c91572/element&amp#27;[39m
&amp#27;[35m[HTTP]&amp#27;[39m &amp#27;[90m{"using":"id","value":"android:id/text1"}&amp#27;[39m
[debug] &amp#27;[35m[W3C (76e47a38)]&amp#27;[39m Calling AppiumDriver.findElement() with args: ["id","android:id/text1","76e47a38-5177-4ad2-a65d-7f7144c91572"]
[debug] &amp#27;[35m[BaseDriver]&amp#27;[39m Valid locator strategies for this request: xpath, id, class name, accessibility id, -android uiautomator
[debug] &amp#27;[35m[BaseDriver]&amp#27;[39m Waiting up to 10000 ms for condition
[debug] &amp#27;[35m[WD Proxy]&amp#27;[39m Matched '/element' to command name 'findElement'
[debug] &amp#27;[35m[WD Proxy]&amp#27;[39m Proxying [POST /element] to [POST http://127.0.0.1:8214/wd/hub/session/eb6bcb81-558c-47ef-b04b-d846692abd71/element] with body: {"strategy":"id","selector":"android:id/text1","context":"","multiple":false}
&amp#27;[35m[WD Proxy]&amp#27;[39m Got response with status 404: {"sessionId":"eb6bcb81-558c-47ef-b04b-d846692abd71","value":{"error":"no such element","message":"An element could not be located on the page using the given search parameters","stacktrace":"io.appium.uiautomator2.common.exceptions.ElementNotFoundException: An element could not be located on the page using the given search parameters\n\tat io.appium.uiautomator2.handler.FindElement.safeHandle(FindElement.java:73)\n\tat io.appium.uiautomator2.handler.request.SafeRequestHandler.handle(SafeRequestHandler.java:41)\n\tat io.appium.uiautomator2.server.AppiumServlet.handleRequest(AppiumServlet.java:257)\n\tat io.appium.uiautomator2.server.AppiumServlet.handleHttpRequest(AppiumServlet.java:247)\n\tat io.appium.uiautomator2.http.ServerHandler.channelRead(ServerHandler.java:50)\n\tat io.netty.channel.AbstractChannelHandlerContext.invokeChannelRead(AbstractChannelHandlerContext.java:366)\n\tat io.netty.channel.AbstractChannelHandlerContext.invokeChannelRead(AbstractChannelHandlerContext.java:352)\n\tat io.netty.chann...
[debug] &amp#27;[35m[W3C]&amp#27;[39m Matched W3C error code 'no such element' to NoSuchElementError
[debug] &amp#27;[35m[BaseDriver]&amp#27;[39m Waited for 175 ms so far
[debug] &amp#27;[35m[WD Proxy]&amp#27;[39m Matched '/element' to command name 'findElement'
[debug] &amp#27;[35m[WD Proxy]&amp#27;[39m Proxying [POST /element] to [POST http://127.0.0.1:8214/wd/hub/session/eb6bcb81-558c-47ef-b04b-d846692abd71/element] with body: {"strategy":"id","selector":"android:id/text1","context":"","multiple":false}
&amp#27;[35m[WD Proxy]&amp#27;[39m Got response with status 404: {"sessionId":"eb6bcb81-558c-47ef-b04b-d846692abd71","value":{"error":"no such element","message":"An element could not be located on the page using the given search parameters","stacktrace":"io.appium.uiautomator2.common.exceptions.ElementNotFoundException: An element could not be located on the page using the given search parameters\n\tat io.appium.uiautomator2.handler.FindElement.safeHandle(FindElement.java:73)\n\tat io.appium.uiautomator2.handler.request.SafeRequestHandler.handle(SafeRequestHandler.java:41)\n\tat io.appium.uiautomator2.server.AppiumServlet.handleRequest(AppiumServlet.java:257)\n\tat io.appium.uiautomator2.server.AppiumServlet.handleHttpRequest(AppiumServlet.java:247)\n\tat io.appium.uiautomator2.http.ServerHandler.channelRead(ServerHandler.java:50)\n\tat io.netty.channel.AbstractChannelHandlerContext.invokeChannelRead(AbstractChannelHandlerContext.java:366)\n\tat io.netty.channel.AbstractChannelHandlerContext.invokeChannelRead(AbstractChannelHandlerContext.java:352)\n\tat io.netty.chann...
[debug] &amp#27;[35m[W3C]&amp#27;[39m Matched W3C error code 'no such element' to NoSuchElementError
[debug] &amp#27;[35m[BaseDriver]&amp#27;[39m Waited for 734 ms so far
[debug] &amp#27;[35m[WD Proxy]&amp#27;[39m Matched '/element' to command name 'findElement'
[debug] &amp#27;[35m[WD Proxy]&amp#27;[39m Proxying [POST /element] to [POST http://127.0.0.1:8214/wd/hub/session/eb6bcb81-558c-47ef-b04b-d846692abd71/element] with body: {"strategy":"id","selector":"android:id/text1","context":"","multiple":false}
&amp#27;[35m[WD Proxy]&amp#27;[39m Got response with status 404: {"sessionId":"eb6bcb81-558c-47ef-b04b-d846692abd71","value":{"error":"no such element","message":"An element could not be located on the page using the given search parameters","stacktrace":"io.appium.uiautomator2.common.exceptions.ElementNotFoundException: An element could not be located on the page using the given search parameters\n\tat io.appium.uiautomator2.handler.FindElement.safeHandle(FindElement.java:73)\n\tat io.appium.uiautomator2.handler.request.SafeRequestHandler.handle(SafeRequestHandler.java:41)\n\tat io.appium.uiautomator2.server.AppiumServlet.handleRequest(AppiumServlet.java:257)\n\tat io.appium.uiautomator2.server.AppiumServlet.handleHttpRequest(AppiumServlet.java:247)\n\tat io.appium.uiautomator2.http.ServerHandler.channelRead(ServerHandler.java:50)\n\tat io.netty.channel.AbstractChannelHandlerContext.invokeChannelRead(AbstractChannelHandlerContext.java:366)\n\tat io.netty.channel.AbstractChannelHandlerContext.invokeChannelRead(AbstractChannelHandlerContext.java:352)\n\tat io.netty.chann...
[debug] &amp#27;[35m[W3C]&amp#27;[39m Matched W3C error code 'no such element' to NoSuchElementError
[debug] &amp#27;[35m[BaseDriver]&amp#27;[39m Waited for 1320 ms so far
[debug] &amp#27;[35m[WD Proxy]&amp#27;[39m Matched '/element' to command name 'findElement'
[debug] &amp#27;[35m[WD Proxy]&amp#27;[39m Proxying [POST /element] to [POST http://127.0.0.1:8214/wd/hub/session/eb6bcb81-558c-47ef-b04b-d846692abd71/element] with body: {"strategy":"id","selector":"android:id/text1","context":"","multiple":false}
&amp#27;[35m[WD Proxy]&amp#27;[39m Got response with status 404: {"sessionId":"eb6bcb81-558c-47ef-b04b-d846692abd71","value":{"error":"no such element","message":"An element could not be located on the page using the given search parameters","stacktrace":"io.appium.uiautomator2.common.exceptions.ElementNotFoundException: An element could not be located on the page using the given search parameters\n\tat io.appium.uiautomator2.handler.FindElement.safeHandle(FindElement.java:73)\n\tat io.appium.uiautomator2.handler.request.SafeRequestHandler.handle(SafeRequestHandler.java:41)\n\tat io.appium.uiautomator2.server.AppiumServlet.handleRequest(AppiumServlet.java:257)\n\tat io.appium.uiautomator2.server.AppiumServlet.handleHttpRequest(AppiumServlet.java:247)\n\tat io.appium.uiautomator2.http.ServerHandler.channelRead(ServerHandler.java:50)\n\tat io.netty.channel.AbstractChannelHandlerContext.invokeChannelRead(AbstractChannelHandlerContext.java:366)\n\tat io.netty.channel.AbstractChannelHandlerContext.invokeChannelRead(AbstractChannelHandlerContext.java:352)\n\tat io.netty.chann...
[debug] &amp#27;[35m[W3C]&amp#27;[39m Matched W3C error code 'no such element' to NoSuchElementError
[debug] &amp#27;[35m[BaseDriver]&amp#27;[39m Waited for 2048 ms so far
[debug] &amp#27;[35m[WD Proxy]&amp#27;[39m Matched '/element' to command name 'findElement'
[debug] &amp#27;[35m[WD Proxy]&amp#27;[39m Proxying [POST /element] to [POST http://127.0.0.1:8214/wd/hub/session/eb6bcb81-558c-47ef-b04b-d846692abd71/element] with body: {"strategy":"id","selector":"android:id/text1","context":"","multiple":false}
[debug] &amp#27;[35m[WD Proxy]&amp#27;[39m Got response with status 200: {"sessionId":"eb6bcb81-558c-47ef-b04b-d846692abd71","value":{"ELEMENT":"9fbc2339-20e5-4228-96cd-a9e569df8748","element-6066-11e4-a52e-4f735466cecf":"9fbc2339-20e5-4228-96cd-a9e569df8748"}}
[debug] &amp#27;[35m[W3C (76e47a38)]&amp#27;[39m Responding to client with driver.findElement() result: {"element-6066-11e4-a52e-4f735466cecf":"9fbc2339-20e5-4228-96cd-a9e569df8748","ELEMENT":"9fbc2339-20e5-4228-96cd-a9e569df8748"}
&amp#27;[35m[HTTP]&amp#27;[39m &amp#27;[37m<-- POST /wd/hub/session/76e47a38-5177-4ad2-a65d-7f7144c91572/element &amp#27;[39m&amp#27;[32m200&amp#27;[39m &amp#27;[90m3317 ms - 137&amp#27;[39m
&amp#27;[35m[HTTP]&amp#27;[39m &amp#27;[90m&amp#27;[39m
&amp#27;[35m[HTTP]&amp#27;[39m &amp#27;[37m-->&amp#27;[39m &amp#27;[37mPOST&amp#27;[39m &amp#27;[37m/wd/hub/session/76e47a38-5177-4ad2-a65d-7f7144c91572/element/9fbc2339-20e5-4228-96cd-a9e569df8748/click&amp#27;[39m
&amp#27;[35m[HTTP]&amp#27;[39m &amp#27;[90m{"id":"9fbc2339-20e5-4228-96cd-a9e569df8748"}&amp#27;[39m
[debug] &amp#27;[35m[W3C (76e47a38)]&amp#27;[39m Calling AppiumDriver.click() with args: ["9fbc2339-20e5-4228-96cd-a9e569df8748","76e47a38-5177-4ad2-a65d-7f7144c91572"]
[debug] &amp#27;[35m[WD Proxy]&amp#27;[39m Matched '/element/9fbc2339-20e5-4228-96cd-a9e569df8748/click' to command name 'click'
[debug] &amp#27;[35m[WD Proxy]&amp#27;[39m Proxying [POST /element/9fbc2339-20e5-4228-96cd-a9e569df8748/click] to [POST http://127.0.0.1:8214/wd/hub/session/eb6bcb81-558c-47ef-b04b-d846692abd71/element/9fbc2339-20e5-4228-96cd-a9e569df8748/click] with body: {"element":"9fbc2339-20e5-4228-96cd-a9e569df8748"}
[debug] &amp#27;[35m[WD Proxy]&amp#27;[39m Got response with status 200: {"sessionId":"eb6bcb81-558c-47ef-b04b-d846692abd71","value":null}
[debug] &amp#27;[35m[W3C (76e47a38)]&amp#27;[39m Responding to client with driver.click() result: null
&amp#27;[35m[HTTP]&amp#27;[39m &amp#27;[37m<-- POST /wd/hub/session/76e47a38-5177-4ad2-a65d-7f7144c91572/element/9fbc2339-20e5-4228-96cd-a9e569df8748/click &amp#27;[39m&amp#27;[32m200&amp#27;[39m &amp#27;[90m39 ms - 14&amp#27;[39m
&amp#27;[35m[HTTP]&amp#27;[39m &amp#27;[90m&amp#27;[39m
&amp#27;[35m[HTTP]&amp#27;[39m &amp#27;[37m-->&amp#27;[39m &amp#27;[37mPOST&amp#27;[39m &amp#27;[37m/wd/hub/session/76e47a38-5177-4ad2-a65d-7f7144c91572/element&amp#27;[39m
&amp#27;[35m[HTTP]&amp#27;[39m &amp#27;[90m{"using":"-android uiautomator","value":"new UiScrollable(new UiSelector()).scrollIntoView(text(\"Australia\"));"}&amp#27;[39m
[debug] &amp#27;[35m[W3C (76e47a38)]&amp#27;[39m Calling AppiumDriver.findElement() with args: ["-android uiautomator","new UiScrollable(new UiSelector()).scrollIntoView(text(\"Australia\"));","76e47a38-5177-4ad2-a65d-7f7144c91572"]
[debug] &amp#27;[35m[BaseDriver]&amp#27;[39m Valid locator strategies for this request: xpath, id, class name, accessibility id, -android uiautomator
[debug] &amp#27;[35m[BaseDriver]&amp#27;[39m Waiting up to 10000 ms for condition
[debug] &amp#27;[35m[WD Proxy]&amp#27;[39m Matched '/element' to command name 'findElement'
[debug] &amp#27;[35m[WD Proxy]&amp#27;[39m Proxying [POST /element] to [POST http://127.0.0.1:8214/wd/hub/session/eb6bcb81-558c-47ef-b04b-d846692abd71/element] with body: {"strategy":"-android uiautomator","selector":"new UiScrollable(new UiSelector()).scrollIntoView(text(\"Australia\"));","context":"","multiple":false}
[debug] &amp#27;[35m[WD Proxy]&amp#27;[39m Got response with status 200: {"sessionId":"eb6bcb81-558c-47ef-b04b-d846692abd71","value":{"ELEMENT":"e287808d-8725-4e60-9b72-b7f2809739bd","element-6066-11e4-a52e-4f735466cecf":"e287808d-8725-4e60-9b72-b7f2809739bd"}}
[debug] &amp#27;[35m[W3C (76e47a38)]&amp#27;[39m Responding to client with driver.findElement() result: {"element-6066-11e4-a52e-4f735466cecf":"e287808d-8725-4e60-9b72-b7f2809739bd","ELEMENT":"e287808d-8725-4e60-9b72-b7f2809739bd"}
&amp#27;[35m[HTTP]&amp#27;[39m &amp#27;[37m<-- POST /wd/hub/session/76e47a38-5177-4ad2-a65d-7f7144c91572/element &amp#27;[39m&amp#27;[32m200&amp#27;[39m &amp#27;[90m3614 ms - 137&amp#27;[39m
&amp#27;[35m[HTTP]&amp#27;[39m &amp#27;[90m&amp#27;[39m
&amp#27;[35m[HTTP]&amp#27;[39m &amp#27;[37m-->&amp#27;[39m &amp#27;[37mGET&amp#27;[39m &amp#27;[37m/wd/hub/session/76e47a38-5177-4ad2-a65d-7f7144c91572/context&amp#27;[39m
&amp#27;[35m[HTTP]&amp#27;[39m &amp#27;[90m{}&amp#27;[39m
[debug] &amp#27;[35m[W3C (76e47a38)]&amp#27;[39m Calling AppiumDriver.getCurrentContext() with args: ["76e47a38-5177-4ad2-a65d-7f7144c91572"]
[debug] &amp#27;[35m[W3C (76e47a38)]&amp#27;[39m Responding to client with driver.getCurrentContext() result: "NATIVE_APP"
&amp#27;[35m[HTTP]&amp#27;[39m &amp#27;[37m<-- GET /wd/hub/session/76e47a38-5177-4ad2-a65d-7f7144c91572/context &amp#27;[39m&amp#27;[32m200&amp#27;[39m &amp#27;[90m3 ms - 22&amp#27;[39m
&amp#27;[35m[HTTP]&amp#27;[39m &amp#27;[90m&amp#27;[39m
&amp#27;[35m[HTTP]&amp#27;[39m &amp#27;[37m-->&amp#27;[39m &amp#27;[37mPOST&amp#27;[39m &amp#27;[37m/wd/hub/session/76e47a38-5177-4ad2-a65d-7f7144c91572/element&amp#27;[39m
&amp#27;[35m[HTTP]&amp#27;[39m &amp#27;[90m{"using":"xpath","value":"//android.widget.TextView[@text='Australia']"}&amp#27;[39m
[debug] &amp#27;[35m[W3C (76e47a38)]&amp#27;[39m Calling AppiumDriver.findElement() with args: ["xpath","//android.widget.TextView[@text='Australia']","76e47a38-5177-4ad2-a65d-7f7144c91572"]
[debug] &amp#27;[35m[BaseDriver]&amp#27;[39m Valid locator strategies for this request: xpath, id, class name, accessibility id, -android uiautomator
[debug] &amp#27;[35m[BaseDriver]&amp#27;[39m Waiting up to 10000 ms for condition
[debug] &amp#27;[35m[WD Proxy]&amp#27;[39m Matched '/element' to command name 'findElement'
[debug] &amp#27;[35m[WD Proxy]&amp#27;[39m Proxying [POST /element] to [POST http://127.0.0.1:8214/wd/hub/session/eb6bcb81-558c-47ef-b04b-d846692abd71/element] with body: {"strategy":"xpath","selector":"//android.widget.TextView[@text='Australia']","context":"","multiple":false}
[debug] &amp#27;[35m[WD Proxy]&amp#27;[39m Got response with status 200: {"sessionId":"eb6bcb81-558c-47ef-b04b-d846692abd71","value":{"ELEMENT":"fe0f4cd8-e6b3-43c9-b790-080370d74d72","element-6066-11e4-a52e-4f735466cecf":"fe0f4cd8-e6b3-43c9-b790-080370d74d72"}}
[debug] &amp#27;[35m[W3C (76e47a38)]&amp#27;[39m Responding to client with driver.findElement() result: {"element-6066-11e4-a52e-4f735466cecf":"fe0f4cd8-e6b3-43c9-b790-080370d74d72","ELEMENT":"fe0f4cd8-e6b3-43c9-b790-080370d74d72"}
&amp#27;[35m[HTTP]&amp#27;[39m &amp#27;[37m<-- POST /wd/hub/session/76e47a38-5177-4ad2-a65d-7f7144c91572/element &amp#27;[39m&amp#27;[32m200&amp#27;[39m &amp#27;[90m243 ms - 137&amp#27;[39m
&amp#27;[35m[HTTP]&amp#27;[39m &amp#27;[90m&amp#27;[39m
&amp#27;[35m[HTTP]&amp#27;[39m &amp#27;[37m-->&amp#27;[39m &amp#27;[37mPOST&amp#27;[39m &amp#27;[37m/wd/hub/session/76e47a38-5177-4ad2-a65d-7f7144c91572/element/fe0f4cd8-e6b3-43c9-b790-080370d74d72/click&amp#27;[39m
&amp#27;[35m[HTTP]&amp#27;[39m &amp#27;[90m{"id":"fe0f4cd8-e6b3-43c9-b790-080370d74d72"}&amp#27;[39m
[debug] &amp#27;[35m[W3C (76e47a38)]&amp#27;[39m Calling AppiumDriver.click() with args: ["fe0f4cd8-e6b3-43c9-b790-080370d74d72","76e47a38-5177-4ad2-a65d-7f7144c91572"]
[debug] &amp#27;[35m[WD Proxy]&amp#27;[39m Matched '/element/fe0f4cd8-e6b3-43c9-b790-080370d74d72/click' to command name 'click'
[debug] &amp#27;[35m[WD Proxy]&amp#27;[39m Proxying [POST /element/fe0f4cd8-e6b3-43c9-b790-080370d74d72/click] to [POST http://127.0.0.1:8214/wd/hub/session/eb6bcb81-558c-47ef-b04b-d846692abd71/element/fe0f4cd8-e6b3-43c9-b790-080370d74d72/click] with body: {"element":"fe0f4cd8-e6b3-43c9-b790-080370d74d72"}
[debug] &amp#27;[35m[WD Proxy]&amp#27;[39m Got response with status 200: {"sessionId":"eb6bcb81-558c-47ef-b04b-d846692abd71","value":null}
[debug] &amp#27;[35m[W3C (76e47a38)]&amp#27;[39m Responding to client with driver.click() result: null
&amp#27;[35m[HTTP]&amp#27;[39m &amp#27;[37m<-- POST /wd/hub/session/76e47a38-5177-4ad2-a65d-7f7144c91572/element/fe0f4cd8-e6b3-43c9-b790-080370d74d72/click &amp#27;[39m&amp#27;[32m200&amp#27;[39m &amp#27;[90m757 ms - 14&amp#27;[39m
&amp#27;[35m[HTTP]&amp#27;[39m &amp#27;[90m&amp#27;[39m
&amp#27;[35m[HTTP]&amp#27;[39m &amp#27;[37m-->&amp#27;[39m &amp#27;[37mGET&amp#27;[39m &amp#27;[37m/wd/hub/session/76e47a38-5177-4ad2-a65d-7f7144c91572/context&amp#27;[39m
&amp#27;[35m[HTTP]&amp#27;[39m &amp#27;[90m{}&amp#27;[39m
[debug] &amp#27;[35m[W3C (76e47a38)]&amp#27;[39m Calling AppiumDriver.getCurrentContext() with args: ["76e47a38-5177-4ad2-a65d-7f7144c91572"]
[debug] &amp#27;[35m[W3C (76e47a38)]&amp#27;[39m Responding to client with driver.getCurrentContext() result: "NATIVE_APP"
&amp#27;[35m[HTTP]&amp#27;[39m &amp#27;[37m<-- GET /wd/hub/session/76e47a38-5177-4ad2-a65d-7f7144c91572/context &amp#27;[39m&amp#27;[32m200&amp#27;[39m &amp#27;[90m3 ms - 22&amp#27;[39m
&amp#27;[35m[HTTP]&amp#27;[39m &amp#27;[90m&amp#27;[39m
&amp#27;[35m[HTTP]&amp#27;[39m &amp#27;[37m-->&amp#27;[39m &amp#27;[37mPOST&amp#27;[39m &amp#27;[37m/wd/hub/session/76e47a38-5177-4ad2-a65d-7f7144c91572/element&amp#27;[39m
&amp#27;[35m[HTTP]&amp#27;[39m &amp#27;[90m{"using":"id","value":"com.androidsample.generalstore:id/nameField"}&amp#27;[39m
[debug] &amp#27;[35m[W3C (76e47a38)]&amp#27;[39m Calling AppiumDriver.findElement() with args: ["id","com.androidsample.generalstore:id/nameField","76e47a38-5177-4ad2-a65d-7f7144c91572"]
[debug] &amp#27;[35m[BaseDriver]&amp#27;[39m Valid locator strategies for this request: xpath, id, class name, accessibility id, -android uiautomator
[debug] &amp#27;[35m[BaseDriver]&amp#27;[39m Waiting up to 10000 ms for condition
[debug] &amp#27;[35m[WD Proxy]&amp#27;[39m Matched '/element' to command name 'findElement'
[debug] &amp#27;[35m[WD Proxy]&amp#27;[39m Proxying [POST /element] to [POST http://127.0.0.1:8214/wd/hub/session/eb6bcb81-558c-47ef-b04b-d846692abd71/element] with body: {"strategy":"id","selector":"com.androidsample.generalstore:id/nameField","context":"","multiple":false}
[debug] &amp#27;[35m[WD Proxy]&amp#27;[39m Got response with status 200: {"sessionId":"eb6bcb81-558c-47ef-b04b-d846692abd71","value":{"ELEMENT":"dd73b9c8-3d92-4a93-b884-8cd91c47ebb7","element-6066-11e4-a52e-4f735466cecf":"dd73b9c8-3d92-4a93-b884-8cd91c47ebb7"}}
[debug] &amp#27;[35m[W3C (76e47a38)]&amp#27;[39m Responding to client with driver.findElement() result: {"element-6066-11e4-a52e-4f735466cecf":"dd73b9c8-3d92-4a93-b884-8cd91c47ebb7","ELEMENT":"dd73b9c8-3d92-4a93-b884-8cd91c47ebb7"}
&amp#27;[35m[HTTP]&amp#27;[39m &amp#27;[37m<-- POST /wd/hub/session/76e47a38-5177-4ad2-a65d-7f7144c91572/element &amp#27;[39m&amp#27;[32m200&amp#27;[39m &amp#27;[90m57 ms - 137&amp#27;[39m
&amp#27;[35m[HTTP]&amp#27;[39m &amp#27;[90m&amp#27;[39m
&amp#27;[35m[HTTP]&amp#27;[39m &amp#27;[37m-->&amp#27;[39m &amp#27;[37mPOST&amp#27;[39m &amp#27;[37m/wd/hub/session/76e47a38-5177-4ad2-a65d-7f7144c91572/element/dd73b9c8-3d92-4a93-b884-8cd91c47ebb7/value&amp#27;[39m
&amp#27;[35m[HTTP]&amp#27;[39m &amp#27;[90m{"id":"dd73b9c8-3d92-4a93-b884-8cd91c47ebb7","text":"USTGLobal","value":["U","S","T","G","L","o","b","a","l"]}&amp#27;[39m
[debug] &amp#27;[35m[W3C (76e47a38)]&amp#27;[39m Calling AppiumDriver.setValue() with args: [["U","S","T","G","L","o","b","a","l"],"dd73b9c8-3d92-4a93-b884-8cd91c47ebb7","76e47a38-5177-4ad2-a65d-7f7144c91572"]
[debug] &amp#27;[35m[WD Proxy]&amp#27;[39m Matched '/element/dd73b9c8-3d92-4a93-b884-8cd91c47ebb7/value' to command name 'setValue'
[debug] &amp#27;[35m[Protocol Converter]&amp#27;[39m Added 'value' property ["U","S","T","G","L","o","b","a","l"] to 'setValue' request body
[debug] &amp#27;[35m[WD Proxy]&amp#27;[39m Proxying [POST /element/dd73b9c8-3d92-4a93-b884-8cd91c47ebb7/value] to [POST http://127.0.0.1:8214/wd/hub/session/eb6bcb81-558c-47ef-b04b-d846692abd71/element/dd73b9c8-3d92-4a93-b884-8cd91c47ebb7/value] with body: {"elementId":"dd73b9c8-3d92-4a93-b884-8cd91c47ebb7","text":"USTGLobal","replace":false,"value":["U","S","T","G","L","o","b","a","l"]}
[debug] &amp#27;[35m[WD Proxy]&amp#27;[39m Got response with status 200: {"sessionId":"eb6bcb81-558c-47ef-b04b-d846692abd71","value":null}
[debug] &amp#27;[35m[W3C (76e47a38)]&amp#27;[39m Responding to client with driver.setValue() result: null
&amp#27;[35m[HTTP]&amp#27;[39m &amp#27;[37m<-- POST /wd/hub/session/76e47a38-5177-4ad2-a65d-7f7144c91572/element/dd73b9c8-3d92-4a93-b884-8cd91c47ebb7/value &amp#27;[39m&amp#27;[32m200&amp#27;[39m &amp#27;[90m562 ms - 14&amp#27;[39m
&amp#27;[35m[HTTP]&amp#27;[39m &amp#27;[90m&amp#27;[39m
&amp#27;[35m[HTTP]&amp#27;[39m &amp#27;[37m-->&amp#27;[39m &amp#27;[37mPOST&amp#27;[39m &amp#27;[37m/wd/hub/session/76e47a38-5177-4ad2-a65d-7f7144c91572/appium/device/hide_keyboard&amp#27;[39m
&amp#27;[35m[HTTP]&amp#27;[39m &amp#27;[90m{}&amp#27;[39m
[debug] &amp#27;[35m[W3C (76e47a38)]&amp#27;[39m Calling AppiumDriver.hideKeyboard() with args: [null,null,null,null,"76e47a38-5177-4ad2-a65d-7f7144c91572"]
[debug] &amp#27;[35m[ADB]&amp#27;[39m Running 'C:\Users\SARAVANAN R\AppData\Local\Android\Sdk\platform-tools\adb.exe -P 5037 -s emulator-5554 shell dumpsys input_method'
&amp#27;[35m[AndroidDriver]&amp#27;[39m Keyboard has no UI; no closing necessary
[debug] &amp#27;[35m[W3C (76e47a38)]&amp#27;[39m Responding to client with driver.hideKeyboard() result: null
&amp#27;[35m[HTTP]&amp#27;[39m &amp#27;[37m<-- POST /wd/hub/session/76e47a38-5177-4ad2-a65d-7f7144c91572/appium/device/hide_keyboard &amp#27;[39m&amp#27;[32m200&amp#27;[39m &amp#27;[90m168 ms - 14&amp#27;[39m
&amp#27;[35m[HTTP]&amp#27;[39m &amp#27;[90m&amp#27;[39m
&amp#27;[35m[HTTP]&amp#27;[39m &amp#27;[37m-->&amp#27;[39m &amp#27;[37mGET&amp#27;[39m &amp#27;[37m/wd/hub/session/76e47a38-5177-4ad2-a65d-7f7144c91572/context&amp#27;[39m
&amp#27;[35m[HTTP]&amp#27;[39m &amp#27;[90m{}&amp#27;[39m
[debug] &amp#27;[35m[W3C (76e47a38)]&amp#27;[39m Calling AppiumDriver.getCurrentContext() with args: ["76e47a38-5177-4ad2-a65d-7f7144c91572"]
[debug] &amp#27;[35m[W3C (76e47a38)]&amp#27;[39m Responding to client with driver.getCurrentContext() result: "NATIVE_APP"
&amp#27;[35m[HTTP]&amp#27;[39m &amp#27;[37m<-- GET /wd/hub/session/76e47a38-5177-4ad2-a65d-7f7144c91572/context &amp#27;[39m&amp#27;[32m200&amp#27;[39m &amp#27;[90m2 ms - 22&amp#27;[39m
&amp#27;[35m[HTTP]&amp#27;[39m &amp#27;[90m&amp#27;[39m
&amp#27;[35m[HTTP]&amp#27;[39m &amp#27;[37m-->&amp#27;[39m &amp#27;[37mPOST&amp#27;[39m &amp#27;[37m/wd/hub/session/76e47a38-5177-4ad2-a65d-7f7144c91572/element&amp#27;[39m
&amp#27;[35m[HTTP]&amp#27;[39m &amp#27;[90m{"using":"id","value":"com.androidsample.generalstore:id/radioFemale"}&amp#27;[39m
[debug] &amp#27;[35m[W3C (76e47a38)]&amp#27;[39m Calling AppiumDriver.findElement() with args: ["id","com.androidsample.generalstore:id/radioFemale","76e47a38-5177-4ad2-a65d-7f7144c91572"]
[debug] &amp#27;[35m[BaseDriver]&amp#27;[39m Valid locator strategies for this request: xpath, id, class name, accessibility id, -android uiautomator
[debug] &amp#27;[35m[BaseDriver]&amp#27;[39m Waiting up to 10000 ms for condition
[debug] &amp#27;[35m[WD Proxy]&amp#27;[39m Matched '/element' to command name 'findElement'
[debug] &amp#27;[35m[WD Proxy]&amp#27;[39m Proxying [POST /element] to [POST http://127.0.0.1:8214/wd/hub/session/eb6bcb81-558c-47ef-b04b-d846692abd71/element] with body: {"strategy":"id","selector":"com.androidsample.generalstore:id/radioFemale","context":"","multiple":false}
[debug] &amp#27;[35m[WD Proxy]&amp#27;[39m Got response with status 200: {"sessionId":"eb6bcb81-558c-47ef-b04b-d846692abd71","value":{"ELEMENT":"f0969f5d-a87a-48f1-93cc-6e60b7a37fe5","element-6066-11e4-a52e-4f735466cecf":"f0969f5d-a87a-48f1-93cc-6e60b7a37fe5"}}
[debug] &amp#27;[35m[W3C (76e47a38)]&amp#27;[39m Responding to client with driver.findElement() result: {"element-6066-11e4-a52e-4f735466cecf":"f0969f5d-a87a-48f1-93cc-6e60b7a37fe5","ELEMENT":"f0969f5d-a87a-48f1-93cc-6e60b7a37fe5"}
&amp#27;[35m[HTTP]&amp#27;[39m &amp#27;[37m<-- POST /wd/hub/session/76e47a38-5177-4ad2-a65d-7f7144c91572/element &amp#27;[39m&amp#27;[32m200&amp#27;[39m &amp#27;[90m343 ms - 137&amp#27;[39m
&amp#27;[35m[HTTP]&amp#27;[39m &amp#27;[90m&amp#27;[39m
&amp#27;[35m[HTTP]&amp#27;[39m &amp#27;[37m-->&amp#27;[39m &amp#27;[37mPOST&amp#27;[39m &amp#27;[37m/wd/hub/session/76e47a38-5177-4ad2-a65d-7f7144c91572/element/f0969f5d-a87a-48f1-93cc-6e60b7a37fe5/click&amp#27;[39m
&amp#27;[35m[HTTP]&amp#27;[39m &amp#27;[90m{"id":"f0969f5d-a87a-48f1-93cc-6e60b7a37fe5"}&amp#27;[39m
[debug] &amp#27;[35m[W3C (76e47a38)]&amp#27;[39m Calling AppiumDriver.click() with args: ["f0969f5d-a87a-48f1-93cc-6e60b7a37fe5","76e47a38-5177-4ad2-a65d-7f7144c91572"]
[debug] &amp#27;[35m[WD Proxy]&amp#27;[39m Matched '/element/f0969f5d-a87a-48f1-93cc-6e60b7a37fe5/click' to command name 'click'
[debug] &amp#27;[35m[WD Proxy]&amp#27;[39m Proxying [POST /element/f0969f5d-a87a-48f1-93cc-6e60b7a37fe5/click] to [POST http://127.0.0.1:8214/wd/hub/session/eb6bcb81-558c-47ef-b04b-d846692abd71/element/f0969f5d-a87a-48f1-93cc-6e60b7a37fe5/click] with body: {"element":"f0969f5d-a87a-48f1-93cc-6e60b7a37fe5"}
[debug] &amp#27;[35m[WD Proxy]&amp#27;[39m Got response with status 200: {"sessionId":"eb6bcb81-558c-47ef-b04b-d846692abd71","value":null}
[debug] &amp#27;[35m[W3C (76e47a38)]&amp#27;[39m Responding to client with driver.click() result: null
&amp#27;[35m[HTTP]&amp#27;[39m &amp#27;[37m<-- POST /wd/hub/session/76e47a38-5177-4ad2-a65d-7f7144c91572/element/f0969f5d-a87a-48f1-93cc-6e60b7a37fe5/click &amp#27;[39m&amp#27;[32m200&amp#27;[39m &amp#27;[90m52 ms - 14&amp#27;[39m
&amp#27;[35m[HTTP]&amp#27;[39m &amp#27;[90m&amp#27;[39m
&amp#27;[35m[HTTP]&amp#27;[39m &amp#27;[37m-->&amp#27;[39m &amp#27;[37mGET&amp#27;[39m &amp#27;[37m/wd/hub/session/76e47a38-5177-4ad2-a65d-7f7144c91572/context&amp#27;[39m
&amp#27;[35m[HTTP]&amp#27;[39m &amp#27;[90m{}&amp#27;[39m
[debug] &amp#27;[35m[W3C (76e47a38)]&amp#27;[39m Calling AppiumDriver.getCurrentContext() with args: ["76e47a38-5177-4ad2-a65d-7f7144c91572"]
[debug] &amp#27;[35m[W3C (76e47a38)]&amp#27;[39m Responding to client with driver.getCurrentContext() result: "NATIVE_APP"
&amp#27;[35m[HTTP]&amp#27;[39m &amp#27;[37m<-- GET /wd/hub/session/76e47a38-5177-4ad2-a65d-7f7144c91572/context &amp#27;[39m&amp#27;[32m200&amp#27;[39m &amp#27;[90m2 ms - 22&amp#27;[39m
&amp#27;[35m[HTTP]&amp#27;[39m &amp#27;[90m&amp#27;[39m
&amp#27;[35m[HTTP]&amp#27;[39m &amp#27;[37m-->&amp#27;[39m &amp#27;[37mPOST&amp#27;[39m &amp#27;[37m/wd/hub/session/76e47a38-5177-4ad2-a65d-7f7144c91572/element&amp#27;[39m
&amp#27;[35m[HTTP]&amp#27;[39m &amp#27;[90m{"using":"id","value":"com.androidsample.generalstore:id/radioMale"}&amp#27;[39m
[debug] &amp#27;[35m[W3C (76e47a38)]&amp#27;[39m Calling AppiumDriver.findElement() with args: ["id","com.androidsample.generalstore:id/radioMale","76e47a38-5177-4ad2-a65d-7f7144c91572"]
[debug] &amp#27;[35m[BaseDriver]&amp#27;[39m Valid locator strategies for this request: xpath, id, class name, accessibility id, -android uiautomator
[debug] &amp#27;[35m[BaseDriver]&amp#27;[39m Waiting up to 10000 ms for condition
[debug] &amp#27;[35m[WD Proxy]&amp#27;[39m Matched '/element' to command name 'findElement'
[debug] &amp#27;[35m[WD Proxy]&amp#27;[39m Proxying [POST /element] to [POST http://127.0.0.1:8214/wd/hub/session/eb6bcb81-558c-47ef-b04b-d846692abd71/element] with body: {"strategy":"id","selector":"com.androidsample.generalstore:id/radioMale","context":"","multiple":false}
[debug] &amp#27;[35m[WD Proxy]&amp#27;[39m Got response with status 200: {"sessionId":"eb6bcb81-558c-47ef-b04b-d846692abd71","value":{"ELEMENT":"11e0bfac-3a8c-4946-bd92-7e08e3a88893","element-6066-11e4-a52e-4f735466cecf":"11e0bfac-3a8c-4946-bd92-7e08e3a88893"}}
[debug] &amp#27;[35m[W3C (76e47a38)]&amp#27;[39m Responding to client with driver.findElement() result: {"element-6066-11e4-a52e-4f735466cecf":"11e0bfac-3a8c-4946-bd92-7e08e3a88893","ELEMENT":"11e0bfac-3a8c-4946-bd92-7e08e3a88893"}
&amp#27;[35m[HTTP]&amp#27;[39m &amp#27;[37m<-- POST /wd/hub/session/76e47a38-5177-4ad2-a65d-7f7144c91572/element &amp#27;[39m&amp#27;[32m200&amp#27;[39m &amp#27;[90m43 ms - 137&amp#27;[39m
&amp#27;[35m[HTTP]&amp#27;[39m &amp#27;[90m&amp#27;[39m
&amp#27;[35m[HTTP]&amp#27;[39m &amp#27;[37m-->&amp#27;[39m &amp#27;[37mPOST&amp#27;[39m &amp#27;[37m/wd/hub/session/76e47a38-5177-4ad2-a65d-7f7144c91572/element/11e0bfac-3a8c-4946-bd92-7e08e3a88893/click&amp#27;[39m
&amp#27;[35m[HTTP]&amp#27;[39m &amp#27;[90m{"id":"11e0bfac-3a8c-4946-bd92-7e08e3a88893"}&amp#27;[39m
[debug] &amp#27;[35m[W3C (76e47a38)]&amp#27;[39m Calling AppiumDriver.click() with args: ["11e0bfac-3a8c-4946-bd92-7e08e3a88893","76e47a38-5177-4ad2-a65d-7f7144c91572"]
[debug] &amp#27;[35m[WD Proxy]&amp#27;[39m Matched '/element/11e0bfac-3a8c-4946-bd92-7e08e3a88893/click' to command name 'click'
[debug] &amp#27;[35m[WD Proxy]&amp#27;[39m Proxying [POST /element/11e0bfac-3a8c-4946-bd92-7e08e3a88893/click] to [POST http://127.0.0.1:8214/wd/hub/session/eb6bcb81-558c-47ef-b04b-d846692abd71/element/11e0bfac-3a8c-4946-bd92-7e08e3a88893/click] with body: {"element":"11e0bfac-3a8c-4946-bd92-7e08e3a88893"}
[debug] &amp#27;[35m[WD Proxy]&amp#27;[39m Got response with status 200: {"sessionId":"eb6bcb81-558c-47ef-b04b-d846692abd71","value":null}
[debug] &amp#27;[35m[W3C (76e47a38)]&amp#27;[39m Responding to client with driver.click() result: null
&amp#27;[35m[HTTP]&amp#27;[39m &amp#27;[37m<-- POST /wd/hub/session/76e47a38-5177-4ad2-a65d-7f7144c91572/element/11e0bfac-3a8c-4946-bd92-7e08e3a88893/click &amp#27;[39m&amp#27;[32m200&amp#27;[39m &amp#27;[90m28 ms - 14&amp#27;[39m
&amp#27;[35m[HTTP]&amp#27;[39m &amp#27;[90m&amp#27;[39m
&amp#27;[35m[HTTP]&amp#27;[39m &amp#27;[37m-->&amp#27;[39m &amp#27;[37mGET&amp#27;[39m &amp#27;[37m/wd/hub/session/76e47a38-5177-4ad2-a65d-7f7144c91572/context&amp#27;[39m
&amp#27;[35m[HTTP]&amp#27;[39m &amp#27;[90m{}&amp#27;[39m
[debug] &amp#27;[35m[W3C (76e47a38)]&amp#27;[39m Calling AppiumDriver.getCurrentContext() with args: ["76e47a38-5177-4ad2-a65d-7f7144c91572"]
[debug] &amp#27;[35m[W3C (76e47a38)]&amp#27;[39m Responding to client with driver.getCurrentContext() result: "NATIVE_APP"
&amp#27;[35m[HTTP]&amp#27;[39m &amp#27;[37m<-- GET /wd/hub/session/76e47a38-5177-4ad2-a65d-7f7144c91572/context &amp#27;[39m&amp#27;[32m200&amp#27;[39m &amp#27;[90m2 ms - 22&amp#27;[39m
&amp#27;[35m[HTTP]&amp#27;[39m &amp#27;[90m&amp#27;[39m
&amp#27;[35m[HTTP]&amp#27;[39m &amp#27;[37m-->&amp#27;[39m &amp#27;[37mPOST&amp#27;[39m &amp#27;[37m/wd/hub/session/76e47a38-5177-4ad2-a65d-7f7144c91572/element&amp#27;[39m
&amp#27;[35m[HTTP]&amp#27;[39m &amp#27;[90m{"using":"id","value":"com.androidsample.generalstore:id/btnLetsShop"}&amp#27;[39m
[debug] &amp#27;[35m[W3C (76e47a38)]&amp#27;[39m Calling AppiumDriver.findElement() with args: ["id","com.androidsample.generalstore:id/btnLetsShop","76e47a38-5177-4ad2-a65d-7f7144c91572"]
[debug] &amp#27;[35m[BaseDriver]&amp#27;[39m Valid locator strategies for this request: xpath, id, class name, accessibility id, -android uiautomator
[debug] &amp#27;[35m[BaseDriver]&amp#27;[39m Waiting up to 10000 ms for condition
[debug] &amp#27;[35m[WD Proxy]&amp#27;[39m Matched '/element' to command name 'findElement'
[debug] &amp#27;[35m[WD Proxy]&amp#27;[39m Proxying [POST /element] to [POST http://127.0.0.1:8214/wd/hub/session/eb6bcb81-558c-47ef-b04b-d846692abd71/element] with body: {"strategy":"id","selector":"com.androidsample.generalstore:id/btnLetsShop","context":"","multiple":false}
[debug] &amp#27;[35m[WD Proxy]&amp#27;[39m Got response with status 200: {"sessionId":"eb6bcb81-558c-47ef-b04b-d846692abd71","value":{"ELEMENT":"df6eb5dd-ab4a-4ef3-820b-ba6d59464ca3","element-6066-11e4-a52e-4f735466cecf":"df6eb5dd-ab4a-4ef3-820b-ba6d59464ca3"}}
[debug] &amp#27;[35m[W3C (76e47a38)]&amp#27;[39m Responding to client with driver.findElement() result: {"element-6066-11e4-a52e-4f735466cecf":"df6eb5dd-ab4a-4ef3-820b-ba6d59464ca3","ELEMENT":"df6eb5dd-ab4a-4ef3-820b-ba6d59464ca3"}
&amp#27;[35m[HTTP]&amp#27;[39m &amp#27;[37m<-- POST /wd/hub/session/76e47a38-5177-4ad2-a65d-7f7144c91572/element &amp#27;[39m&amp#27;[32m200&amp#27;[39m &amp#27;[90m131 ms - 137&amp#27;[39m
&amp#27;[35m[HTTP]&amp#27;[39m &amp#27;[90m&amp#27;[39m
&amp#27;[35m[HTTP]&amp#27;[39m &amp#27;[37m-->&amp#27;[39m &amp#27;[37mPOST&amp#27;[39m &amp#27;[37m/wd/hub/session/76e47a38-5177-4ad2-a65d-7f7144c91572/element/df6eb5dd-ab4a-4ef3-820b-ba6d59464ca3/click&amp#27;[39m
&amp#27;[35m[HTTP]&amp#27;[39m &amp#27;[90m{"id":"df6eb5dd-ab4a-4ef3-820b-ba6d59464ca3"}&amp#27;[39m
[debug] &amp#27;[35m[W3C (76e47a38)]&amp#27;[39m Calling AppiumDriver.click() with args: ["df6eb5dd-ab4a-4ef3-820b-ba6d59464ca3","76e47a38-5177-4ad2-a65d-7f7144c91572"]
[debug] &amp#27;[35m[WD Proxy]&amp#27;[39m Matched '/element/df6eb5dd-ab4a-4ef3-820b-ba6d59464ca3/click' to command name 'click'
[debug] &amp#27;[35m[WD Proxy]&amp#27;[39m Proxying [POST /element/df6eb5dd-ab4a-4ef3-820b-ba6d59464ca3/click] to [POST http://127.0.0.1:8214/wd/hub/session/eb6bcb81-558c-47ef-b04b-d846692abd71/element/df6eb5dd-ab4a-4ef3-820b-ba6d59464ca3/click] with body: {"element":"df6eb5dd-ab4a-4ef3-820b-ba6d59464ca3"}
[debug] &amp#27;[35m[WD Proxy]&amp#27;[39m Got response with status 200: {"sessionId":"eb6bcb81-558c-47ef-b04b-d846692abd71","value":null}
[debug] &amp#27;[35m[W3C (76e47a38)]&amp#27;[39m Responding to client with driver.click() result: null
&amp#27;[35m[HTTP]&amp#27;[39m &amp#27;[37m<-- POST /wd/hub/session/76e47a38-5177-4ad2-a65d-7f7144c91572/element/df6eb5dd-ab4a-4ef3-820b-ba6d59464ca3/click &amp#27;[39m&amp#27;[32m200&amp#27;[39m &amp#27;[90m416 ms - 14&amp#27;[39m
&amp#27;[35m[HTTP]&amp#27;[39m &amp#27;[90m&amp#27;[39m
&amp#27;[35m[HTTP]&amp#27;[39m &amp#27;[37m-->&amp#27;[39m &amp#27;[37mPOST&amp#27;[39m &amp#27;[37m/wd/hub/session/76e47a38-5177-4ad2-a65d-7f7144c91572/element&amp#27;[39m
&amp#27;[35m[HTTP]&amp#27;[39m &amp#27;[90m{"using":"-android uiautomator","value":"new UiScrollable(new UiSelector()).scrollIntoView(text(\"Converse All Star\"));"}&amp#27;[39m
[debug] &amp#27;[35m[W3C (76e47a38)]&amp#27;[39m Calling AppiumDriver.findElement() with args: ["-android uiautomator","new UiScrollable(new UiSelector()).scrollIntoView(text(\"Converse All Star\"));","76e47a38-5177-4ad2-a65d-7f7144c91572"]
[debug] &amp#27;[35m[BaseDriver]&amp#27;[39m Valid locator strategies for this request: xpath, id, class name, accessibility id, -android uiautomator
[debug] &amp#27;[35m[BaseDriver]&amp#27;[39m Waiting up to 10000 ms for condition
[debug] &amp#27;[35m[WD Proxy]&amp#27;[39m Matched '/element' to command name 'findElement'
[debug] &amp#27;[35m[WD Proxy]&amp#27;[39m Proxying [POST /element] to [POST http://127.0.0.1:8214/wd/hub/session/eb6bcb81-558c-47ef-b04b-d846692abd71/element] with body: {"strategy":"-android uiautomator","selector":"new UiScrollable(new UiSelector()).scrollIntoView(text(\"Converse All Star\"));","context":"","multiple":false}
[debug] &amp#27;[35m[WD Proxy]&amp#27;[39m Got response with status 200: {"sessionId":"eb6bcb81-558c-47ef-b04b-d846692abd71","value":{"ELEMENT":"3af32980-0f18-4ba8-ad6f-b8245894069d","element-6066-11e4-a52e-4f735466cecf":"3af32980-0f18-4ba8-ad6f-b8245894069d"}}
[debug] &amp#27;[35m[W3C (76e47a38)]&amp#27;[39m Responding to client with driver.findElement() result: {"element-6066-11e4-a52e-4f735466cecf":"3af32980-0f18-4ba8-ad6f-b8245894069d","ELEMENT":"3af32980-0f18-4ba8-ad6f-b8245894069d"}
&amp#27;[35m[HTTP]&amp#27;[39m &amp#27;[37m<-- POST /wd/hub/session/76e47a38-5177-4ad2-a65d-7f7144c91572/element &amp#27;[39m&amp#27;[32m200&amp#27;[39m &amp#27;[90m5427 ms - 137&amp#27;[39m
&amp#27;[35m[HTTP]&amp#27;[39m &amp#27;[90m&amp#27;[39m
&amp#27;[35m[HTTP]&amp#27;[39m &amp#27;[37m-->&amp#27;[39m &amp#27;[37mGET&amp#27;[39m &amp#27;[37m/wd/hub/session/76e47a38-5177-4ad2-a65d-7f7144c91572/context&amp#27;[39m
&amp#27;[35m[HTTP]&amp#27;[39m &amp#27;[90m{}&amp#27;[39m
[debug] &amp#27;[35m[W3C (76e47a38)]&amp#27;[39m Calling AppiumDriver.getCurrentContext() with args: ["76e47a38-5177-4ad2-a65d-7f7144c91572"]
[debug] &amp#27;[35m[W3C (76e47a38)]&amp#27;[39m Responding to client with driver.getCurrentContext() result: "NATIVE_APP"
&amp#27;[35m[HTTP]&amp#27;[39m &amp#27;[37m<-- GET /wd/hub/session/76e47a38-5177-4ad2-a65d-7f7144c91572/context &amp#27;[39m&amp#27;[32m200&amp#27;[39m &amp#27;[90m3 ms - 22&amp#27;[39m
&amp#27;[35m[HTTP]&amp#27;[39m &amp#27;[90m&amp#27;[39m
&amp#27;[35m[HTTP]&amp#27;[39m &amp#27;[37m-->&amp#27;[39m &amp#27;[37mPOST&amp#27;[39m &amp#27;[37m/wd/hub/session/76e47a38-5177-4ad2-a65d-7f7144c91572/elements&amp#27;[39m
&amp#27;[35m[HTTP]&amp#27;[39m &amp#27;[90m{"using":"id","value":"com.androidsample.generalstore:id/productAddCart"}&amp#27;[39m
[debug] &amp#27;[35m[W3C (76e47a38)]&amp#27;[39m Calling AppiumDriver.findElements() with args: ["id","com.androidsample.generalstore:id/productAddCart","76e47a38-5177-4ad2-a65d-7f7144c91572"]
[debug] &amp#27;[35m[BaseDriver]&amp#27;[39m Valid locator strategies for this request: xpath, id, class name, accessibility id, -android uiautomator
[debug] &amp#27;[35m[BaseDriver]&amp#27;[39m Waiting up to 10000 ms for condition
[debug] &amp#27;[35m[WD Proxy]&amp#27;[39m Matched '/elements' to command name 'findElements'
[debug] &amp#27;[35m[WD Proxy]&amp#27;[39m Proxying [POST /elements] to [POST http://127.0.0.1:8214/wd/hub/session/eb6bcb81-558c-47ef-b04b-d846692abd71/elements] with body: {"strategy":"id","selector":"com.androidsample.generalstore:id/productAddCart","context":"","multiple":true}
[debug] &amp#27;[35m[WD Proxy]&amp#27;[39m Got response with status 200: {"sessionId":"eb6bcb81-558c-47ef-b04b-d846692abd71","value":[{"ELEMENT":"f2c4224e-d015-4201-ad6f-af6886d88df7","element-6066-11e4-a52e-4f735466cecf":"f2c4224e-d015-4201-ad6f-af6886d88df7"},{"ELEMENT":"491e6b21-8063-4208-a893-d3c937f2dad5","element-6066-11e4-a52e-4f735466cecf":"491e6b21-8063-4208-a893-d3c937f2dad5"}]}
[debug] &amp#27;[35m[W3C (76e47a38)]&amp#27;[39m Responding to client with driver.findElements() result: [{"element-6066-11e4-a52e-4f735466cecf":"f2c4224e-d015-4201-ad6f-af6886d88df7","ELEMENT":"f2c4224e-d015-4201-ad6f-af6886d88df7"},{"element-6066-11e4-a52e-4f735466cecf":"491e6b21-8063-4208-a893-d3c937f2dad5","ELEMENT":"491e6b21-8063-4208-a893-d3c937f2dad5"}]
&amp#27;[35m[HTTP]&amp#27;[39m &amp#27;[37m<-- POST /wd/hub/session/76e47a38-5177-4ad2-a65d-7f7144c91572/elements &amp#27;[39m&amp#27;[32m200&amp#27;[39m &amp#27;[90m50 ms - 267&amp#27;[39m
&amp#27;[35m[HTTP]&amp#27;[39m &amp#27;[90m&amp#27;[39m
&amp#27;[35m[HTTP]&amp#27;[39m &amp#27;[37m-->&amp#27;[39m &amp#27;[37mPOST&amp#27;[39m &amp#27;[37m/wd/hub/session/76e47a38-5177-4ad2-a65d-7f7144c91572/element/f2c4224e-d015-4201-ad6f-af6886d88df7/click&amp#27;[39m
&amp#27;[35m[HTTP]&amp#27;[39m &amp#27;[90m{"id":"f2c4224e-d015-4201-ad6f-af6886d88df7"}&amp#27;[39m
[debug] &amp#27;[35m[W3C (76e47a38)]&amp#27;[39m Calling AppiumDriver.click() with args: ["f2c4224e-d015-4201-ad6f-af6886d88df7","76e47a38-5177-4ad2-a65d-7f7144c91572"]
[debug] &amp#27;[35m[WD Proxy]&amp#27;[39m Matched '/element/f2c4224e-d015-4201-ad6f-af6886d88df7/click' to command name 'click'
[debug] &amp#27;[35m[WD Proxy]&amp#27;[39m Proxying [POST /element/f2c4224e-d015-4201-ad6f-af6886d88df7/click] to [POST http://127.0.0.1:8214/wd/hub/session/eb6bcb81-558c-47ef-b04b-d846692abd71/element/f2c4224e-d015-4201-ad6f-af6886d88df7/click] with body: {"element":"f2c4224e-d015-4201-ad6f-af6886d88df7"}
[debug] &amp#27;[35m[WD Proxy]&amp#27;[39m Got response with status 200: {"sessionId":"eb6bcb81-558c-47ef-b04b-d846692abd71","value":null}
[debug] &amp#27;[35m[W3C (76e47a38)]&amp#27;[39m Responding to client with driver.click() result: null
&amp#27;[35m[HTTP]&amp#27;[39m &amp#27;[37m<-- POST /wd/hub/session/76e47a38-5177-4ad2-a65d-7f7144c91572/element/f2c4224e-d015-4201-ad6f-af6886d88df7/click &amp#27;[39m&amp#27;[32m200&amp#27;[39m &amp#27;[90m50 ms - 14&amp#27;[39m
&amp#27;[35m[HTTP]&amp#27;[39m &amp#27;[90m&amp#27;[39m
&amp#27;[35m[HTTP]&amp#27;[39m &amp#27;[37m-->&amp#27;[39m &amp#27;[37mGET&amp#27;[39m &amp#27;[37m/wd/hub/session/76e47a38-5177-4ad2-a65d-7f7144c91572/context&amp#27;[39m
&amp#27;[35m[HTTP]&amp#27;[39m &amp#27;[90m{}&amp#27;[39m
[debug] &amp#27;[35m[W3C (76e47a38)]&amp#27;[39m Calling AppiumDriver.getCurrentContext() with args: ["76e47a38-5177-4ad2-a65d-7f7144c91572"]
[debug] &amp#27;[35m[W3C (76e47a38)]&amp#27;[39m Responding to client with driver.getCurrentContext() result: "NATIVE_APP"
&amp#27;[35m[HTTP]&amp#27;[39m &amp#27;[37m<-- GET /wd/hub/session/76e47a38-5177-4ad2-a65d-7f7144c91572/context &amp#27;[39m&amp#27;[32m200&amp#27;[39m &amp#27;[90m4 ms - 22&amp#27;[39m
&amp#27;[35m[HTTP]&amp#27;[39m &amp#27;[90m&amp#27;[39m
&amp#27;[35m[HTTP]&amp#27;[39m &amp#27;[37m-->&amp#27;[39m &amp#27;[37mPOST&amp#27;[39m &amp#27;[37m/wd/hub/session/76e47a38-5177-4ad2-a65d-7f7144c91572/elements&amp#27;[39m
&amp#27;[35m[HTTP]&amp#27;[39m &amp#27;[90m{"using":"id","value":"com.androidsample.generalstore:id/productAddCart"}&amp#27;[39m
[debug] &amp#27;[35m[W3C (76e47a38)]&amp#27;[39m Calling AppiumDriver.findElements() with args: ["id","com.androidsample.generalstore:id/productAddCart","76e47a38-5177-4ad2-a65d-7f7144c91572"]
[debug] &amp#27;[35m[BaseDriver]&amp#27;[39m Valid locator strategies for this request: xpath, id, class name, accessibility id, -android uiautomator
[debug] &amp#27;[35m[BaseDriver]&amp#27;[39m Waiting up to 10000 ms for condition
[debug] &amp#27;[35m[WD Proxy]&amp#27;[39m Matched '/elements' to command name 'findElements'
[debug] &amp#27;[35m[WD Proxy]&amp#27;[39m Proxying [POST /elements] to [POST http://127.0.0.1:8214/wd/hub/session/eb6bcb81-558c-47ef-b04b-d846692abd71/elements] with body: {"strategy":"id","selector":"com.androidsample.generalstore:id/productAddCart","context":"","multiple":true}
[debug] &amp#27;[35m[WD Proxy]&amp#27;[39m Got response with status 200: {"sessionId":"eb6bcb81-558c-47ef-b04b-d846692abd71","value":[{"ELEMENT":"d5e6e3c1-b2c3-4e40-85c9-7a1fb16c5edc","element-6066-11e4-a52e-4f735466cecf":"d5e6e3c1-b2c3-4e40-85c9-7a1fb16c5edc"},{"ELEMENT":"11ce406f-ea14-4a03-bf95-46b67348c90b","element-6066-11e4-a52e-4f735466cecf":"11ce406f-ea14-4a03-bf95-46b67348c90b"}]}
[debug] &amp#27;[35m[W3C (76e47a38)]&amp#27;[39m Responding to client with driver.findElements() result: [{"element-6066-11e4-a52e-4f735466cecf":"d5e6e3c1-b2c3-4e40-85c9-7a1fb16c5edc","ELEMENT":"d5e6e3c1-b2c3-4e40-85c9-7a1fb16c5edc"},{"element-6066-11e4-a52e-4f735466cecf":"11ce406f-ea14-4a03-bf95-46b67348c90b","ELEMENT":"11ce406f-ea14-4a03-bf95-46b67348c90b"}]
&amp#27;[35m[HTTP]&amp#27;[39m &amp#27;[37m<-- POST /wd/hub/session/76e47a38-5177-4ad2-a65d-7f7144c91572/elements &amp#27;[39m&amp#27;[32m200&amp#27;[39m &amp#27;[90m493 ms - 267&amp#27;[39m
&amp#27;[35m[HTTP]&amp#27;[39m &amp#27;[90m&amp#27;[39m
&amp#27;[35m[HTTP]&amp#27;[39m &amp#27;[37m-->&amp#27;[39m &amp#27;[37mPOST&amp#27;[39m &amp#27;[37m/wd/hub/session/76e47a38-5177-4ad2-a65d-7f7144c91572/element/11ce406f-ea14-4a03-bf95-46b67348c90b/click&amp#27;[39m
&amp#27;[35m[HTTP]&amp#27;[39m &amp#27;[90m{"id":"11ce406f-ea14-4a03-bf95-46b67348c90b"}&amp#27;[39m
[debug] &amp#27;[35m[W3C (76e47a38)]&amp#27;[39m Calling AppiumDriver.click() with args: ["11ce406f-ea14-4a03-bf95-46b67348c90b","76e47a38-5177-4ad2-a65d-7f7144c91572"]
[debug] &amp#27;[35m[WD Proxy]&amp#27;[39m Matched '/element/11ce406f-ea14-4a03-bf95-46b67348c90b/click' to command name 'click'
[debug] &amp#27;[35m[WD Proxy]&amp#27;[39m Proxying [POST /element/11ce406f-ea14-4a03-bf95-46b67348c90b/click] to [POST http://127.0.0.1:8214/wd/hub/session/eb6bcb81-558c-47ef-b04b-d846692abd71/element/11ce406f-ea14-4a03-bf95-46b67348c90b/click] with body: {"element":"11ce406f-ea14-4a03-bf95-46b67348c90b"}
[debug] &amp#27;[35m[WD Proxy]&amp#27;[39m Got response with status 200: {"sessionId":"eb6bcb81-558c-47ef-b04b-d846692abd71","value":null}
[debug] &amp#27;[35m[W3C (76e47a38)]&amp#27;[39m Responding to client with driver.click() result: null
&amp#27;[35m[HTTP]&amp#27;[39m &amp#27;[37m<-- POST /wd/hub/session/76e47a38-5177-4ad2-a65d-7f7144c91572/element/11ce406f-ea14-4a03-bf95-46b67348c90b/click &amp#27;[39m&amp#27;[32m200&amp#27;[39m &amp#27;[90m33 ms - 14&amp#27;[39m
&amp#27;[35m[HTTP]&amp#27;[39m &amp#27;[90m&amp#27;[39m
&amp#27;[35m[HTTP]&amp#27;[39m &amp#27;[37m-->&amp#27;[39m &amp#27;[37mGET&amp#27;[39m &amp#27;[37m/wd/hub/session/76e47a38-5177-4ad2-a65d-7f7144c91572/context&amp#27;[39m
&amp#27;[35m[HTTP]&amp#27;[39m &amp#27;[90m{}&amp#27;[39m
[debug] &amp#27;[35m[W3C (76e47a38)]&amp#27;[39m Calling AppiumDriver.getCurrentContext() with args: ["76e47a38-5177-4ad2-a65d-7f7144c91572"]
[debug] &amp#27;[35m[W3C (76e47a38)]&amp#27;[39m Responding to client with driver.getCurrentContext() result: "NATIVE_APP"
&amp#27;[35m[HTTP]&amp#27;[39m &amp#27;[37m<-- GET /wd/hub/session/76e47a38-5177-4ad2-a65d-7f7144c91572/context &amp#27;[39m&amp#27;[32m200&amp#27;[39m &amp#27;[90m2 ms - 22&amp#27;[39m
&amp#27;[35m[HTTP]&amp#27;[39m &amp#27;[90m&amp#27;[39m
&amp#27;[35m[HTTP]&amp#27;[39m &amp#27;[37m-->&amp#27;[39m &amp#27;[37mPOST&amp#27;[39m &amp#27;[37m/wd/hub/session/76e47a38-5177-4ad2-a65d-7f7144c91572/element&amp#27;[39m
&amp#27;[35m[HTTP]&amp#27;[39m &amp#27;[90m{"using":"id","value":"com.androidsample.generalstore:id/appbar_btn_cart"}&amp#27;[39m
[debug] &amp#27;[35m[W3C (76e47a38)]&amp#27;[39m Calling AppiumDriver.findElement() with args: ["id","com.androidsample.generalstore:id/appbar_btn_cart","76e47a38-5177-4ad2-a65d-7f7144c91572"]
[debug] &amp#27;[35m[BaseDriver]&amp#27;[39m Valid locator strategies for this request: xpath, id, class name, accessibility id, -android uiautomator
[debug] &amp#27;[35m[BaseDriver]&amp#27;[39m Waiting up to 10000 ms for condition
[debug] &amp#27;[35m[WD Proxy]&amp#27;[39m Matched '/element' to command name 'findElement'
[debug] &amp#27;[35m[WD Proxy]&amp#27;[39m Proxying [POST /element] to [POST http://127.0.0.1:8214/wd/hub/session/eb6bcb81-558c-47ef-b04b-d846692abd71/element] with body: {"strategy":"id","selector":"com.androidsample.generalstore:id/appbar_btn_cart","context":"","multiple":false}
[debug] &amp#27;[35m[WD Proxy]&amp#27;[39m Got response with status 200: {"sessionId":"eb6bcb81-558c-47ef-b04b-d846692abd71","value":{"ELEMENT":"dbe1a91b-e391-4801-8007-97742f04478b","element-6066-11e4-a52e-4f735466cecf":"dbe1a91b-e391-4801-8007-97742f04478b"}}
[debug] &amp#27;[35m[W3C (76e47a38)]&amp#27;[39m Responding to client with driver.findElement() result: {"element-6066-11e4-a52e-4f735466cecf":"dbe1a91b-e391-4801-8007-97742f04478b","ELEMENT":"dbe1a91b-e391-4801-8007-97742f04478b"}
&amp#27;[35m[HTTP]&amp#27;[39m &amp#27;[37m<-- POST /wd/hub/session/76e47a38-5177-4ad2-a65d-7f7144c91572/element &amp#27;[39m&amp#27;[32m200&amp#27;[39m &amp#27;[90m502 ms - 137&amp#27;[39m
&amp#27;[35m[HTTP]&amp#27;[39m &amp#27;[90m&amp#27;[39m
&amp#27;[35m[HTTP]&amp#27;[39m &amp#27;[37m-->&amp#27;[39m &amp#27;[37mPOST&amp#27;[39m &amp#27;[37m/wd/hub/session/76e47a38-5177-4ad2-a65d-7f7144c91572/element/dbe1a91b-e391-4801-8007-97742f04478b/click&amp#27;[39m
&amp#27;[35m[HTTP]&amp#27;[39m &amp#27;[90m{"id":"dbe1a91b-e391-4801-8007-97742f04478b"}&amp#27;[39m
[debug] &amp#27;[35m[W3C (76e47a38)]&amp#27;[39m Calling AppiumDriver.click() with args: ["dbe1a91b-e391-4801-8007-97742f04478b","76e47a38-5177-4ad2-a65d-7f7144c91572"]
[debug] &amp#27;[35m[WD Proxy]&amp#27;[39m Matched '/element/dbe1a91b-e391-4801-8007-97742f04478b/click' to command name 'click'
[debug] &amp#27;[35m[WD Proxy]&amp#27;[39m Proxying [POST /element/dbe1a91b-e391-4801-8007-97742f04478b/click] to [POST http://127.0.0.1:8214/wd/hub/session/eb6bcb81-558c-47ef-b04b-d846692abd71/element/dbe1a91b-e391-4801-8007-97742f04478b/click] with body: {"element":"dbe1a91b-e391-4801-8007-97742f04478b"}
[debug] &amp#27;[35m[WD Proxy]&amp#27;[39m Got response with status 200: {"sessionId":"eb6bcb81-558c-47ef-b04b-d846692abd71","value":null}
[debug] &amp#27;[35m[W3C (76e47a38)]&amp#27;[39m Responding to client with driver.click() result: null
&amp#27;[35m[HTTP]&amp#27;[39m &amp#27;[37m<-- POST /wd/hub/session/76e47a38-5177-4ad2-a65d-7f7144c91572/element/dbe1a91b-e391-4801-8007-97742f04478b/click &amp#27;[39m&amp#27;[32m200&amp#27;[39m &amp#27;[90m42 ms - 14&amp#27;[39m
&amp#27;[35m[HTTP]&amp#27;[39m &amp#27;[90m&amp#27;[39m
&amp#27;[35m[HTTP]&amp#27;[39m &amp#27;[37m-->&amp#27;[39m &amp#27;[37mGET&amp#27;[39m &amp#27;[37m/wd/hub/session/76e47a38-5177-4ad2-a65d-7f7144c91572/context&amp#27;[39m
&amp#27;[35m[HTTP]&amp#27;[39m &amp#27;[90m{}&amp#27;[39m
[debug] &amp#27;[35m[W3C (76e47a38)]&amp#27;[39m Calling AppiumDriver.getCurrentContext() with args: ["76e47a38-5177-4ad2-a65d-7f7144c91572"]
[debug] &amp#27;[35m[W3C (76e47a38)]&amp#27;[39m Responding to client with driver.getCurrentContext() result: "NATIVE_APP"
&amp#27;[35m[HTTP]&amp#27;[39m &amp#27;[37m<-- GET /wd/hub/session/76e47a38-5177-4ad2-a65d-7f7144c91572/context &amp#27;[39m&amp#27;[32m200&amp#27;[39m &amp#27;[90m5 ms - 22&amp#27;[39m
&amp#27;[35m[HTTP]&amp#27;[39m &amp#27;[90m&amp#27;[39m
&amp#27;[35m[HTTP]&amp#27;[39m &amp#27;[37m-->&amp#27;[39m &amp#27;[37mPOST&amp#27;[39m &amp#27;[37m/wd/hub/session/76e47a38-5177-4ad2-a65d-7f7144c91572/elements&amp#27;[39m
&amp#27;[35m[HTTP]&amp#27;[39m &amp#27;[90m{"using":"id","value":"com.androidsample.generalstore:id/productPrice"}&amp#27;[39m
[debug] &amp#27;[35m[W3C (76e47a38)]&amp#27;[39m Calling AppiumDriver.findElements() with args: ["id","com.androidsample.generalstore:id/productPrice","76e47a38-5177-4ad2-a65d-7f7144c91572"]
[debug] &amp#27;[35m[BaseDriver]&amp#27;[39m Valid locator strategies for this request: xpath, id, class name, accessibility id, -android uiautomator
[debug] &amp#27;[35m[BaseDriver]&amp#27;[39m Waiting up to 10000 ms for condition
[debug] &amp#27;[35m[WD Proxy]&amp#27;[39m Matched '/elements' to command name 'findElements'
[debug] &amp#27;[35m[WD Proxy]&amp#27;[39m Proxying [POST /elements] to [POST http://127.0.0.1:8214/wd/hub/session/eb6bcb81-558c-47ef-b04b-d846692abd71/elements] with body: {"strategy":"id","selector":"com.androidsample.generalstore:id/productPrice","context":"","multiple":true}
[debug] &amp#27;[35m[WD Proxy]&amp#27;[39m Got response with status 200: {"sessionId":"eb6bcb81-558c-47ef-b04b-d846692abd71","value":[{"ELEMENT":"249a7d40-b2e1-4d37-997d-4d81a86ca2a8","element-6066-11e4-a52e-4f735466cecf":"249a7d40-b2e1-4d37-997d-4d81a86ca2a8"},{"ELEMENT":"0213b641-7b91-4366-8bd9-c1a60d38a915","element-6066-11e4-a52e-4f735466cecf":"0213b641-7b91-4366-8bd9-c1a60d38a915"}]}
[debug] &amp#27;[35m[W3C (76e47a38)]&amp#27;[39m Responding to client with driver.findElements() result: [{"element-6066-11e4-a52e-4f735466cecf":"249a7d40-b2e1-4d37-997d-4d81a86ca2a8","ELEMENT":"249a7d40-b2e1-4d37-997d-4d81a86ca2a8"},{"element-6066-11e4-a52e-4f735466cecf":"0213b641-7b91-4366-8bd9-c1a60d38a915","ELEMENT":"0213b641-7b91-4366-8bd9-c1a60d38a915"}]
&amp#27;[35m[HTTP]&amp#27;[39m &amp#27;[37m<-- POST /wd/hub/session/76e47a38-5177-4ad2-a65d-7f7144c91572/elements &amp#27;[39m&amp#27;[32m200&amp#27;[39m &amp#27;[90m57 ms - 267&amp#27;[39m
&amp#27;[35m[HTTP]&amp#27;[39m &amp#27;[90m&amp#27;[39m
&amp#27;[35m[HTTP]&amp#27;[39m &amp#27;[37m-->&amp#27;[39m &amp#27;[37mGET&amp#27;[39m &amp#27;[37m/wd/hub/session/76e47a38-5177-4ad2-a65d-7f7144c91572/element/249a7d40-b2e1-4d37-997d-4d81a86ca2a8/text&amp#27;[39m
&amp#27;[35m[HTTP]&amp#27;[39m &amp#27;[90m{}&amp#27;[39m
&amp#27;[35m[W3C (76e47a38)]&amp#27;[39m Driver proxy active, passing request on via HTTP proxy
[debug] &amp#27;[35m[WD Proxy]&amp#27;[39m Matched '/wd/hub/session/76e47a38-5177-4ad2-a65d-7f7144c91572/element/249a7d40-b2e1-4d37-997d-4d81a86ca2a8/text' to command name 'getText'
[debug] &amp#27;[35m[WD Proxy]&amp#27;[39m Proxying [GET /wd/hub/session/76e47a38-5177-4ad2-a65d-7f7144c91572/element/249a7d40-b2e1-4d37-997d-4d81a86ca2a8/text] to [GET http://127.0.0.1:8214/wd/hub/session/eb6bcb81-558c-47ef-b04b-d846692abd71/element/249a7d40-b2e1-4d37-997d-4d81a86ca2a8/text] with no body
[debug] &amp#27;[35m[WD Proxy]&amp#27;[39m Got response with status 200: {"sessionId":"eb6bcb81-558c-47ef-b04b-d846692abd71","value":"$110.0"}
&amp#27;[35m[WD Proxy]&amp#27;[39m Replacing sessionId eb6bcb81-558c-47ef-b04b-d846692abd71 with 76e47a38-5177-4ad2-a65d-7f7144c91572
&amp#27;[35m[HTTP]&amp#27;[39m &amp#27;[37m<-- GET /wd/hub/session/76e47a38-5177-4ad2-a65d-7f7144c91572/element/249a7d40-b2e1-4d37-997d-4d81a86ca2a8/text &amp#27;[39m&amp#27;[32m200&amp#27;[39m &amp#27;[90m33 ms - 69&amp#27;[39m
&amp#27;[35m[HTTP]&amp#27;[39m &amp#27;[90m&amp#27;[39m
&amp#27;[35m[HTTP]&amp#27;[39m &amp#27;[37m-->&amp#27;[39m &amp#27;[37mGET&amp#27;[39m &amp#27;[37m/wd/hub/session/76e47a38-5177-4ad2-a65d-7f7144c91572/context&amp#27;[39m
&amp#27;[35m[HTTP]&amp#27;[39m &amp#27;[90m{}&amp#27;[39m
[debug] &amp#27;[35m[W3C (76e47a38)]&amp#27;[39m Calling AppiumDriver.getCurrentContext() with args: ["76e47a38-5177-4ad2-a65d-7f7144c91572"]
[debug] &amp#27;[35m[W3C (76e47a38)]&amp#27;[39m Responding to client with driver.getCurrentContext() result: "NATIVE_APP"
&amp#27;[35m[HTTP]&amp#27;[39m &amp#27;[37m<-- GET /wd/hub/session/76e47a38-5177-4ad2-a65d-7f7144c91572/context &amp#27;[39m&amp#27;[32m200&amp#27;[39m &amp#27;[90m7 ms - 22&amp#27;[39m
&amp#27;[35m[HTTP]&amp#27;[39m &amp#27;[90m&amp#27;[39m
&amp#27;[35m[HTTP]&amp#27;[39m &amp#27;[37m-->&amp#27;[39m &amp#27;[37mPOST&amp#27;[39m &amp#27;[37m/wd/hub/session/76e47a38-5177-4ad2-a65d-7f7144c91572/elements&amp#27;[39m
&amp#27;[35m[HTTP]&amp#27;[39m &amp#27;[90m{"using":"id","value":"com.androidsample.generalstore:id/productPrice"}&amp#27;[39m
[debug] &amp#27;[35m[W3C (76e47a38)]&amp#27;[39m Calling AppiumDriver.findElements() with args: ["id","com.androidsample.generalstore:id/productPrice","76e47a38-5177-4ad2-a65d-7f7144c91572"]
[debug] &amp#27;[35m[BaseDriver]&amp#27;[39m Valid locator strategies for this request: xpath, id, class name, accessibility id, -android uiautomator
[debug] &amp#27;[35m[BaseDriver]&amp#27;[39m Waiting up to 10000 ms for condition
[debug] &amp#27;[35m[WD Proxy]&amp#27;[39m Matched '/elements' to command name 'findElements'
[debug] &amp#27;[35m[WD Proxy]&amp#27;[39m Proxying [POST /elements] to [POST http://127.0.0.1:8214/wd/hub/session/eb6bcb81-558c-47ef-b04b-d846692abd71/elements] with body: {"strategy":"id","selector":"com.androidsample.generalstore:id/productPrice","context":"","multiple":true}
[debug] &amp#27;[35m[WD Proxy]&amp#27;[39m Got response with status 200: {"sessionId":"eb6bcb81-558c-47ef-b04b-d846692abd71","value":[{"ELEMENT":"2f8b2017-a189-4493-9c39-9b62728d9a7f","element-6066-11e4-a52e-4f735466cecf":"2f8b2017-a189-4493-9c39-9b62728d9a7f"},{"ELEMENT":"c61104c0-82a5-44fe-8e13-25868484a922","element-6066-11e4-a52e-4f735466cecf":"c61104c0-82a5-44fe-8e13-25868484a922"}]}
[debug] &amp#27;[35m[W3C (76e47a38)]&amp#27;[39m Responding to client with driver.findElements() result: [{"element-6066-11e4-a52e-4f735466cecf":"2f8b2017-a189-4493-9c39-9b62728d9a7f","ELEMENT":"2f8b2017-a189-4493-9c39-9b62728d9a7f"},{"element-6066-11e4-a52e-4f735466cecf":"c61104c0-82a5-44fe-8e13-25868484a922","ELEMENT":"c61104c0-82a5-44fe-8e13-25868484a922"}]
&amp#27;[35m[HTTP]&amp#27;[39m &amp#27;[37m<-- POST /wd/hub/session/76e47a38-5177-4ad2-a65d-7f7144c91572/elements &amp#27;[39m&amp#27;[32m200&amp#27;[39m &amp#27;[90m53 ms - 267&amp#27;[39m
&amp#27;[35m[HTTP]&amp#27;[39m &amp#27;[90m&amp#27;[39m
&amp#27;[35m[HTTP]&amp#27;[39m &amp#27;[37m-->&amp#27;[39m &amp#27;[37mGET&amp#27;[39m &amp#27;[37m/wd/hub/session/76e47a38-5177-4ad2-a65d-7f7144c91572/element/c61104c0-82a5-44fe-8e13-25868484a922/text&amp#27;[39m
&amp#27;[35m[HTTP]&amp#27;[39m &amp#27;[90m{}&amp#27;[39m
&amp#27;[35m[W3C (76e47a38)]&amp#27;[39m Driver proxy active, passing request on via HTTP proxy
[debug] &amp#27;[35m[WD Proxy]&amp#27;[39m Matched '/wd/hub/session/76e47a38-5177-4ad2-a65d-7f7144c91572/element/c61104c0-82a5-44fe-8e13-25868484a922/text' to command name 'getText'
[debug] &amp#27;[35m[WD Proxy]&amp#27;[39m Proxying [GET /wd/hub/session/76e47a38-5177-4ad2-a65d-7f7144c91572/element/c61104c0-82a5-44fe-8e13-25868484a922/text] to [GET http://127.0.0.1:8214/wd/hub/session/eb6bcb81-558c-47ef-b04b-d846692abd71/element/c61104c0-82a5-44fe-8e13-25868484a922/text] with no body
[debug] &amp#27;[35m[WD Proxy]&amp#27;[39m Got response with status 200: {"sessionId":"eb6bcb81-558c-47ef-b04b-d846692abd71","value":"$55.0"}
&amp#27;[35m[WD Proxy]&amp#27;[39m Replacing sessionId eb6bcb81-558c-47ef-b04b-d846692abd71 with 76e47a38-5177-4ad2-a65d-7f7144c91572
&amp#27;[35m[HTTP]&amp#27;[39m &amp#27;[37m<-- GET /wd/hub/session/76e47a38-5177-4ad2-a65d-7f7144c91572/element/c61104c0-82a5-44fe-8e13-25868484a922/text &amp#27;[39m&amp#27;[32m200&amp#27;[39m &amp#27;[90m24 ms - 68&amp#27;[39m
&amp#27;[35m[HTTP]&amp#27;[39m &amp#27;[90m&amp#27;[39m
&amp#27;[35m[HTTP]&amp#27;[39m &amp#27;[37m-->&amp#27;[39m &amp#27;[37mGET&amp#27;[39m &amp#27;[37m/wd/hub/session/76e47a38-5177-4ad2-a65d-7f7144c91572/context&amp#27;[39m
&amp#27;[35m[HTTP]&amp#27;[39m &amp#27;[90m{}&amp#27;[39m
[debug] &amp#27;[35m[W3C (76e47a38)]&amp#27;[39m Calling AppiumDriver.getCurrentContext() with args: ["76e47a38-5177-4ad2-a65d-7f7144c91572"]
[debug] &amp#27;[35m[W3C (76e47a38)]&amp#27;[39m Responding to client with driver.getCurrentContext() result: "NATIVE_APP"
&amp#27;[35m[HTTP]&amp#27;[39m &amp#27;[37m<-- GET /wd/hub/session/76e47a38-5177-4ad2-a65d-7f7144c91572/context &amp#27;[39m&amp#27;[32m200&amp#27;[39m &amp#27;[90m3 ms - 22&amp#27;[39m
&amp#27;[35m[HTTP]&amp#27;[39m &amp#27;[90m&amp#27;[39m
&amp#27;[35m[HTTP]&amp#27;[39m &amp#27;[37m-->&amp#27;[39m &amp#27;[37mPOST&amp#27;[39m &amp#27;[37m/wd/hub/session/76e47a38-5177-4ad2-a65d-7f7144c91572/element&amp#27;[39m
&amp#27;[35m[HTTP]&amp#27;[39m &amp#27;[90m{"using":"id","value":"com.androidsample.generalstore:id/totalAmountLbl"}&amp#27;[39m
[debug] &amp#27;[35m[W3C (76e47a38)]&amp#27;[39m Calling AppiumDriver.findElement() with args: ["id","com.androidsample.generalstore:id/totalAmountLbl","76e47a38-5177-4ad2-a65d-7f7144c91572"]
[debug] &amp#27;[35m[BaseDriver]&amp#27;[39m Valid locator strategies for this request: xpath, id, class name, accessibility id, -android uiautomator
[debug] &amp#27;[35m[BaseDriver]&amp#27;[39m Waiting up to 10000 ms for condition
[debug] &amp#27;[35m[WD Proxy]&amp#27;[39m Matched '/element' to command name 'findElement'
[debug] &amp#27;[35m[WD Proxy]&amp#27;[39m Proxying [POST /element] to [POST http://127.0.0.1:8214/wd/hub/session/eb6bcb81-558c-47ef-b04b-d846692abd71/element] with body: {"strategy":"id","selector":"com.androidsample.generalstore:id/totalAmountLbl","context":"","multiple":false}
[debug] &amp#27;[35m[WD Proxy]&amp#27;[39m Got response with status 200: {"sessionId":"eb6bcb81-558c-47ef-b04b-d846692abd71","value":{"ELEMENT":"93d0145b-e0df-401f-94b9-940ffbc9d250","element-6066-11e4-a52e-4f735466cecf":"93d0145b-e0df-401f-94b9-940ffbc9d250"}}
[debug] &amp#27;[35m[W3C (76e47a38)]&amp#27;[39m Responding to client with driver.findElement() result: {"element-6066-11e4-a52e-4f735466cecf":"93d0145b-e0df-401f-94b9-940ffbc9d250","ELEMENT":"93d0145b-e0df-401f-94b9-940ffbc9d250"}
&amp#27;[35m[HTTP]&amp#27;[39m &amp#27;[37m<-- POST /wd/hub/session/76e47a38-5177-4ad2-a65d-7f7144c91572/element &amp#27;[39m&amp#27;[32m200&amp#27;[39m &amp#27;[90m36 ms - 137&amp#27;[39m
&amp#27;[35m[HTTP]&amp#27;[39m &amp#27;[90m&amp#27;[39m
&amp#27;[35m[HTTP]&amp#27;[39m &amp#27;[37m-->&amp#27;[39m &amp#27;[37mGET&amp#27;[39m &amp#27;[37m/wd/hub/session/76e47a38-5177-4ad2-a65d-7f7144c91572/element/93d0145b-e0df-401f-94b9-940ffbc9d250/text&amp#27;[39m
&amp#27;[35m[HTTP]&amp#27;[39m &amp#27;[90m{}&amp#27;[39m
&amp#27;[35m[W3C (76e47a38)]&amp#27;[39m Driver proxy active, passing request on via HTTP proxy
[debug] &amp#27;[35m[WD Proxy]&amp#27;[39m Matched '/wd/hub/session/76e47a38-5177-4ad2-a65d-7f7144c91572/element/93d0145b-e0df-401f-94b9-940ffbc9d250/text' to command name 'getText'
[debug] &amp#27;[35m[WD Proxy]&amp#27;[39m Proxying [GET /wd/hub/session/76e47a38-5177-4ad2-a65d-7f7144c91572/element/93d0145b-e0df-401f-94b9-940ffbc9d250/text] to [GET http://127.0.0.1:8214/wd/hub/session/eb6bcb81-558c-47ef-b04b-d846692abd71/element/93d0145b-e0df-401f-94b9-940ffbc9d250/text] with no body
[debug] &amp#27;[35m[WD Proxy]&amp#27;[39m Got response with status 200: {"sessionId":"eb6bcb81-558c-47ef-b04b-d846692abd71","value":"$ 165.0"}
&amp#27;[35m[WD Proxy]&amp#27;[39m Replacing sessionId eb6bcb81-558c-47ef-b04b-d846692abd71 with 76e47a38-5177-4ad2-a65d-7f7144c91572
&amp#27;[35m[HTTP]&amp#27;[39m &amp#27;[37m<-- GET /wd/hub/session/76e47a38-5177-4ad2-a65d-7f7144c91572/element/93d0145b-e0df-401f-94b9-940ffbc9d250/text &amp#27;[39m&amp#27;[32m200&amp#27;[39m &amp#27;[90m18 ms - 70&amp#27;[39m
&amp#27;[35m[HTTP]&amp#27;[39m &amp#27;[90m&amp#27;[39m
Price 1$110.0   Price 2 $55.0    Total is $ 165.0
&amp#27;[35m[HTTP]&amp#27;[39m &amp#27;[37m-->&amp#27;[39m &amp#27;[37mPOST&amp#27;[39m &amp#27;[37m/wd/hub/session/76e47a38-5177-4ad2-a65d-7f7144c91572/appium/app/close&amp#27;[39m
&amp#27;[35m[HTTP]&amp#27;[39m &amp#27;[90m{}&amp#27;[39m
[debug] &amp#27;[35m[W3C (76e47a38)]&amp#27;[39m Calling AppiumDriver.closeApp() with args: ["76e47a38-5177-4ad2-a65d-7f7144c91572"]
[debug] &amp#27;[35m[ADB]&amp#27;[39m Running 'C:\Users\SARAVANAN R\AppData\Local\Android\Sdk\platform-tools\adb.exe -P 5037 -s emulator-5554 shell am force-stop com.androidsample.generalstore'
[debug] &amp#27;[35m[W3C (76e47a38)]&amp#27;[39m Responding to client with driver.closeApp() result: null
&amp#27;[35m[HTTP]&amp#27;[39m &amp#27;[37m<-- POST /wd/hub/session/76e47a38-5177-4ad2-a65d-7f7144c91572/appium/app/close &amp#27;[39m&amp#27;[32m200&amp#27;[39m &amp#27;[90m286 ms - 14&amp#27;[39m
&amp#27;[35m[HTTP]&amp#27;[39m &amp#27;[90m&amp#27;[39m
]]></system-out>
    <system-err><![CDATA[Aug 02, 2020 9:48:40 PM io.appium.java_client.remote.AppiumCommandExecutor$1 lambda$0
INFO: Detected dialect: W3C
]]></system-err>
  </testcase>
  <testcase name="TC002" classname="com.youtube.org.E2EUSTGLOBAL.MainTCYouTube" time="47.854">
    <system-out><![CDATA[THE TEST PASSSSSSSSSSSSSSSSSSSSSSSSSSSSSSSSSSTC001
&amp#27;[35m[Appium]&amp#27;[39m Welcome to Appium v1.18.0
&amp#27;[35m[Appium]&amp#27;[39m Appium REST http interface listener started on 0.0.0.0:4723
&amp#27;[35m[HTTP]&amp#27;[39m &amp#27;[37m-->&amp#27;[39m &amp#27;[37mGET&amp#27;[39m &amp#27;[37m/wd/hub/status&amp#27;[39m
&amp#27;[35m[HTTP]&amp#27;[39m &amp#27;[90m{}&amp#27;[39m
[debug] &amp#27;[35m[GENERIC]&amp#27;[39m Calling AppiumDriver.getStatus() with args: []
[debug] &amp#27;[35m[GENERIC]&amp#27;[39m Responding to client with driver.getStatus() result: {"build":{"version":"1.18.0"}}
&amp#27;[35m[HTTP]&amp#27;[39m &amp#27;[37m<-- GET /wd/hub/status &amp#27;[39m&amp#27;[32m200&amp#27;[39m &amp#27;[90m7 ms - 68&amp#27;[39m
&amp#27;[35m[HTTP]&amp#27;[39m &amp#27;[90m&amp#27;[39m
&amp#27;[35m[HTTP]&amp#27;[39m &amp#27;[37m-->&amp#27;[39m &amp#27;[37mPOST&amp#27;[39m &amp#27;[37m/wd/hub/session&amp#27;[39m
&amp#27;[35m[HTTP]&amp#27;[39m &amp#27;[90m{"desiredCapabilities":{"appActivity":"com.google.android.youtube.HomeActivity","appPackage":"com.google.android.youtube","platformName":"Android","deviceName":"SharonEmulator"},"capabilities":{"firstMatch":[{"appium:appActivity":"com.google.android.youtube.HomeActivity","appium:appPackage":"com.google.android.youtube","appium:deviceName":"SharonEmulator","platformName":"android"}]}}&amp#27;[39m
[debug] &amp#27;[35m[W3C]&amp#27;[39m Calling AppiumDriver.createSession() with args: [{"appActivity":"com.google.android.youtube.HomeActivity","appPackage":"com.google.android.youtube","platformName":"Android","deviceName":"SharonEmulator"},null,{"firstMatch":[{"appium:appActivity":"com.google.android.youtube.HomeActivity","appium:appPackage":"com.google.android.youtube","appium:deviceName":"SharonEmulator","platformName":"android"}]}]
[debug] &amp#27;[35m[BaseDriver]&amp#27;[39m Event 'newSessionRequested' logged at 1596385157744 (21:49:17 GMT+0530 (India Standard Time))
&amp#27;[35m[Appium]&amp#27;[39m 
&amp#27;[35m[Appium]&amp#27;[39m ======================================================================
&amp#27;[35m[Appium]&amp#27;[39m   DEPRECATION WARNING:
&amp#27;[35m[Appium]&amp#27;[39m 
&amp#27;[35m[Appium]&amp#27;[39m   The 'automationName' capability was not provided in the desired 
&amp#27;[35m[Appium]&amp#27;[39m   capabilities for this Android session
&amp#27;[35m[Appium]&amp#27;[39m 
&amp#27;[35m[Appium]&amp#27;[39m   Setting 'automationName=UiAutomator2' by default and using the 
&amp#27;[35m[Appium]&amp#27;[39m   UiAutomator2 Driver
&amp#27;[35m[Appium]&amp#27;[39m 
&amp#27;[35m[Appium]&amp#27;[39m   The next major version of Appium (2.x) will **require** the 
&amp#27;[35m[Appium]&amp#27;[39m   'automationName' capability to be set for all sessions on all 
&amp#27;[35m[Appium]&amp#27;[39m   platforms
&amp#27;[35m[Appium]&amp#27;[39m 
&amp#27;[35m[Appium]&amp#27;[39m   In previous versions (Appium <= 1.13.x), the default was 
&amp#27;[35m[Appium]&amp#27;[39m   'automationName=UiAutomator1'
&amp#27;[35m[Appium]&amp#27;[39m 
&amp#27;[35m[Appium]&amp#27;[39m   If you wish to use that automation instead of UiAutomator2, please 
&amp#27;[35m[Appium]&amp#27;[39m   add 'automationName=UiAutomator1' to your desired capabilities
&amp#27;[35m[Appium]&amp#27;[39m 
&amp#27;[35m[Appium]&amp#27;[39m   For more information about drivers, please visit 
&amp#27;[35m[Appium]&amp#27;[39m   http://appium.io/docs/en/about-appium/intro/ and explore the 
&amp#27;[35m[Appium]&amp#27;[39m   'Drivers' menu
&amp#27;[35m[Appium]&amp#27;[39m 
&amp#27;[35m[Appium]&amp#27;[39m ======================================================================
&amp#27;[35m[Appium]&amp#27;[39m 
&amp#27;[35m[Appium]&amp#27;[39m Appium v1.18.0 creating new AndroidUiautomator2Driver (v1.56.1) session
[debug] &amp#27;[35m[BaseDriver]&amp#27;[39m W3C capabilities and MJSONWP desired capabilities were provided
[debug] &amp#27;[35m[BaseDriver]&amp#27;[39m Creating session with W3C capabilities: {
[debug] &amp#27;[35m[BaseDriver]&amp#27;[39m   "alwaysMatch": {
[debug] &amp#27;[35m[BaseDriver]&amp#27;[39m     "platformName": "android",
[debug] &amp#27;[35m[BaseDriver]&amp#27;[39m     "appium:appActivity": "com.google.android.youtube.HomeActivity",
[debug] &amp#27;[35m[BaseDriver]&amp#27;[39m     "appium:appPackage": "com.google.android.youtube",
[debug] &amp#27;[35m[BaseDriver]&amp#27;[39m     "appium:deviceName": "SharonEmulator"
[debug] &amp#27;[35m[BaseDriver]&amp#27;[39m   },
[debug] &amp#27;[35m[BaseDriver]&amp#27;[39m   "firstMatch": [
[debug] &amp#27;[35m[BaseDriver]&amp#27;[39m     {}
[debug] &amp#27;[35m[BaseDriver]&amp#27;[39m   ]
[debug] &amp#27;[35m[BaseDriver]&amp#27;[39m }
&amp#27;[35m[BaseDriver]&amp#27;[39m Session created with session id: a0e56c84-50fc-4cf7-8e01-7d2b9769851b
&amp#27;[35m[UiAutomator2]&amp#27;[39m Starting 'com.google.android.youtube' directly on the device
&amp#27;[35m[ADB]&amp#27;[39m Found 5 'build-tools' folders under 'C:\Users\SARAVANAN R\AppData\Local\Android\Sdk' (newest first):
&amp#27;[35m[ADB]&amp#27;[39m     C:/Users/SARAVANAN R/AppData/Local/Android/Sdk/build-tools/30.0.0
&amp#27;[35m[ADB]&amp#27;[39m     C:/Users/SARAVANAN R/AppData/Local/Android/Sdk/build-tools/29.0.3
&amp#27;[35m[ADB]&amp#27;[39m     C:/Users/SARAVANAN R/AppData/Local/Android/Sdk/build-tools/29.0.0
&amp#27;[35m[ADB]&amp#27;[39m     C:/Users/SARAVANAN R/AppData/Local/Android/Sdk/build-tools/28.0.3
&amp#27;[35m[ADB]&amp#27;[39m     C:/Users/SARAVANAN R/AppData/Local/Android/Sdk/build-tools/26.0.2
&amp#27;[35m[ADB]&amp#27;[39m Using 'adb.exe' from 'C:\Users\SARAVANAN R\AppData\Local\Android\Sdk\platform-tools\adb.exe'
[debug] &amp#27;[35m[ADB]&amp#27;[39m Running 'C:\Users\SARAVANAN R\AppData\Local\Android\Sdk\platform-tools\adb.exe -P 5037 start-server'
&amp#27;[35m[AndroidDriver]&amp#27;[39m Retrieving device list
[debug] &amp#27;[35m[ADB]&amp#27;[39m Trying to find a connected android device
[debug] &amp#27;[35m[ADB]&amp#27;[39m Getting connected devices
[debug] &amp#27;[35m[ADB]&amp#27;[39m Connected devices: [{"udid":"emulator-5554","state":"device"}]
&amp#27;[35m[AndroidDriver]&amp#27;[39m Using device: emulator-5554
&amp#27;[35m[ADB]&amp#27;[39m Using 'adb.exe' from 'C:\Users\SARAVANAN R\AppData\Local\Android\Sdk\platform-tools\adb.exe'
[debug] &amp#27;[35m[ADB]&amp#27;[39m Running 'C:\Users\SARAVANAN R\AppData\Local\Android\Sdk\platform-tools\adb.exe -P 5037 start-server'
[debug] &amp#27;[35m[ADB]&amp#27;[39m Setting device id to emulator-5554
[debug] &amp#27;[35m[ADB]&amp#27;[39m Running 'C:\Users\SARAVANAN R\AppData\Local\Android\Sdk\platform-tools\adb.exe -P 5037 -s emulator-5554 shell getprop ro.build.version.sdk'
[debug] &amp#27;[35m[ADB]&amp#27;[39m Current device property 'ro.build.version.sdk': 28
&amp#27;[35m[ADB]&amp#27;[39m Getting device platform version
[debug] &amp#27;[35m[ADB]&amp#27;[39m Running 'C:\Users\SARAVANAN R\AppData\Local\Android\Sdk\platform-tools\adb.exe -P 5037 -s emulator-5554 shell getprop ro.build.version.release'
[debug] &amp#27;[35m[ADB]&amp#27;[39m Current device property 'ro.build.version.release': 9
[debug] &amp#27;[35m[ADB]&amp#27;[39m Device API level: 28
&amp#27;[35m[UiAutomator2]&amp#27;[39m Relaxing hidden api policy
[debug] &amp#27;[35m[ADB]&amp#27;[39m Running 'C:\Users\SARAVANAN R\AppData\Local\Android\Sdk\platform-tools\adb.exe -P 5037 -s emulator-5554 shell 'settings put global hidden_api_policy_pre_p_apps 1;settings put global hidden_api_policy_p_apps 1;settings put global hidden_api_policy 1''
&amp#27;[35m[AndroidDriver]&amp#27;[39m No app sent in, not parsing package/activity
[debug] &amp#27;[35m[ADB]&amp#27;[39m Running 'C:\Users\SARAVANAN R\AppData\Local\Android\Sdk\platform-tools\adb.exe -P 5037 -s emulator-5554 wait-for-device'
[debug] &amp#27;[35m[ADB]&amp#27;[39m Running 'C:\Users\SARAVANAN R\AppData\Local\Android\Sdk\platform-tools\adb.exe -P 5037 -s emulator-5554 shell echo ping'
[debug] &amp#27;[35m[AndroidDriver]&amp#27;[39m Pushing settings apk to device...
[debug] &amp#27;[35m[ADB]&amp#27;[39m Getting install status for io.appium.settings
[debug] &amp#27;[35m[ADB]&amp#27;[39m Running 'C:\Users\SARAVANAN R\AppData\Local\Android\Sdk\platform-tools\adb.exe -P 5037 -s emulator-5554 shell dumpsys package io.appium.settings'
[debug] &amp#27;[35m[ADB]&amp#27;[39m 'io.appium.settings' is installed
[debug] &amp#27;[35m[ADB]&amp#27;[39m Getting package info for 'io.appium.settings'
[debug] &amp#27;[35m[ADB]&amp#27;[39m Running 'C:\Users\SARAVANAN R\AppData\Local\Android\Sdk\platform-tools\adb.exe -P 5037 -s emulator-5554 shell dumpsys package io.appium.settings'
[debug] &amp#27;[35m[ADB]&amp#27;[39m The version name of the installed 'io.appium.settings' is greater or equal to the application version name ('3.2.0' >= '3.2.0')
[debug] &amp#27;[35m[ADB]&amp#27;[39m There is no need to install/upgrade 'C:\Users\SARAVANAN R\AppData\Roaming\npm\node_modules\appium\node_modules\io.appium.settings\apks\settings_apk-debug.apk'
[debug] &amp#27;[35m[ADB]&amp#27;[39m Getting IDs of all 'io.appium.settings' processes
[debug] &amp#27;[35m[ADB]&amp#27;[39m Running 'C:\Users\SARAVANAN R\AppData\Local\Android\Sdk\platform-tools\adb.exe -P 5037 -s emulator-5554 shell 'pgrep --help; echo $?''
[debug] &amp#27;[35m[ADB]&amp#27;[39m Running 'C:\Users\SARAVANAN R\AppData\Local\Android\Sdk\platform-tools\adb.exe -P 5037 -s emulator-5554 shell pgrep -f io\\.appium\\.settings'
[debug] &amp#27;[35m[AndroidDriver]&amp#27;[39m io.appium.settings is already running. There is no need to reset its permissions.
[debug] &amp#27;[35m[Logcat]&amp#27;[39m Starting logs capture with command: 'C:\\Users\\SARAVANAN R\\AppData\\Local\\Android\\Sdk\\platform-tools\\adb.exe' -P 5037 -s emulator-5554 logcat -v threadtime
[debug] &amp#27;[35m[UiAutomator2]&amp#27;[39m Forwarding UiAutomator2 Server port 6790 to 8215
[debug] &amp#27;[35m[ADB]&amp#27;[39m Forwarding system: 8215 to device: 6790
[debug] &amp#27;[35m[ADB]&amp#27;[39m Running 'C:\Users\SARAVANAN R\AppData\Local\Android\Sdk\platform-tools\adb.exe -P 5037 -s emulator-5554 forward tcp\:8215 tcp\:6790'
[debug] &amp#27;[35m[ADB]&amp#27;[39m Getting install status for io.appium.uiautomator2.server
[debug] &amp#27;[35m[ADB]&amp#27;[39m Running 'C:\Users\SARAVANAN R\AppData\Local\Android\Sdk\platform-tools\adb.exe -P 5037 -s emulator-5554 shell dumpsys package io.appium.uiautomator2.server'
[debug] &amp#27;[35m[ADB]&amp#27;[39m 'io.appium.uiautomator2.server' is installed
[debug] &amp#27;[35m[ADB]&amp#27;[39m Getting package info for 'io.appium.uiautomator2.server'
[debug] &amp#27;[35m[ADB]&amp#27;[39m Running 'C:\Users\SARAVANAN R\AppData\Local\Android\Sdk\platform-tools\adb.exe -P 5037 -s emulator-5554 shell dumpsys package io.appium.uiautomator2.server'
[debug] &amp#27;[35m[ADB]&amp#27;[39m The version name of the installed 'io.appium.uiautomator2.server' is greater or equal to the application version name ('4.11.0' >= '4.11.0')
[debug] &amp#27;[35m[UiAutomator2]&amp#27;[39m io.appium.uiautomator2.server installation state: sameVersionInstalled
[debug] &amp#27;[35m[ADB]&amp#27;[39m Checking app cert for C:\Users\SARAVANAN R\AppData\Roaming\npm\node_modules\appium\node_modules\appium-uiautomator2-server\apks\appium-uiautomator2-server-v4.11.0.apk
&amp#27;[35m[ADB]&amp#27;[39m Using 'apksigner.jar' from 'C:\Users\SARAVANAN R\AppData\Local\Android\Sdk\build-tools\30.0.0\lib\apksigner.jar'
[debug] &amp#27;[35m[ADB]&amp#27;[39m Starting apksigner: 'C:\\Program Files\\Java\\jdk1.8.0_212\\bin\\java.exe' -Xmx1024M -Xss1m -jar 'C:\\Users\\SARAVANAN R\\AppData\\Local\\Android\\Sdk\\build-tools\\30.0.0\\lib\\apksigner.jar' verify --print-certs 'C:\\Users\\SARAVANAN R\\AppData\\Roaming\\npm\\node_modules\\appium\\node_modules\\appium-uiautomator2-server\\apks\\appium-uiautomator2-server-v4.11.0.apk'
&amp#27;[35m[ADB]&amp#27;[39m Cannot use apksigner tool for signature verification. Original error: Command ''C:\\Program Files\\Java\\jdk1.8.0_212\\bin\\java.exe' -Xmx1024M -Xss1m -jar 'C:\\Users\\SARAVANAN R\\AppData\\Local\\Android\\Sdk\\build-tools\\30.0.0\\lib\\apksigner.jar' verify --print-certs 'C:\\Users\\SARAVANAN R\\AppData\\Roaming\\npm\\node_modules\\appium\\node_modules\\appium-uiautomator2-server\\apks\\appium-uiautomator2-server-v4.11.0.apk'' exited with code 1
[debug] &amp#27;[35m[ADB]&amp#27;[39m Defaulting to verify.jar
[debug] &amp#27;[35m[ADB]&amp#27;[39m 'C:\Users\SARAVANAN R\AppData\Roaming\npm\node_modules\appium\node_modules\appium-uiautomator2-server\apks\appium-uiautomator2-server-v4.11.0.apk' is signed with the default certificate
[debug] &amp#27;[35m[ADB]&amp#27;[39m Getting install status for io.appium.uiautomator2.server.test
[debug] &amp#27;[35m[ADB]&amp#27;[39m Running 'C:\Users\SARAVANAN R\AppData\Local\Android\Sdk\platform-tools\adb.exe -P 5037 -s emulator-5554 shell dumpsys package io.appium.uiautomator2.server.test'
[debug] &amp#27;[35m[ADB]&amp#27;[39m 'io.appium.uiautomator2.server.test' is installed
[debug] &amp#27;[35m[ADB]&amp#27;[39m Checking app cert for C:\Users\SARAVANAN R\AppData\Roaming\npm\node_modules\appium\node_modules\appium-uiautomator2-server\apks\appium-uiautomator2-server-debug-androidTest.apk
[debug] &amp#27;[35m[ADB]&amp#27;[39m Starting apksigner: 'C:\\Program Files\\Java\\jdk1.8.0_212\\bin\\java.exe' -Xmx1024M -Xss1m -jar 'C:\\Users\\SARAVANAN R\\AppData\\Local\\Android\\Sdk\\build-tools\\30.0.0\\lib\\apksigner.jar' verify --print-certs 'C:\\Users\\SARAVANAN R\\AppData\\Roaming\\npm\\node_modules\\appium\\node_modules\\appium-uiautomator2-server\\apks\\appium-uiautomator2-server-debug-androidTest.apk'
&amp#27;[35m[ADB]&amp#27;[39m Cannot use apksigner tool for signature verification. Original error: Command ''C:\\Program Files\\Java\\jdk1.8.0_212\\bin\\java.exe' -Xmx1024M -Xss1m -jar 'C:\\Users\\SARAVANAN R\\AppData\\Local\\Android\\Sdk\\build-tools\\30.0.0\\lib\\apksigner.jar' verify --print-certs 'C:\\Users\\SARAVANAN R\\AppData\\Roaming\\npm\\node_modules\\appium\\node_modules\\appium-uiautomator2-server\\apks\\appium-uiautomator2-server-debug-androidTest.apk'' exited with code 1
[debug] &amp#27;[35m[ADB]&amp#27;[39m Defaulting to verify.jar
[debug] &amp#27;[35m[ADB]&amp#27;[39m 'C:\Users\SARAVANAN R\AppData\Roaming\npm\node_modules\appium\node_modules\appium-uiautomator2-server\apks\appium-uiautomator2-server-debug-androidTest.apk' is signed with the default certificate
&amp#27;[35m[UiAutomator2]&amp#27;[39m Server packages are not going to be (re)installed
[debug] &amp#27;[35m[UiAutomator2]&amp#27;[39m Waiting up to 30000ms for services to be available
[debug] &amp#27;[35m[ADB]&amp#27;[39m Running 'C:\Users\SARAVANAN R\AppData\Local\Android\Sdk\platform-tools\adb.exe -P 5037 -s emulator-5554 shell pm list instrumentation'
[debug] &amp#27;[35m[UiAutomator2]&amp#27;[39m Instrumentation target 'io.appium.uiautomator2.server.test/androidx.test.runner.AndroidJUnitRunner' is available
[debug] &amp#27;[35m[UiAutomator2]&amp#27;[39m No app capability. Assuming it is already on the device
[debug] &amp#27;[35m[ADB]&amp#27;[39m Getting install status for com.google.android.youtube
[debug] &amp#27;[35m[ADB]&amp#27;[39m Running 'C:\Users\SARAVANAN R\AppData\Local\Android\Sdk\platform-tools\adb.exe -P 5037 -s emulator-5554 shell dumpsys package com.google.android.youtube'
[debug] &amp#27;[35m[ADB]&amp#27;[39m 'com.google.android.youtube' is installed
[debug] &amp#27;[35m[ADB]&amp#27;[39m Running 'C:\Users\SARAVANAN R\AppData\Local\Android\Sdk\platform-tools\adb.exe -P 5037 -s emulator-5554 shell am force-stop com.google.android.youtube'
[debug] &amp#27;[35m[ADB]&amp#27;[39m Running 'C:\Users\SARAVANAN R\AppData\Local\Android\Sdk\platform-tools\adb.exe -P 5037 -s emulator-5554 shell pm clear com.google.android.youtube'
[debug] &amp#27;[35m[AndroidDriver]&amp#27;[39m Performed fast reset on the installed 'com.google.android.youtube' application (stop and clear)
[debug] &amp#27;[35m[UiAutomator2]&amp#27;[39m Performing shallow cleanup of automation leftovers
[debug] &amp#27;[35m[UiAutomator2]&amp#27;[39m The following obsolete sessions are still running: [null]
[debug] &amp#27;[35m[UiAutomator2]&amp#27;[39m Cleaning up the obsolete sessions
[debug] &amp#27;[35m[ADB]&amp#27;[39m Running 'C:\Users\SARAVANAN R\AppData\Local\Android\Sdk\platform-tools\adb.exe -P 5037 -s emulator-5554 shell am force-stop io.appium.uiautomator2.server.test'
&amp#27;[35m[UiAutomator2]&amp#27;[39m Starting UIAutomator2 server 4.11.0
&amp#27;[35m[UiAutomator2]&amp#27;[39m Using UIAutomator2 server from 'C:\Users\SARAVANAN R\AppData\Roaming\npm\node_modules\appium\node_modules\appium-uiautomator2-server\apks\appium-uiautomator2-server-v4.11.0.apk' and test from 'C:\Users\SARAVANAN R\AppData\Roaming\npm\node_modules\appium\node_modules\appium-uiautomator2-server\apks\appium-uiautomator2-server-debug-androidTest.apk'
&amp#27;[35m[UiAutomator2]&amp#27;[39m Waiting up to 30000ms for UiAutomator2 to be online...
[debug] &amp#27;[35m[ADB]&amp#27;[39m Creating ADB subprocess with args: ["-P",5037,"-s","emulator-5554","shell","am","instrument","-w","io.appium.uiautomator2.server.test/androidx.test.runner.AndroidJUnitRunner"]
[debug] &amp#27;[35m[WD Proxy]&amp#27;[39m Matched '/status' to command name 'getStatus'
[debug] &amp#27;[35m[WD Proxy]&amp#27;[39m Proxying [GET /status] to [GET http://127.0.0.1:8215/wd/hub/status] with no body
&amp#27;[35m[WD Proxy]&amp#27;[39m socket hang up
[debug] &amp#27;[35m[Instrumentation]&amp#27;[39m io.appium.uiautomator2.server.test.AppiumUiAutomator2Server:
[debug] &amp#27;[35m[WD Proxy]&amp#27;[39m Matched '/status' to command name 'getStatus'
[debug] &amp#27;[35m[WD Proxy]&amp#27;[39m Proxying [GET /status] to [GET http://127.0.0.1:8215/wd/hub/status] with no body
&amp#27;[35m[WD Proxy]&amp#27;[39m socket hang up
[debug] &amp#27;[35m[WD Proxy]&amp#27;[39m Matched '/status' to command name 'getStatus'
[debug] &amp#27;[35m[WD Proxy]&amp#27;[39m Proxying [GET /status] to [GET http://127.0.0.1:8215/wd/hub/status] with no body
[debug] &amp#27;[35m[WD Proxy]&amp#27;[39m Got response with status 200: {"sessionId":"None","value":{"message":"UiAutomator2 Server is ready to accept commands","ready":true}}
[debug] &amp#27;[35m[UiAutomator2]&amp#27;[39m The initialization of the instrumentation process took 3328ms
[debug] &amp#27;[35m[WD Proxy]&amp#27;[39m Matched '/session' to command name 'createSession'
[debug] &amp#27;[35m[WD Proxy]&amp#27;[39m Proxying [POST /session] to [POST http://127.0.0.1:8215/wd/hub/session] with body: {"capabilities":{"firstMatch":[{"platform":"LINUX","webStorageEnabled":false,"takesScreenshot":true,"javascriptEnabled":true,"databaseEnabled":false,"networkConnectionEnabled":true,"locationContextEnabled":false,"warnings":{},"desired":{"platformName":"android","appActivity":"com.google.android.youtube.HomeActivity","appPackage":"com.google.android.youtube","deviceName":"SharonEmulator"},"platformName":"android","appActivity":"com.google.android.youtube.HomeActivity","appPackage":"com.google.android.youtube","deviceName":"emulator-5554","deviceUDID":"emulator-5554"}],"alwaysMatch":{}}}
[debug] &amp#27;[35m[WD Proxy]&amp#27;[39m Got response with status 200: {"sessionId":"6b09314e-84b5-4c2c-86b4-9df7574597e9","value":{"capabilities":{"firstMatch":[{"platform":"LINUX","webStorageEnabled":false,"takesScreenshot":true,"javascriptEnabled":true,"databaseEnabled":false,"networkConnectionEnabled":true,"locationContextEnabled":false,"warnings":{},"desired":{"platformName":"android","appActivity":"com.google.android.youtube.HomeActivity","appPackage":"com.google.android.youtube","deviceName":"SharonEmulator"},"platformName":"android","appActivity":"com.google.android.youtube.HomeActivity","appPackage":"com.google.android.youtube","deviceName":"emulator-5554","deviceUDID":"emulator-5554"}],"alwaysMatch":{}},"sessionId":"6b09314e-84b5-4c2c-86b4-9df7574597e9"}}
&amp#27;[35m[WD Proxy]&amp#27;[39m Determined the downstream protocol as 'W3C'
[debug] &amp#27;[35m[WD Proxy]&amp#27;[39m Proxying [GET /appium/device/info] to [GET http://127.0.0.1:8215/wd/hub/session/6b09314e-84b5-4c2c-86b4-9df7574597e9/appium/device/info] with no body
[debug] &amp#27;[35m[WD Proxy]&amp#27;[39m Got response with status 200: {"sessionId":"6b09314e-84b5-4c2c-86b4-9df7574597e9","value":{"androidId":"fd5e9698e96c8a2a","apiVersion":"28","bluetooth":null,"brand":"google","carrierName":"Android","displayDensity":420,"locale":"en_US","manufacturer":"Google","model":"Android SDK built for x86","networks":[{"capabilities":{"SSID":null,"linkDownBandwidthKbps":1048576,"linkUpstreamBandwidthKbps":1048576,"networkCapabilities":"NET_CAPABILITY_NOT_METERED,NET_CAPABILITY_INTERNET,NET_CAPABILITY_NOT_RESTRICTED,NET_CAPABILITY_TRUSTED,NET_CAPABILITY_NOT_VPN,NET_CAPABILITY_VALIDATED,NET_CAPABILITY_NOT_ROAMING,NET_CAPABILITY_FOREGROUND,NET_CAPABILITY_NOT_CONGESTED,NET_CAPABILITY_NOT_SUSPENDED","signalStrength":-50,"transportTypes":"TRANSPORT_WIFI"},"detailedState":"CONNECTED","extraInfo":null,"isAvailable":true,"isConnected":true,"isFailover":false,"isRoaming":false,"state":"CONNECTED","subtype":0,"subtypeName":"","type":1,"typeName":"WIFI"},{"capabilities":{"SSID":null,"linkDownBandwidthKbps":102400,"linkUpstreamBandwidthKbps":51200,"networkCapa...
[debug] &amp#27;[35m[ADB]&amp#27;[39m Running 'C:\Users\SARAVANAN R\AppData\Local\Android\Sdk\platform-tools\adb.exe -P 5037 -s emulator-5554 shell dumpsys window'
&amp#27;[35m[AndroidDriver]&amp#27;[39m Screen already unlocked, doing nothing
&amp#27;[35m[UiAutomator2]&amp#27;[39m Starting 'com.google.android.youtube/com.google.android.youtube.HomeActivity and waiting for 'com.google.android.youtube/com.google.android.youtube.HomeActivity'
[debug] &amp#27;[35m[ADB]&amp#27;[39m Running 'C:\Users\SARAVANAN R\AppData\Local\Android\Sdk\platform-tools\adb.exe -P 5037 -s emulator-5554 shell am start -W -n com.google.android.youtube/com.google.android.youtube.HomeActivity -S -a android.intent.action.MAIN -c android.intent.category.LAUNCHER -f 0x10200000'
[debug] &amp#27;[35m[WD Proxy]&amp#27;[39m Proxying [GET /appium/device/pixel_ratio] to [GET http://127.0.0.1:8215/wd/hub/session/6b09314e-84b5-4c2c-86b4-9df7574597e9/appium/device/pixel_ratio] with no body
[debug] &amp#27;[35m[WD Proxy]&amp#27;[39m Got response with status 200: {"sessionId":"6b09314e-84b5-4c2c-86b4-9df7574597e9","value":2.625}
[debug] &amp#27;[35m[WD Proxy]&amp#27;[39m Matched '/appium/device/system_bars' to command name 'getSystemBars'
[debug] &amp#27;[35m[WD Proxy]&amp#27;[39m Proxying [GET /appium/device/system_bars] to [GET http://127.0.0.1:8215/wd/hub/session/6b09314e-84b5-4c2c-86b4-9df7574597e9/appium/device/system_bars] with no body
[debug] &amp#27;[35m[WD Proxy]&amp#27;[39m Got response with status 200: {"sessionId":"6b09314e-84b5-4c2c-86b4-9df7574597e9","value":{"statusBar":63}}
[debug] &amp#27;[35m[WD Proxy]&amp#27;[39m Matched '/window/current/size' to command name 'getWindowSize'
[debug] &amp#27;[35m[WD Proxy]&amp#27;[39m Proxying [GET /window/current/size] to [GET http://127.0.0.1:8215/wd/hub/session/6b09314e-84b5-4c2c-86b4-9df7574597e9/window/current/size] with no body
[debug] &amp#27;[35m[WD Proxy]&amp#27;[39m Got response with status 200: {"sessionId":"6b09314e-84b5-4c2c-86b4-9df7574597e9","value":{"height":1794,"width":1080}}
&amp#27;[35m[Appium]&amp#27;[39m New AndroidUiautomator2Driver session created successfully, session a0e56c84-50fc-4cf7-8e01-7d2b9769851b added to master session list
[debug] &amp#27;[35m[BaseDriver]&amp#27;[39m Event 'newSessionStarted' logged at 1596385171602 (21:49:31 GMT+0530 (India Standard Time))
[debug] &amp#27;[35m[W3C (a0e56c84)]&amp#27;[39m Cached the protocol value 'W3C' for the new session a0e56c84-50fc-4cf7-8e01-7d2b9769851b
[debug] &amp#27;[35m[W3C (a0e56c84)]&amp#27;[39m Responding to client with driver.createSession() result: {"capabilities":{"platform":"LINUX","webStorageEnabled":false,"takesScreenshot":true,"javascriptEnabled":true,"databaseEnabled":false,"networkConnectionEnabled":true,"locationContextEnabled":false,"warnings":{},"desired":{"platformName":"android","appActivity":"com.google.android.youtube.HomeActivity","appPackage":"com.google.android.youtube","deviceName":"SharonEmulator"},"platformName":"android","appActivity":"com.google.android.youtube.HomeActivity","appPackage":"com.google.android.youtube","deviceName":"emulator-5554","deviceUDID":"emulator-5554","deviceApiLevel":28,"platformVersion":"9","deviceScreenSize":"1080x1920","deviceScreenDensity":420,"deviceModel":"Android SDK built for x86","deviceManufacturer":"Google","pixelRatio":2.625,"statBarHeight":63,"viewportRect":{"left":0,"top":63,"width":1080,"height":1731}}}
&amp#27;[35m[HTTP]&amp#27;[39m &amp#27;[37m<-- POST /wd/hub/session &amp#27;[39m&amp#27;[32m200&amp#27;[39m &amp#27;[90m13863 ms - 890&amp#27;[39m
&amp#27;[35m[HTTP]&amp#27;[39m &amp#27;[90m&amp#27;[39m
&amp#27;[35m[HTTP]&amp#27;[39m &amp#27;[37m-->&amp#27;[39m &amp#27;[37mPOST&amp#27;[39m &amp#27;[37m/wd/hub/session/a0e56c84-50fc-4cf7-8e01-7d2b9769851b/timeouts&amp#27;[39m
&amp#27;[35m[HTTP]&amp#27;[39m &amp#27;[90m{"implicit":10000}&amp#27;[39m
[debug] &amp#27;[35m[W3C (a0e56c84)]&amp#27;[39m Calling AppiumDriver.timeouts() with args: [null,null,null,null,10000,"a0e56c84-50fc-4cf7-8e01-7d2b9769851b"]
[debug] &amp#27;[35m[BaseDriver]&amp#27;[39m W3C timeout argument: {"implicit":10000}}
[debug] &amp#27;[35m[BaseDriver]&amp#27;[39m Set implicit wait to 10000ms
[debug] &amp#27;[35m[W3C (a0e56c84)]&amp#27;[39m Responding to client with driver.timeouts() result: null
&amp#27;[35m[HTTP]&amp#27;[39m &amp#27;[37m<-- POST /wd/hub/session/a0e56c84-50fc-4cf7-8e01-7d2b9769851b/timeouts &amp#27;[39m&amp#27;[32m200&amp#27;[39m &amp#27;[90m12 ms - 14&amp#27;[39m
&amp#27;[35m[HTTP]&amp#27;[39m &amp#27;[90m&amp#27;[39m
&amp#27;[35m[HTTP]&amp#27;[39m &amp#27;[37m-->&amp#27;[39m &amp#27;[37mGET&amp#27;[39m &amp#27;[37m/wd/hub/session/a0e56c84-50fc-4cf7-8e01-7d2b9769851b/context&amp#27;[39m
&amp#27;[35m[HTTP]&amp#27;[39m &amp#27;[90m{}&amp#27;[39m
[debug] &amp#27;[35m[W3C (a0e56c84)]&amp#27;[39m Calling AppiumDriver.getCurrentContext() with args: ["a0e56c84-50fc-4cf7-8e01-7d2b9769851b"]
[debug] &amp#27;[35m[W3C (a0e56c84)]&amp#27;[39m Responding to client with driver.getCurrentContext() result: "NATIVE_APP"
&amp#27;[35m[HTTP]&amp#27;[39m &amp#27;[37m<-- GET /wd/hub/session/a0e56c84-50fc-4cf7-8e01-7d2b9769851b/context &amp#27;[39m&amp#27;[32m200&amp#27;[39m &amp#27;[90m14 ms - 22&amp#27;[39m
&amp#27;[35m[HTTP]&amp#27;[39m &amp#27;[90m&amp#27;[39m
&amp#27;[35m[HTTP]&amp#27;[39m &amp#27;[37m-->&amp#27;[39m &amp#27;[37mPOST&amp#27;[39m &amp#27;[37m/wd/hub/session/a0e56c84-50fc-4cf7-8e01-7d2b9769851b/element&amp#27;[39m
&amp#27;[35m[HTTP]&amp#27;[39m &amp#27;[90m{"using":"id","value":"com.google.android.youtube:id/menu_item_1"}&amp#27;[39m
[debug] &amp#27;[35m[W3C (a0e56c84)]&amp#27;[39m Calling AppiumDriver.findElement() with args: ["id","com.google.android.youtube:id/menu_item_1","a0e56c84-50fc-4cf7-8e01-7d2b9769851b"]
[debug] &amp#27;[35m[BaseDriver]&amp#27;[39m Valid locator strategies for this request: xpath, id, class name, accessibility id, -android uiautomator
[debug] &amp#27;[35m[BaseDriver]&amp#27;[39m Waiting up to 10000 ms for condition
[debug] &amp#27;[35m[WD Proxy]&amp#27;[39m Matched '/element' to command name 'findElement'
[debug] &amp#27;[35m[WD Proxy]&amp#27;[39m Proxying [POST /element] to [POST http://127.0.0.1:8215/wd/hub/session/6b09314e-84b5-4c2c-86b4-9df7574597e9/element] with body: {"strategy":"id","selector":"com.google.android.youtube:id/menu_item_1","context":"","multiple":false}
&amp#27;[35m[WD Proxy]&amp#27;[39m Got response with status 404: {"sessionId":"6b09314e-84b5-4c2c-86b4-9df7574597e9","value":{"error":"no such element","message":"An element could not be located on the page using the given search parameters","stacktrace":"io.appium.uiautomator2.common.exceptions.ElementNotFoundException: An element could not be located on the page using the given search parameters\n\tat io.appium.uiautomator2.handler.FindElement.safeHandle(FindElement.java:73)\n\tat io.appium.uiautomator2.handler.request.SafeRequestHandler.handle(SafeRequestHandler.java:41)\n\tat io.appium.uiautomator2.server.AppiumServlet.handleRequest(AppiumServlet.java:257)\n\tat io.appium.uiautomator2.server.AppiumServlet.handleHttpRequest(AppiumServlet.java:247)\n\tat io.appium.uiautomator2.http.ServerHandler.channelRead(ServerHandler.java:50)\n\tat io.netty.channel.AbstractChannelHandlerContext.invokeChannelRead(AbstractChannelHandlerContext.java:366)\n\tat io.netty.channel.AbstractChannelHandlerContext.invokeChannelRead(AbstractChannelHandlerContext.java:352)\n\tat io.netty.chann...
[debug] &amp#27;[35m[W3C]&amp#27;[39m Matched W3C error code 'no such element' to NoSuchElementError
[debug] &amp#27;[35m[BaseDriver]&amp#27;[39m Waited for 1122 ms so far
[debug] &amp#27;[35m[WD Proxy]&amp#27;[39m Matched '/element' to command name 'findElement'
[debug] &amp#27;[35m[WD Proxy]&amp#27;[39m Proxying [POST /element] to [POST http://127.0.0.1:8215/wd/hub/session/6b09314e-84b5-4c2c-86b4-9df7574597e9/element] with body: {"strategy":"id","selector":"com.google.android.youtube:id/menu_item_1","context":"","multiple":false}
[debug] &amp#27;[35m[WD Proxy]&amp#27;[39m Got response with status 200: {"sessionId":"6b09314e-84b5-4c2c-86b4-9df7574597e9","value":{"ELEMENT":"9e34511a-f2a3-48ce-9615-f50904b5cead","element-6066-11e4-a52e-4f735466cecf":"9e34511a-f2a3-48ce-9615-f50904b5cead"}}
[debug] &amp#27;[35m[W3C (a0e56c84)]&amp#27;[39m Responding to client with driver.findElement() result: {"element-6066-11e4-a52e-4f735466cecf":"9e34511a-f2a3-48ce-9615-f50904b5cead","ELEMENT":"9e34511a-f2a3-48ce-9615-f50904b5cead"}
&amp#27;[35m[HTTP]&amp#27;[39m &amp#27;[37m<-- POST /wd/hub/session/a0e56c84-50fc-4cf7-8e01-7d2b9769851b/element &amp#27;[39m&amp#27;[32m200&amp#27;[39m &amp#27;[90m2836 ms - 137&amp#27;[39m
&amp#27;[35m[HTTP]&amp#27;[39m &amp#27;[90m&amp#27;[39m
&amp#27;[35m[HTTP]&amp#27;[39m &amp#27;[37m-->&amp#27;[39m &amp#27;[37mPOST&amp#27;[39m &amp#27;[37m/wd/hub/session/a0e56c84-50fc-4cf7-8e01-7d2b9769851b/element/9e34511a-f2a3-48ce-9615-f50904b5cead/click&amp#27;[39m
&amp#27;[35m[HTTP]&amp#27;[39m &amp#27;[90m{"id":"9e34511a-f2a3-48ce-9615-f50904b5cead"}&amp#27;[39m
[debug] &amp#27;[35m[W3C (a0e56c84)]&amp#27;[39m Calling AppiumDriver.click() with args: ["9e34511a-f2a3-48ce-9615-f50904b5cead","a0e56c84-50fc-4cf7-8e01-7d2b9769851b"]
[debug] &amp#27;[35m[WD Proxy]&amp#27;[39m Matched '/element/9e34511a-f2a3-48ce-9615-f50904b5cead/click' to command name 'click'
[debug] &amp#27;[35m[WD Proxy]&amp#27;[39m Proxying [POST /element/9e34511a-f2a3-48ce-9615-f50904b5cead/click] to [POST http://127.0.0.1:8215/wd/hub/session/6b09314e-84b5-4c2c-86b4-9df7574597e9/element/9e34511a-f2a3-48ce-9615-f50904b5cead/click] with body: {"element":"9e34511a-f2a3-48ce-9615-f50904b5cead"}
[debug] &amp#27;[35m[WD Proxy]&amp#27;[39m Got response with status 200: {"sessionId":"6b09314e-84b5-4c2c-86b4-9df7574597e9","value":null}
[debug] &amp#27;[35m[W3C (a0e56c84)]&amp#27;[39m Responding to client with driver.click() result: null
&amp#27;[35m[HTTP]&amp#27;[39m &amp#27;[37m<-- POST /wd/hub/session/a0e56c84-50fc-4cf7-8e01-7d2b9769851b/element/9e34511a-f2a3-48ce-9615-f50904b5cead/click &amp#27;[39m&amp#27;[32m200&amp#27;[39m &amp#27;[90m2497 ms - 14&amp#27;[39m
&amp#27;[35m[HTTP]&amp#27;[39m &amp#27;[90m&amp#27;[39m
&amp#27;[35m[HTTP]&amp#27;[39m &amp#27;[37m-->&amp#27;[39m &amp#27;[37mGET&amp#27;[39m &amp#27;[37m/wd/hub/session/a0e56c84-50fc-4cf7-8e01-7d2b9769851b/context&amp#27;[39m
&amp#27;[35m[HTTP]&amp#27;[39m &amp#27;[90m{}&amp#27;[39m
[debug] &amp#27;[35m[W3C (a0e56c84)]&amp#27;[39m Calling AppiumDriver.getCurrentContext() with args: ["a0e56c84-50fc-4cf7-8e01-7d2b9769851b"]
[debug] &amp#27;[35m[W3C (a0e56c84)]&amp#27;[39m Responding to client with driver.getCurrentContext() result: "NATIVE_APP"
&amp#27;[35m[HTTP]&amp#27;[39m &amp#27;[37m<-- GET /wd/hub/session/a0e56c84-50fc-4cf7-8e01-7d2b9769851b/context &amp#27;[39m&amp#27;[32m200&amp#27;[39m &amp#27;[90m1 ms - 22&amp#27;[39m
&amp#27;[35m[HTTP]&amp#27;[39m &amp#27;[90m&amp#27;[39m
&amp#27;[35m[HTTP]&amp#27;[39m &amp#27;[37m-->&amp#27;[39m &amp#27;[37mPOST&amp#27;[39m &amp#27;[37m/wd/hub/session/a0e56c84-50fc-4cf7-8e01-7d2b9769851b/element&amp#27;[39m
&amp#27;[35m[HTTP]&amp#27;[39m &amp#27;[90m{"using":"id","value":"com.google.android.youtube:id/search_edit_text"}&amp#27;[39m
[debug] &amp#27;[35m[W3C (a0e56c84)]&amp#27;[39m Calling AppiumDriver.findElement() with args: ["id","com.google.android.youtube:id/search_edit_text","a0e56c84-50fc-4cf7-8e01-7d2b9769851b"]
[debug] &amp#27;[35m[BaseDriver]&amp#27;[39m Valid locator strategies for this request: xpath, id, class name, accessibility id, -android uiautomator
[debug] &amp#27;[35m[BaseDriver]&amp#27;[39m Waiting up to 10000 ms for condition
[debug] &amp#27;[35m[WD Proxy]&amp#27;[39m Matched '/element' to command name 'findElement'
[debug] &amp#27;[35m[WD Proxy]&amp#27;[39m Proxying [POST /element] to [POST http://127.0.0.1:8215/wd/hub/session/6b09314e-84b5-4c2c-86b4-9df7574597e9/element] with body: {"strategy":"id","selector":"com.google.android.youtube:id/search_edit_text","context":"","multiple":false}
[debug] &amp#27;[35m[WD Proxy]&amp#27;[39m Got response with status 200: {"sessionId":"6b09314e-84b5-4c2c-86b4-9df7574597e9","value":{"ELEMENT":"d2ee770c-c48f-43cc-a2b0-cedc805a9d01","element-6066-11e4-a52e-4f735466cecf":"d2ee770c-c48f-43cc-a2b0-cedc805a9d01"}}
[debug] &amp#27;[35m[W3C (a0e56c84)]&amp#27;[39m Responding to client with driver.findElement() result: {"element-6066-11e4-a52e-4f735466cecf":"d2ee770c-c48f-43cc-a2b0-cedc805a9d01","ELEMENT":"d2ee770c-c48f-43cc-a2b0-cedc805a9d01"}
&amp#27;[35m[HTTP]&amp#27;[39m &amp#27;[37m<-- POST /wd/hub/session/a0e56c84-50fc-4cf7-8e01-7d2b9769851b/element &amp#27;[39m&amp#27;[32m200&amp#27;[39m &amp#27;[90m40 ms - 137&amp#27;[39m
&amp#27;[35m[HTTP]&amp#27;[39m &amp#27;[90m&amp#27;[39m
&amp#27;[35m[HTTP]&amp#27;[39m &amp#27;[37m-->&amp#27;[39m &amp#27;[37mPOST&amp#27;[39m &amp#27;[37m/wd/hub/session/a0e56c84-50fc-4cf7-8e01-7d2b9769851b/element/d2ee770c-c48f-43cc-a2b0-cedc805a9d01/value&amp#27;[39m
&amp#27;[35m[HTTP]&amp#27;[39m &amp#27;[90m{"id":"d2ee770c-c48f-43cc-a2b0-cedc805a9d01","text":"UST Global","value":["U","S","T"," ","G","l","o","b","a","l"]}&amp#27;[39m
[debug] &amp#27;[35m[W3C (a0e56c84)]&amp#27;[39m Calling AppiumDriver.setValue() with args: [["U","S","T"," ","G","l","o","b","a","l"],"d2ee770c-c48f-43cc-a2b0-cedc805a9d01","a0e56c84-50fc-4cf7-8e01-7d2b9769851b"]
[debug] &amp#27;[35m[WD Proxy]&amp#27;[39m Matched '/element/d2ee770c-c48f-43cc-a2b0-cedc805a9d01/value' to command name 'setValue'
[debug] &amp#27;[35m[Protocol Converter]&amp#27;[39m Added 'value' property ["U","S","T"," ","G","l","o","b","a","l"] to 'setValue' request body
[debug] &amp#27;[35m[WD Proxy]&amp#27;[39m Proxying [POST /element/d2ee770c-c48f-43cc-a2b0-cedc805a9d01/value] to [POST http://127.0.0.1:8215/wd/hub/session/6b09314e-84b5-4c2c-86b4-9df7574597e9/element/d2ee770c-c48f-43cc-a2b0-cedc805a9d01/value] with body: {"elementId":"d2ee770c-c48f-43cc-a2b0-cedc805a9d01","text":"UST Global","replace":false,"value":["U","S","T"," ","G","l","o","b","a","l"]}
[debug] &amp#27;[35m[WD Proxy]&amp#27;[39m Got response with status 200: {"sessionId":"6b09314e-84b5-4c2c-86b4-9df7574597e9","value":null}
[debug] &amp#27;[35m[W3C (a0e56c84)]&amp#27;[39m Responding to client with driver.setValue() result: null
&amp#27;[35m[HTTP]&amp#27;[39m &amp#27;[37m<-- POST /wd/hub/session/a0e56c84-50fc-4cf7-8e01-7d2b9769851b/element/d2ee770c-c48f-43cc-a2b0-cedc805a9d01/value &amp#27;[39m&amp#27;[32m200&amp#27;[39m &amp#27;[90m74 ms - 14&amp#27;[39m
&amp#27;[35m[HTTP]&amp#27;[39m &amp#27;[90m&amp#27;[39m
&amp#27;[35m[HTTP]&amp#27;[39m &amp#27;[37m-->&amp#27;[39m &amp#27;[37mGET&amp#27;[39m &amp#27;[37m/wd/hub/session/a0e56c84-50fc-4cf7-8e01-7d2b9769851b/context&amp#27;[39m
&amp#27;[35m[HTTP]&amp#27;[39m &amp#27;[90m{}&amp#27;[39m
[debug] &amp#27;[35m[W3C (a0e56c84)]&amp#27;[39m Calling AppiumDriver.getCurrentContext() with args: ["a0e56c84-50fc-4cf7-8e01-7d2b9769851b"]
[debug] &amp#27;[35m[W3C (a0e56c84)]&amp#27;[39m Responding to client with driver.getCurrentContext() result: "NATIVE_APP"
&amp#27;[35m[HTTP]&amp#27;[39m &amp#27;[37m<-- GET /wd/hub/session/a0e56c84-50fc-4cf7-8e01-7d2b9769851b/context &amp#27;[39m&amp#27;[32m200&amp#27;[39m &amp#27;[90m1 ms - 22&amp#27;[39m
&amp#27;[35m[HTTP]&amp#27;[39m &amp#27;[90m&amp#27;[39m
&amp#27;[35m[HTTP]&amp#27;[39m &amp#27;[37m-->&amp#27;[39m &amp#27;[37mPOST&amp#27;[39m &amp#27;[37m/wd/hub/session/a0e56c84-50fc-4cf7-8e01-7d2b9769851b/element&amp#27;[39m
&amp#27;[35m[HTTP]&amp#27;[39m &amp#27;[90m{"using":"xpath","value":"//android.widget.TextView[@text='ust global trivandrum']"}&amp#27;[39m
[debug] &amp#27;[35m[W3C (a0e56c84)]&amp#27;[39m Calling AppiumDriver.findElement() with args: ["xpath","//android.widget.TextView[@text='ust global trivandrum']","a0e56c84-50fc-4cf7-8e01-7d2b9769851b"]
[debug] &amp#27;[35m[BaseDriver]&amp#27;[39m Valid locator strategies for this request: xpath, id, class name, accessibility id, -android uiautomator
[debug] &amp#27;[35m[BaseDriver]&amp#27;[39m Waiting up to 10000 ms for condition
[debug] &amp#27;[35m[WD Proxy]&amp#27;[39m Matched '/element' to command name 'findElement'
[debug] &amp#27;[35m[WD Proxy]&amp#27;[39m Proxying [POST /element] to [POST http://127.0.0.1:8215/wd/hub/session/6b09314e-84b5-4c2c-86b4-9df7574597e9/element] with body: {"strategy":"xpath","selector":"//android.widget.TextView[@text='ust global trivandrum']","context":"","multiple":false}
[debug] &amp#27;[35m[WD Proxy]&amp#27;[39m Got response with status 200: {"sessionId":"6b09314e-84b5-4c2c-86b4-9df7574597e9","value":{"ELEMENT":"390c7b94-d273-4d38-815a-c2d616881141","element-6066-11e4-a52e-4f735466cecf":"390c7b94-d273-4d38-815a-c2d616881141"}}
[debug] &amp#27;[35m[W3C (a0e56c84)]&amp#27;[39m Responding to client with driver.findElement() result: {"element-6066-11e4-a52e-4f735466cecf":"390c7b94-d273-4d38-815a-c2d616881141","ELEMENT":"390c7b94-d273-4d38-815a-c2d616881141"}
&amp#27;[35m[HTTP]&amp#27;[39m &amp#27;[37m<-- POST /wd/hub/session/a0e56c84-50fc-4cf7-8e01-7d2b9769851b/element &amp#27;[39m&amp#27;[32m200&amp#27;[39m &amp#27;[90m475 ms - 137&amp#27;[39m
&amp#27;[35m[HTTP]&amp#27;[39m &amp#27;[90m&amp#27;[39m
&amp#27;[35m[HTTP]&amp#27;[39m &amp#27;[37m-->&amp#27;[39m &amp#27;[37mPOST&amp#27;[39m &amp#27;[37m/wd/hub/session/a0e56c84-50fc-4cf7-8e01-7d2b9769851b/element/390c7b94-d273-4d38-815a-c2d616881141/click&amp#27;[39m
&amp#27;[35m[HTTP]&amp#27;[39m &amp#27;[90m{"id":"390c7b94-d273-4d38-815a-c2d616881141"}&amp#27;[39m
[debug] &amp#27;[35m[W3C (a0e56c84)]&amp#27;[39m Calling AppiumDriver.click() with args: ["390c7b94-d273-4d38-815a-c2d616881141","a0e56c84-50fc-4cf7-8e01-7d2b9769851b"]
[debug] &amp#27;[35m[WD Proxy]&amp#27;[39m Matched '/element/390c7b94-d273-4d38-815a-c2d616881141/click' to command name 'click'
[debug] &amp#27;[35m[WD Proxy]&amp#27;[39m Proxying [POST /element/390c7b94-d273-4d38-815a-c2d616881141/click] to [POST http://127.0.0.1:8215/wd/hub/session/6b09314e-84b5-4c2c-86b4-9df7574597e9/element/390c7b94-d273-4d38-815a-c2d616881141/click] with body: {"element":"390c7b94-d273-4d38-815a-c2d616881141"}
[debug] &amp#27;[35m[WD Proxy]&amp#27;[39m Got response with status 200: {"sessionId":"6b09314e-84b5-4c2c-86b4-9df7574597e9","value":null}
[debug] &amp#27;[35m[W3C (a0e56c84)]&amp#27;[39m Responding to client with driver.click() result: null
&amp#27;[35m[HTTP]&amp#27;[39m &amp#27;[37m<-- POST /wd/hub/session/a0e56c84-50fc-4cf7-8e01-7d2b9769851b/element/390c7b94-d273-4d38-815a-c2d616881141/click &amp#27;[39m&amp#27;[32m200&amp#27;[39m &amp#27;[90m73 ms - 14&amp#27;[39m
&amp#27;[35m[HTTP]&amp#27;[39m &amp#27;[90m&amp#27;[39m
&amp#27;[35m[HTTP]&amp#27;[39m &amp#27;[37m-->&amp#27;[39m &amp#27;[37mGET&amp#27;[39m &amp#27;[37m/wd/hub/session/a0e56c84-50fc-4cf7-8e01-7d2b9769851b/context&amp#27;[39m
&amp#27;[35m[HTTP]&amp#27;[39m &amp#27;[90m{}&amp#27;[39m
[debug] &amp#27;[35m[W3C (a0e56c84)]&amp#27;[39m Calling AppiumDriver.getCurrentContext() with args: ["a0e56c84-50fc-4cf7-8e01-7d2b9769851b"]
[debug] &amp#27;[35m[W3C (a0e56c84)]&amp#27;[39m Responding to client with driver.getCurrentContext() result: "NATIVE_APP"
&amp#27;[35m[HTTP]&amp#27;[39m &amp#27;[37m<-- GET /wd/hub/session/a0e56c84-50fc-4cf7-8e01-7d2b9769851b/context &amp#27;[39m&amp#27;[32m200&amp#27;[39m &amp#27;[90m1 ms - 22&amp#27;[39m
&amp#27;[35m[HTTP]&amp#27;[39m &amp#27;[90m&amp#27;[39m
&amp#27;[35m[HTTP]&amp#27;[39m &amp#27;[37m-->&amp#27;[39m &amp#27;[37mPOST&amp#27;[39m &amp#27;[37m/wd/hub/session/a0e56c84-50fc-4cf7-8e01-7d2b9769851b/element&amp#27;[39m
&amp#27;[35m[HTTP]&amp#27;[39m &amp#27;[90m{"using":"xpath","value":"//android.view.ViewGroup[@index='0']"}&amp#27;[39m
[debug] &amp#27;[35m[W3C (a0e56c84)]&amp#27;[39m Calling AppiumDriver.findElement() with args: ["xpath","//android.view.ViewGroup[@index='0']","a0e56c84-50fc-4cf7-8e01-7d2b9769851b"]
[debug] &amp#27;[35m[BaseDriver]&amp#27;[39m Valid locator strategies for this request: xpath, id, class name, accessibility id, -android uiautomator
[debug] &amp#27;[35m[BaseDriver]&amp#27;[39m Waiting up to 10000 ms for condition
[debug] &amp#27;[35m[WD Proxy]&amp#27;[39m Matched '/element' to command name 'findElement'
[debug] &amp#27;[35m[WD Proxy]&amp#27;[39m Proxying [POST /element] to [POST http://127.0.0.1:8215/wd/hub/session/6b09314e-84b5-4c2c-86b4-9df7574597e9/element] with body: {"strategy":"xpath","selector":"//android.view.ViewGroup[@index='0']","context":"","multiple":false}
[debug] &amp#27;[35m[WD Proxy]&amp#27;[39m Got response with status 200: {"sessionId":"6b09314e-84b5-4c2c-86b4-9df7574597e9","value":{"ELEMENT":"c69993f4-26ae-4a1b-a227-1379d47a0e3e","element-6066-11e4-a52e-4f735466cecf":"c69993f4-26ae-4a1b-a227-1379d47a0e3e"}}
[debug] &amp#27;[35m[W3C (a0e56c84)]&amp#27;[39m Responding to client with driver.findElement() result: {"element-6066-11e4-a52e-4f735466cecf":"c69993f4-26ae-4a1b-a227-1379d47a0e3e","ELEMENT":"c69993f4-26ae-4a1b-a227-1379d47a0e3e"}
&amp#27;[35m[HTTP]&amp#27;[39m &amp#27;[37m<-- POST /wd/hub/session/a0e56c84-50fc-4cf7-8e01-7d2b9769851b/element &amp#27;[39m&amp#27;[32m200&amp#27;[39m &amp#27;[90m302 ms - 137&amp#27;[39m
&amp#27;[35m[HTTP]&amp#27;[39m &amp#27;[90m&amp#27;[39m
&amp#27;[35m[HTTP]&amp#27;[39m &amp#27;[37m-->&amp#27;[39m &amp#27;[37mPOST&amp#27;[39m &amp#27;[37m/wd/hub/session/a0e56c84-50fc-4cf7-8e01-7d2b9769851b/element/c69993f4-26ae-4a1b-a227-1379d47a0e3e/click&amp#27;[39m
&amp#27;[35m[HTTP]&amp#27;[39m &amp#27;[90m{"id":"c69993f4-26ae-4a1b-a227-1379d47a0e3e"}&amp#27;[39m
[debug] &amp#27;[35m[W3C (a0e56c84)]&amp#27;[39m Calling AppiumDriver.click() with args: ["c69993f4-26ae-4a1b-a227-1379d47a0e3e","a0e56c84-50fc-4cf7-8e01-7d2b9769851b"]
[debug] &amp#27;[35m[WD Proxy]&amp#27;[39m Matched '/element/c69993f4-26ae-4a1b-a227-1379d47a0e3e/click' to command name 'click'
[debug] &amp#27;[35m[WD Proxy]&amp#27;[39m Proxying [POST /element/c69993f4-26ae-4a1b-a227-1379d47a0e3e/click] to [POST http://127.0.0.1:8215/wd/hub/session/6b09314e-84b5-4c2c-86b4-9df7574597e9/element/c69993f4-26ae-4a1b-a227-1379d47a0e3e/click] with body: {"element":"c69993f4-26ae-4a1b-a227-1379d47a0e3e"}
[debug] &amp#27;[35m[WD Proxy]&amp#27;[39m Got response with status 200: {"sessionId":"6b09314e-84b5-4c2c-86b4-9df7574597e9","value":null}
[debug] &amp#27;[35m[W3C (a0e56c84)]&amp#27;[39m Responding to client with driver.click() result: null
&amp#27;[35m[HTTP]&amp#27;[39m &amp#27;[37m<-- POST /wd/hub/session/a0e56c84-50fc-4cf7-8e01-7d2b9769851b/element/c69993f4-26ae-4a1b-a227-1379d47a0e3e/click &amp#27;[39m&amp#27;[32m200&amp#27;[39m &amp#27;[90m36 ms - 14&amp#27;[39m
&amp#27;[35m[HTTP]&amp#27;[39m &amp#27;[90m&amp#27;[39m
&amp#27;[35m[HTTP]&amp#27;[39m &amp#27;[37m-->&amp#27;[39m &amp#27;[37mPOST&amp#27;[39m &amp#27;[37m/wd/hub/session/a0e56c84-50fc-4cf7-8e01-7d2b9769851b/appium/app/close&amp#27;[39m
&amp#27;[35m[HTTP]&amp#27;[39m &amp#27;[90m{}&amp#27;[39m
[debug] &amp#27;[35m[W3C (a0e56c84)]&amp#27;[39m Calling AppiumDriver.closeApp() with args: ["a0e56c84-50fc-4cf7-8e01-7d2b9769851b"]
[debug] &amp#27;[35m[ADB]&amp#27;[39m Running 'C:\Users\SARAVANAN R\AppData\Local\Android\Sdk\platform-tools\adb.exe -P 5037 -s emulator-5554 shell am force-stop com.google.android.youtube'
[debug] &amp#27;[35m[W3C (a0e56c84)]&amp#27;[39m Responding to client with driver.closeApp() result: null
&amp#27;[35m[HTTP]&amp#27;[39m &amp#27;[37m<-- POST /wd/hub/session/a0e56c84-50fc-4cf7-8e01-7d2b9769851b/appium/app/close &amp#27;[39m&amp#27;[32m200&amp#27;[39m &amp#27;[90m233 ms - 14&amp#27;[39m
&amp#27;[35m[HTTP]&amp#27;[39m &amp#27;[90m&amp#27;[39m
]]></system-out>
    <system-err><![CDATA[Aug 02, 2020 9:49:31 PM io.appium.java_client.remote.AppiumCommandExecutor$1 lambda$0
INFO: Detected dialect: W3C
]]></system-err>
  </testcase>
</testsuite>