<?xml version="1.0" encoding="UTF-8"?>
<!-- Generated by org.testng.reporters.JUnitReportReporter -->
<testsuite skipped="0" hostname="SARAVANANR" name="com.ustpom.demo.ustpomdemo.MainTC" tests="1" failures="0" timestamp="2020-07-25T21:50:55 IST" time="34.200" errors="0">
  <testcase name="MainTC001" time="34.200" classname="com.ustpom.demo.ustpomdemo.MainTC"/>
  <system-out/>
</testsuite> <!-- com.ustpom.demo.ustpomdemo.MainTC -->
