<?xml version="1.0" encoding="UTF-8"?>
<!-- Generated by org.testng.reporters.JUnitReportReporter -->
<testsuite skipped="0" hostname="SARAVANANR" name="com.youtube.org.E2EUSTGLOBAL.MainTCYouTube" tests="1" failures="0" timestamp="2020-08-02T20:35:59 IST" time="47.030" errors="0">
  <testcase name="TC002" time="47.030" classname="com.youtube.org.E2EUSTGLOBAL.MainTCYouTube"/>
  <system-out/>
</testsuite> <!-- com.youtube.org.E2EUSTGLOBAL.MainTCYouTube -->
