<?xml version="1.0" encoding="UTF-8"?>
<!-- Generated by org.testng.reporters.JUnitReportReporter -->
<testsuite skipped="0" hostname="SARAVANANR" name="com.youtube.org.E2EUSTGLOBAL.MainTCEcommerce" tests="1" failures="0" timestamp="2020-08-02T20:35:59 IST" time="56.625" errors="0">
  <testcase name="TC001" time="56.625" classname="com.youtube.org.E2EUSTGLOBAL.MainTCEcommerce"/>
  <system-out/>
</testsuite> <!-- com.youtube.org.E2EUSTGLOBAL.MainTCEcommerce -->
