<?xml version="1.0" encoding="UTF-8"?>
<!-- Generated by org.testng.reporters.JUnitReportReporter -->
<testsuite skipped="0" hostname="SARAVANANR" name="com.ust.org.ustmavendemo.FaceBookTC1" tests="1" failures="0" timestamp="2020-07-25T20:59:58 IST" time="16.152" errors="0">
  <testcase name="FACEBOOKTC1" time="16.152" classname="com.ust.org.ustmavendemo.FaceBookTC1"/>
  <system-out/>
</testsuite> <!-- com.ust.org.ustmavendemo.FaceBookTC1 -->
