<?xml version="1.0" encoding="UTF-8"?>
<!-- Generated by org.testng.reporters.JUnitReportReporter -->
<testsuite skipped="0" hostname="SARAVANANR" name="com.ust.org.ustmavendemo.MakeMyTripTC1" tests="1" failures="0" timestamp="2020-07-25T20:59:01 IST" time="14.228" errors="0">
  <testcase name="MAKEMYTRIPTC001" time="14.228" classname="com.ust.org.ustmavendemo.MakeMyTripTC1"/>
  <system-out/>
</testsuite> <!-- com.ust.org.ustmavendemo.MakeMyTripTC1 -->
