<?xml version="1.0" encoding="UTF-8"?>
<!-- Generated by org.testng.reporters.JUnitReportReporter -->
<testsuite skipped="0" hostname="SARAVANANR" name="com.ust.org.ustmavendemo.GoogleTC1" tests="1" failures="0" timestamp="2020-07-25T20:59:58 IST" time="7.618" errors="0">
  <testcase name="GOOGLETC001" time="7.618" classname="com.ust.org.ustmavendemo.GoogleTC1"/>
  <system-out/>
</testsuite> <!-- com.ust.org.ustmavendemo.GoogleTC1 -->
