<?xml version="1.0" encoding="UTF-8"?>
<!-- Generated by org.testng.reporters.JUnitReportReporter -->
<testsuite skipped="0" hostname="SARAVANANR" name="FaceBookTC1" tests="1" failures="0" timestamp="2020-07-25T19:33:19 IST" time="16.068" errors="0">
  <testcase name="FACEBOOKTC1" time="16.068" classname="FaceBookTC1"/>
  <system-out/>
</testsuite> <!-- FaceBookTC1 -->
