<?xml version="1.0" encoding="UTF-8"?>
<!-- Generated by org.testng.reporters.JUnitReportReporter -->
<testsuite skipped="0" hostname="SARAVANANR" name="MakeMyTripTC1" tests="1" failures="0" timestamp="2020-07-25T19:33:19 IST" time="12.893" errors="0">
  <testcase name="MAKEMYTRIPTC001" time="12.893" classname="MakeMyTripTC1"/>
  <system-out/>
</testsuite> <!-- MakeMyTripTC1 -->
