<?xml version="1.0" encoding="UTF-8"?>
<!-- Generated by org.testng.reporters.JUnitReportReporter -->
<testsuite skipped="0" hostname="SARAVANANR" name="GoogleTC1" tests="1" failures="0" timestamp="2020-07-25T19:33:19 IST" time="5.638" errors="0">
  <testcase name="GOOGLETC001" time="5.638" classname="GoogleTC1"/>
  <system-out/>
</testsuite> <!-- GoogleTC1 -->
