<?xml version="1.0" encoding="UTF-8"?>
<!-- Generated by org.testng.reporters.JUnitReportReporter -->
<testsuite skipped="0" hostname="SARAVANANR" name="TestNGDemo1" tests="1" failures="0" timestamp="2020-07-19T22:24:39 IST" time="32.014" errors="0">
  <testcase name="Clock" time="32.014" classname="TestNGDemo1"/>
  <system-out/>
</testsuite> <!-- TestNGDemo1 -->
